{"/home/whoami/frontend/commerce-projects/df_boilerplate_ex/src/styleguide/templates/DiffClosedCardsPage/DiffClosedCardsPage.jsx": {"path":"/home/whoami/frontend/commerce-projects/df_boilerplate_ex/src/styleguide/templates/DiffClosedCardsPage/DiffClosedCardsPage.jsx","statementMap":{"0":{"start":{"line":17,"column":35},"end":{"line":470,"column":1}},"1":{"start":{"line":18,"column":17},"end":{"line":34,"column":2}},"2":{"start":{"line":36,"column":14},"end":{"line":349,"column":2}},"3":{"start":{"line":351,"column":19},"end":{"line":375,"column":3}},"4":{"start":{"line":377,"column":1},"end":{"line":469,"column":3}}},"fnMap":{"0":{"name":"(anonymous_0)","decl":{"start":{"line":17,"column":35},"end":{"line":17,"column":36}},"loc":{"start":{"line":17,"column":61},"end":{"line":470,"column":1}},"line":17},"1":{"name":"(anonymous_1)","decl":{"start":{"line":22,"column":12},"end":{"line":22,"column":13}},"loc":{"start":{"line":22,"column":18},"end":{"line":22,"column":20}},"line":22},"2":{"name":"(anonymous_2)","decl":{"start":{"line":27,"column":12},"end":{"line":27,"column":13}},"loc":{"start":{"line":27,"column":18},"end":{"line":27,"column":20}},"line":27},"3":{"name":"(anonymous_3)","decl":{"start":{"line":32,"column":12},"end":{"line":32,"column":13}},"loc":{"start":{"line":32,"column":18},"end":{"line":32,"column":20}},"line":32}},"branchMap":{},"s":{"0":1,"1":4,"2":4,"3":4,"4":4},"f":{"0":4,"1":0,"2":0,"3":0},"b":{},"_coverageSchema":"1a1c01bbd47fc00a2c39e90264f33305004495a9","hash":"c08375a590e5f1c1da9a61d951aa18d59b09cee5"}
,"/home/whoami/frontend/commerce-projects/df_boilerplate_ex/src/styleguide/templates/DiffOpenedCardsPage/DiffOpenedCardsPage.jsx": {"path":"/home/whoami/frontend/commerce-projects/df_boilerplate_ex/src/styleguide/templates/DiffOpenedCardsPage/DiffOpenedCardsPage.jsx","statementMap":{"0":{"start":{"line":14,"column":35},"end":{"line":68,"column":1}},"1":{"start":{"line":15,"column":17},"end":{"line":31,"column":2}},"2":{"start":{"line":33,"column":22},"end":{"line":47,"column":2}},"3":{"start":{"line":49,"column":1},"end":{"line":67,"column":3}}},"fnMap":{"0":{"name":"(anonymous_0)","decl":{"start":{"line":14,"column":35},"end":{"line":14,"column":36}},"loc":{"start":{"line":14,"column":61},"end":{"line":68,"column":1}},"line":14},"1":{"name":"(anonymous_1)","decl":{"start":{"line":19,"column":12},"end":{"line":19,"column":13}},"loc":{"start":{"line":19,"column":18},"end":{"line":19,"column":20}},"line":19},"2":{"name":"(anonymous_2)","decl":{"start":{"line":24,"column":12},"end":{"line":24,"column":13}},"loc":{"start":{"line":24,"column":18},"end":{"line":24,"column":20}},"line":24},"3":{"name":"(anonymous_3)","decl":{"start":{"line":29,"column":12},"end":{"line":29,"column":13}},"loc":{"start":{"line":29,"column":18},"end":{"line":29,"column":20}},"line":29}},"branchMap":{},"s":{"0":1,"1":4,"2":4,"3":4},"f":{"0":4,"1":0,"2":0,"3":0},"b":{},"_coverageSchema":"1a1c01bbd47fc00a2c39e90264f33305004495a9","hash":"0e483f6eb1d65816bf0479660dfbf4071d4340ff"}
,"/home/whoami/frontend/commerce-projects/df_boilerplate_ex/src/styleguide/templates/FiltersClosedPage/FiltersClosedPage.jsx": {"path":"/home/whoami/frontend/commerce-projects/df_boilerplate_ex/src/styleguide/templates/FiltersClosedPage/FiltersClosedPage.jsx","statementMap":{"0":{"start":{"line":12,"column":33},"end":{"line":219,"column":1}},"1":{"start":{"line":13,"column":17},"end":{"line":29,"column":2}},"2":{"start":{"line":31,"column":14},"end":{"line":176,"column":2}},"3":{"start":{"line":178,"column":19},"end":{"line":202,"column":3}},"4":{"start":{"line":204,"column":1},"end":{"line":218,"column":3}}},"fnMap":{"0":{"name":"(anonymous_0)","decl":{"start":{"line":12,"column":33},"end":{"line":12,"column":34}},"loc":{"start":{"line":12,"column":59},"end":{"line":219,"column":1}},"line":12},"1":{"name":"(anonymous_1)","decl":{"start":{"line":17,"column":12},"end":{"line":17,"column":13}},"loc":{"start":{"line":17,"column":18},"end":{"line":17,"column":20}},"line":17},"2":{"name":"(anonymous_2)","decl":{"start":{"line":22,"column":12},"end":{"line":22,"column":13}},"loc":{"start":{"line":22,"column":18},"end":{"line":22,"column":20}},"line":22},"3":{"name":"(anonymous_3)","decl":{"start":{"line":27,"column":12},"end":{"line":27,"column":13}},"loc":{"start":{"line":27,"column":18},"end":{"line":27,"column":20}},"line":27}},"branchMap":{},"s":{"0":1,"1":4,"2":4,"3":4,"4":4},"f":{"0":4,"1":0,"2":0,"3":0},"b":{},"_coverageSchema":"1a1c01bbd47fc00a2c39e90264f33305004495a9","hash":"088ceaab4e51e38d62135c5cd062af6a4db67735"}
,"/home/whoami/frontend/commerce-projects/df_boilerplate_ex/src/styleguide/templates/FiltersClosedPreviewPage/FiltersClosedPreviewPage.jsx": {"path":"/home/whoami/frontend/commerce-projects/df_boilerplate_ex/src/styleguide/templates/FiltersClosedPreviewPage/FiltersClosedPreviewPage.jsx","statementMap":{"0":{"start":{"line":16,"column":40},"end":{"line":422,"column":1}},"1":{"start":{"line":17,"column":17},"end":{"line":33,"column":2}},"2":{"start":{"line":35,"column":14},"end":{"line":348,"column":2}},"3":{"start":{"line":350,"column":19},"end":{"line":374,"column":3}},"4":{"start":{"line":376,"column":1},"end":{"line":421,"column":3}}},"fnMap":{"0":{"name":"(anonymous_0)","decl":{"start":{"line":16,"column":40},"end":{"line":16,"column":41}},"loc":{"start":{"line":16,"column":66},"end":{"line":422,"column":1}},"line":16},"1":{"name":"(anonymous_1)","decl":{"start":{"line":21,"column":12},"end":{"line":21,"column":13}},"loc":{"start":{"line":21,"column":18},"end":{"line":21,"column":20}},"line":21},"2":{"name":"(anonymous_2)","decl":{"start":{"line":26,"column":12},"end":{"line":26,"column":13}},"loc":{"start":{"line":26,"column":18},"end":{"line":26,"column":20}},"line":26},"3":{"name":"(anonymous_3)","decl":{"start":{"line":31,"column":12},"end":{"line":31,"column":13}},"loc":{"start":{"line":31,"column":18},"end":{"line":31,"column":20}},"line":31}},"branchMap":{},"s":{"0":1,"1":4,"2":4,"3":4,"4":4},"f":{"0":4,"1":0,"2":0,"3":0},"b":{},"_coverageSchema":"1a1c01bbd47fc00a2c39e90264f33305004495a9","hash":"90e83566ad5a73daf2eba46f4fca3680170bf202"}
,"/home/whoami/frontend/commerce-projects/df_boilerplate_ex/src/styleguide/templates/FiltersOpenedPage/FiltersOpenedPage.jsx": {"path":"/home/whoami/frontend/commerce-projects/df_boilerplate_ex/src/styleguide/templates/FiltersOpenedPage/FiltersOpenedPage.jsx","statementMap":{"0":{"start":{"line":10,"column":33},"end":{"line":52,"column":1}},"1":{"start":{"line":11,"column":17},"end":{"line":27,"column":2}},"2":{"start":{"line":29,"column":19},"end":{"line":43,"column":3}},"3":{"start":{"line":45,"column":1},"end":{"line":51,"column":3}}},"fnMap":{"0":{"name":"(anonymous_0)","decl":{"start":{"line":10,"column":33},"end":{"line":10,"column":34}},"loc":{"start":{"line":10,"column":51},"end":{"line":52,"column":1}},"line":10},"1":{"name":"(anonymous_1)","decl":{"start":{"line":15,"column":12},"end":{"line":15,"column":13}},"loc":{"start":{"line":15,"column":18},"end":{"line":15,"column":20}},"line":15},"2":{"name":"(anonymous_2)","decl":{"start":{"line":20,"column":12},"end":{"line":20,"column":13}},"loc":{"start":{"line":20,"column":18},"end":{"line":20,"column":20}},"line":20},"3":{"name":"(anonymous_3)","decl":{"start":{"line":25,"column":12},"end":{"line":25,"column":13}},"loc":{"start":{"line":25,"column":18},"end":{"line":25,"column":20}},"line":25}},"branchMap":{},"s":{"0":1,"1":4,"2":4,"3":4},"f":{"0":4,"1":0,"2":0,"3":0},"b":{},"_coverageSchema":"1a1c01bbd47fc00a2c39e90264f33305004495a9","hash":"57756461e6449d34e7041a0ac8b6edebb4b13ee8"}
,"/home/whoami/frontend/commerce-projects/df_boilerplate_ex/src/styleguide/templates/HomePage/HomePage.jsx": {"path":"/home/whoami/frontend/commerce-projects/df_boilerplate_ex/src/styleguide/templates/HomePage/HomePage.jsx","statementMap":{"0":{"start":{"line":6,"column":24},"end":{"line":35,"column":1}},"1":{"start":{"line":7,"column":17},"end":{"line":23,"column":2}},"2":{"start":{"line":25,"column":1},"end":{"line":34,"column":3}}},"fnMap":{"0":{"name":"(anonymous_0)","decl":{"start":{"line":6,"column":24},"end":{"line":6,"column":25}},"loc":{"start":{"line":6,"column":42},"end":{"line":35,"column":1}},"line":6},"1":{"name":"(anonymous_1)","decl":{"start":{"line":11,"column":12},"end":{"line":11,"column":13}},"loc":{"start":{"line":11,"column":18},"end":{"line":11,"column":20}},"line":11},"2":{"name":"(anonymous_2)","decl":{"start":{"line":16,"column":12},"end":{"line":16,"column":13}},"loc":{"start":{"line":16,"column":18},"end":{"line":16,"column":20}},"line":16},"3":{"name":"(anonymous_3)","decl":{"start":{"line":21,"column":12},"end":{"line":21,"column":13}},"loc":{"start":{"line":21,"column":18},"end":{"line":21,"column":20}},"line":21}},"branchMap":{},"s":{"0":1,"1":4,"2":4},"f":{"0":4,"1":0,"2":0,"3":0},"b":{},"_coverageSchema":"1a1c01bbd47fc00a2c39e90264f33305004495a9","hash":"dee12337f860b60992a4752521c26db5e000eace"}
,"/home/whoami/frontend/commerce-projects/df_boilerplate_ex/src/styleguide/templates/OrderPage/OrderPage.jsx": {"path":"/home/whoami/frontend/commerce-projects/df_boilerplate_ex/src/styleguide/templates/OrderPage/OrderPage.jsx","statementMap":{"0":{"start":{"line":16,"column":25},"end":{"line":146,"column":1}},"1":{"start":{"line":17,"column":17},"end":{"line":33,"column":2}},"2":{"start":{"line":35,"column":17},"end":{"line":60,"column":2}},"3":{"start":{"line":62,"column":15},"end":{"line":139,"column":2}},"4":{"start":{"line":141,"column":1},"end":{"line":145,"column":3}}},"fnMap":{"0":{"name":"(anonymous_0)","decl":{"start":{"line":16,"column":25},"end":{"line":16,"column":26}},"loc":{"start":{"line":16,"column":51},"end":{"line":146,"column":1}},"line":16},"1":{"name":"(anonymous_1)","decl":{"start":{"line":21,"column":12},"end":{"line":21,"column":13}},"loc":{"start":{"line":21,"column":18},"end":{"line":21,"column":20}},"line":21},"2":{"name":"(anonymous_2)","decl":{"start":{"line":26,"column":12},"end":{"line":26,"column":13}},"loc":{"start":{"line":26,"column":18},"end":{"line":26,"column":20}},"line":26},"3":{"name":"(anonymous_3)","decl":{"start":{"line":31,"column":12},"end":{"line":31,"column":13}},"loc":{"start":{"line":31,"column":18},"end":{"line":31,"column":20}},"line":31}},"branchMap":{},"s":{"0":1,"1":4,"2":4,"3":4,"4":4},"f":{"0":4,"1":0,"2":0,"3":0},"b":{},"_coverageSchema":"1a1c01bbd47fc00a2c39e90264f33305004495a9","hash":"af2fa97c03c4d5ac96eb232753fb39fcf72f9160"}
,"/home/whoami/frontend/commerce-projects/df_boilerplate_ex/src/styleguide/templates/TimeWidgetsPage/TimeWidgetsPage.jsx": {"path":"/home/whoami/frontend/commerce-projects/df_boilerplate_ex/src/styleguide/templates/TimeWidgetsPage/TimeWidgetsPage.jsx","statementMap":{"0":{"start":{"line":6,"column":31},"end":{"line":30,"column":1}},"1":{"start":{"line":7,"column":17},"end":{"line":23,"column":2}},"2":{"start":{"line":25,"column":1},"end":{"line":29,"column":3}}},"fnMap":{"0":{"name":"(anonymous_0)","decl":{"start":{"line":6,"column":31},"end":{"line":6,"column":32}},"loc":{"start":{"line":6,"column":57},"end":{"line":30,"column":1}},"line":6},"1":{"name":"(anonymous_1)","decl":{"start":{"line":11,"column":12},"end":{"line":11,"column":13}},"loc":{"start":{"line":11,"column":18},"end":{"line":11,"column":20}},"line":11},"2":{"name":"(anonymous_2)","decl":{"start":{"line":16,"column":12},"end":{"line":16,"column":13}},"loc":{"start":{"line":16,"column":18},"end":{"line":16,"column":20}},"line":16},"3":{"name":"(anonymous_3)","decl":{"start":{"line":21,"column":12},"end":{"line":21,"column":13}},"loc":{"start":{"line":21,"column":18},"end":{"line":21,"column":20}},"line":21}},"branchMap":{},"s":{"0":1,"1":4,"2":4},"f":{"0":4,"1":0,"2":0,"3":0},"b":{},"_coverageSchema":"1a1c01bbd47fc00a2c39e90264f33305004495a9","hash":"79539b0e1f831790d7495f56db88ddc8a07051fe"}
,"/home/whoami/frontend/commerce-projects/df_boilerplate_ex/src/styleguide/templates/WelcomePages/WelcomePage1/WelcomePage1.jsx": {"path":"/home/whoami/frontend/commerce-projects/df_boilerplate_ex/src/styleguide/templates/WelcomePages/WelcomePage1/WelcomePage1.jsx","statementMap":{"0":{"start":{"line":15,"column":28},"end":{"line":46,"column":1}},"1":{"start":{"line":18,"column":17},"end":{"line":34,"column":2}},"2":{"start":{"line":22,"column":18},"end":{"line":22,"column":32}},"3":{"start":{"line":27,"column":18},"end":{"line":27,"column":32}},"4":{"start":{"line":32,"column":18},"end":{"line":32,"column":40}},"5":{"start":{"line":36,"column":1},"end":{"line":45,"column":3}}},"fnMap":{"0":{"name":"(anonymous_0)","decl":{"start":{"line":15,"column":28},"end":{"line":15,"column":29}},"loc":{"start":{"line":17,"column":38},"end":{"line":46,"column":1}},"line":17},"1":{"name":"(anonymous_1)","decl":{"start":{"line":22,"column":12},"end":{"line":22,"column":13}},"loc":{"start":{"line":22,"column":18},"end":{"line":22,"column":32}},"line":22},"2":{"name":"(anonymous_2)","decl":{"start":{"line":27,"column":12},"end":{"line":27,"column":13}},"loc":{"start":{"line":27,"column":18},"end":{"line":27,"column":32}},"line":27},"3":{"name":"(anonymous_3)","decl":{"start":{"line":32,"column":12},"end":{"line":32,"column":13}},"loc":{"start":{"line":32,"column":18},"end":{"line":32,"column":40}},"line":32},"4":{"name":"(anonymous_4)","decl":{"start":{"line":40,"column":39},"end":{"line":40,"column":40}},"loc":{"start":{"line":40,"column":50},"end":{"line":40,"column":52}},"line":40},"5":{"name":"(anonymous_5)","decl":{"start":{"line":41,"column":40},"end":{"line":41,"column":41}},"loc":{"start":{"line":41,"column":51},"end":{"line":41,"column":53}},"line":41}},"branchMap":{},"s":{"0":1,"1":4,"2":0,"3":0,"4":0,"5":4},"f":{"0":4,"1":0,"2":0,"3":0,"4":0,"5":0},"b":{},"_coverageSchema":"1a1c01bbd47fc00a2c39e90264f33305004495a9","hash":"64a0a23b094d4ba87f746d8abdea4491b477044f"}
,"/home/whoami/frontend/commerce-projects/df_boilerplate_ex/src/styleguide/templates/WelcomePages/WelcomePage2/WelcomePage2.jsx": {"path":"/home/whoami/frontend/commerce-projects/df_boilerplate_ex/src/styleguide/templates/WelcomePages/WelcomePage2/WelcomePage2.jsx","statementMap":{"0":{"start":{"line":16,"column":28},"end":{"line":63,"column":1}},"1":{"start":{"line":19,"column":17},"end":{"line":35,"column":2}},"2":{"start":{"line":23,"column":18},"end":{"line":23,"column":32}},"3":{"start":{"line":28,"column":18},"end":{"line":28,"column":32}},"4":{"start":{"line":33,"column":18},"end":{"line":33,"column":40}},"5":{"start":{"line":37,"column":1},"end":{"line":62,"column":3}}},"fnMap":{"0":{"name":"(anonymous_0)","decl":{"start":{"line":16,"column":28},"end":{"line":16,"column":29}},"loc":{"start":{"line":18,"column":46},"end":{"line":63,"column":1}},"line":18},"1":{"name":"(anonymous_1)","decl":{"start":{"line":23,"column":12},"end":{"line":23,"column":13}},"loc":{"start":{"line":23,"column":18},"end":{"line":23,"column":32}},"line":23},"2":{"name":"(anonymous_2)","decl":{"start":{"line":28,"column":12},"end":{"line":28,"column":13}},"loc":{"start":{"line":28,"column":18},"end":{"line":28,"column":32}},"line":28},"3":{"name":"(anonymous_3)","decl":{"start":{"line":33,"column":12},"end":{"line":33,"column":13}},"loc":{"start":{"line":33,"column":18},"end":{"line":33,"column":40}},"line":33},"4":{"name":"(anonymous_4)","decl":{"start":{"line":42,"column":40},"end":{"line":42,"column":41}},"loc":{"start":{"line":42,"column":51},"end":{"line":42,"column":53}},"line":42},"5":{"name":"(anonymous_5)","decl":{"start":{"line":43,"column":41},"end":{"line":43,"column":42}},"loc":{"start":{"line":43,"column":52},"end":{"line":43,"column":54}},"line":43},"6":{"name":"(anonymous_6)","decl":{"start":{"line":48,"column":40},"end":{"line":48,"column":41}},"loc":{"start":{"line":48,"column":51},"end":{"line":48,"column":53}},"line":48},"7":{"name":"(anonymous_7)","decl":{"start":{"line":49,"column":41},"end":{"line":49,"column":42}},"loc":{"start":{"line":49,"column":52},"end":{"line":49,"column":54}},"line":49},"8":{"name":"(anonymous_8)","decl":{"start":{"line":50,"column":40},"end":{"line":50,"column":41}},"loc":{"start":{"line":50,"column":51},"end":{"line":50,"column":53}},"line":50},"9":{"name":"(anonymous_9)","decl":{"start":{"line":51,"column":41},"end":{"line":51,"column":42}},"loc":{"start":{"line":51,"column":52},"end":{"line":51,"column":54}},"line":51},"10":{"name":"(anonymous_10)","decl":{"start":{"line":52,"column":40},"end":{"line":52,"column":41}},"loc":{"start":{"line":52,"column":51},"end":{"line":52,"column":53}},"line":52},"11":{"name":"(anonymous_11)","decl":{"start":{"line":53,"column":41},"end":{"line":53,"column":42}},"loc":{"start":{"line":53,"column":52},"end":{"line":53,"column":54}},"line":53},"12":{"name":"(anonymous_12)","decl":{"start":{"line":54,"column":40},"end":{"line":54,"column":41}},"loc":{"start":{"line":54,"column":51},"end":{"line":54,"column":53}},"line":54},"13":{"name":"(anonymous_13)","decl":{"start":{"line":55,"column":41},"end":{"line":55,"column":42}},"loc":{"start":{"line":55,"column":52},"end":{"line":55,"column":54}},"line":55},"14":{"name":"(anonymous_14)","decl":{"start":{"line":56,"column":40},"end":{"line":56,"column":41}},"loc":{"start":{"line":56,"column":51},"end":{"line":56,"column":53}},"line":56},"15":{"name":"(anonymous_15)","decl":{"start":{"line":57,"column":41},"end":{"line":57,"column":42}},"loc":{"start":{"line":57,"column":52},"end":{"line":57,"column":54}},"line":57}},"branchMap":{},"s":{"0":1,"1":4,"2":0,"3":0,"4":0,"5":4},"f":{"0":4,"1":0,"2":0,"3":0,"4":0,"5":0,"6":0,"7":0,"8":0,"9":0,"10":0,"11":0,"12":0,"13":0,"14":0,"15":0},"b":{},"_coverageSchema":"1a1c01bbd47fc00a2c39e90264f33305004495a9","hash":"e589f740f88ab3e8e1987f0d71a35f8785f8b8d2"}
,"/home/whoami/frontend/commerce-projects/df_boilerplate_ex/src/styleguide/templates/WelcomePages/WelcomePage3/WelcomePage3.jsx": {"path":"/home/whoami/frontend/commerce-projects/df_boilerplate_ex/src/styleguide/templates/WelcomePages/WelcomePage3/WelcomePage3.jsx","statementMap":{"0":{"start":{"line":16,"column":28},"end":{"line":63,"column":1}},"1":{"start":{"line":19,"column":17},"end":{"line":35,"column":2}},"2":{"start":{"line":23,"column":18},"end":{"line":23,"column":32}},"3":{"start":{"line":28,"column":18},"end":{"line":28,"column":32}},"4":{"start":{"line":33,"column":18},"end":{"line":33,"column":40}},"5":{"start":{"line":37,"column":1},"end":{"line":62,"column":3}}},"fnMap":{"0":{"name":"(anonymous_0)","decl":{"start":{"line":16,"column":28},"end":{"line":16,"column":29}},"loc":{"start":{"line":18,"column":38},"end":{"line":63,"column":1}},"line":18},"1":{"name":"(anonymous_1)","decl":{"start":{"line":23,"column":12},"end":{"line":23,"column":13}},"loc":{"start":{"line":23,"column":18},"end":{"line":23,"column":32}},"line":23},"2":{"name":"(anonymous_2)","decl":{"start":{"line":28,"column":12},"end":{"line":28,"column":13}},"loc":{"start":{"line":28,"column":18},"end":{"line":28,"column":32}},"line":28},"3":{"name":"(anonymous_3)","decl":{"start":{"line":33,"column":12},"end":{"line":33,"column":13}},"loc":{"start":{"line":33,"column":18},"end":{"line":33,"column":40}},"line":33},"4":{"name":"(anonymous_4)","decl":{"start":{"line":42,"column":40},"end":{"line":42,"column":41}},"loc":{"start":{"line":42,"column":51},"end":{"line":42,"column":53}},"line":42},"5":{"name":"(anonymous_5)","decl":{"start":{"line":43,"column":41},"end":{"line":43,"column":42}},"loc":{"start":{"line":43,"column":52},"end":{"line":43,"column":54}},"line":43},"6":{"name":"(anonymous_6)","decl":{"start":{"line":44,"column":40},"end":{"line":44,"column":41}},"loc":{"start":{"line":44,"column":51},"end":{"line":44,"column":53}},"line":44},"7":{"name":"(anonymous_7)","decl":{"start":{"line":45,"column":41},"end":{"line":45,"column":42}},"loc":{"start":{"line":45,"column":52},"end":{"line":45,"column":54}},"line":45},"8":{"name":"(anonymous_8)","decl":{"start":{"line":46,"column":40},"end":{"line":46,"column":41}},"loc":{"start":{"line":46,"column":51},"end":{"line":46,"column":53}},"line":46},"9":{"name":"(anonymous_9)","decl":{"start":{"line":47,"column":41},"end":{"line":47,"column":42}},"loc":{"start":{"line":47,"column":52},"end":{"line":47,"column":54}},"line":47},"10":{"name":"(anonymous_10)","decl":{"start":{"line":48,"column":40},"end":{"line":48,"column":41}},"loc":{"start":{"line":48,"column":51},"end":{"line":48,"column":53}},"line":48},"11":{"name":"(anonymous_11)","decl":{"start":{"line":49,"column":41},"end":{"line":49,"column":42}},"loc":{"start":{"line":49,"column":52},"end":{"line":49,"column":54}},"line":49},"12":{"name":"(anonymous_12)","decl":{"start":{"line":50,"column":40},"end":{"line":50,"column":41}},"loc":{"start":{"line":50,"column":51},"end":{"line":50,"column":53}},"line":50},"13":{"name":"(anonymous_13)","decl":{"start":{"line":51,"column":41},"end":{"line":51,"column":42}},"loc":{"start":{"line":51,"column":52},"end":{"line":51,"column":54}},"line":51},"14":{"name":"(anonymous_14)","decl":{"start":{"line":56,"column":40},"end":{"line":56,"column":41}},"loc":{"start":{"line":56,"column":51},"end":{"line":56,"column":53}},"line":56},"15":{"name":"(anonymous_15)","decl":{"start":{"line":57,"column":41},"end":{"line":57,"column":42}},"loc":{"start":{"line":57,"column":52},"end":{"line":57,"column":54}},"line":57}},"branchMap":{},"s":{"0":1,"1":4,"2":0,"3":0,"4":0,"5":4},"f":{"0":4,"1":0,"2":0,"3":0,"4":0,"5":0,"6":0,"7":0,"8":0,"9":0,"10":0,"11":0,"12":0,"13":0,"14":0,"15":0},"b":{},"_coverageSchema":"1a1c01bbd47fc00a2c39e90264f33305004495a9","hash":"e7c54028108208aa105ad574e66b8898fcd67265"}
,"/home/whoami/frontend/commerce-projects/df_boilerplate_ex/src/styleguide/templates/WelcomePages/WelcomePage4/WelcomePage4.jsx": {"path":"/home/whoami/frontend/commerce-projects/df_boilerplate_ex/src/styleguide/templates/WelcomePages/WelcomePage4/WelcomePage4.jsx","statementMap":{"0":{"start":{"line":15,"column":28},"end":{"line":54,"column":1}},"1":{"start":{"line":18,"column":17},"end":{"line":34,"column":2}},"2":{"start":{"line":22,"column":18},"end":{"line":22,"column":32}},"3":{"start":{"line":27,"column":18},"end":{"line":27,"column":32}},"4":{"start":{"line":32,"column":18},"end":{"line":32,"column":40}},"5":{"start":{"line":36,"column":1},"end":{"line":53,"column":3}}},"fnMap":{"0":{"name":"(anonymous_0)","decl":{"start":{"line":15,"column":28},"end":{"line":15,"column":29}},"loc":{"start":{"line":17,"column":38},"end":{"line":54,"column":1}},"line":17},"1":{"name":"(anonymous_1)","decl":{"start":{"line":22,"column":12},"end":{"line":22,"column":13}},"loc":{"start":{"line":22,"column":18},"end":{"line":22,"column":32}},"line":22},"2":{"name":"(anonymous_2)","decl":{"start":{"line":27,"column":12},"end":{"line":27,"column":13}},"loc":{"start":{"line":27,"column":18},"end":{"line":27,"column":32}},"line":27},"3":{"name":"(anonymous_3)","decl":{"start":{"line":32,"column":12},"end":{"line":32,"column":13}},"loc":{"start":{"line":32,"column":18},"end":{"line":32,"column":40}},"line":32},"4":{"name":"(anonymous_4)","decl":{"start":{"line":40,"column":39},"end":{"line":40,"column":40}},"loc":{"start":{"line":40,"column":50},"end":{"line":40,"column":52}},"line":40},"5":{"name":"(anonymous_5)","decl":{"start":{"line":41,"column":40},"end":{"line":41,"column":41}},"loc":{"start":{"line":41,"column":51},"end":{"line":41,"column":53}},"line":41},"6":{"name":"(anonymous_6)","decl":{"start":{"line":42,"column":39},"end":{"line":42,"column":40}},"loc":{"start":{"line":42,"column":50},"end":{"line":42,"column":52}},"line":42},"7":{"name":"(anonymous_7)","decl":{"start":{"line":43,"column":40},"end":{"line":43,"column":41}},"loc":{"start":{"line":43,"column":51},"end":{"line":43,"column":53}},"line":43},"8":{"name":"(anonymous_8)","decl":{"start":{"line":44,"column":39},"end":{"line":44,"column":40}},"loc":{"start":{"line":44,"column":50},"end":{"line":44,"column":52}},"line":44},"9":{"name":"(anonymous_9)","decl":{"start":{"line":45,"column":40},"end":{"line":45,"column":41}},"loc":{"start":{"line":45,"column":51},"end":{"line":45,"column":53}},"line":45},"10":{"name":"(anonymous_10)","decl":{"start":{"line":46,"column":39},"end":{"line":46,"column":40}},"loc":{"start":{"line":46,"column":50},"end":{"line":46,"column":52}},"line":46},"11":{"name":"(anonymous_11)","decl":{"start":{"line":47,"column":40},"end":{"line":47,"column":41}},"loc":{"start":{"line":47,"column":51},"end":{"line":47,"column":53}},"line":47},"12":{"name":"(anonymous_12)","decl":{"start":{"line":48,"column":39},"end":{"line":48,"column":40}},"loc":{"start":{"line":48,"column":50},"end":{"line":48,"column":52}},"line":48},"13":{"name":"(anonymous_13)","decl":{"start":{"line":49,"column":40},"end":{"line":49,"column":41}},"loc":{"start":{"line":49,"column":51},"end":{"line":49,"column":53}},"line":49}},"branchMap":{},"s":{"0":1,"1":4,"2":0,"3":0,"4":0,"5":4},"f":{"0":4,"1":0,"2":0,"3":0,"4":0,"5":0,"6":0,"7":0,"8":0,"9":0,"10":0,"11":0,"12":0,"13":0},"b":{},"_coverageSchema":"1a1c01bbd47fc00a2c39e90264f33305004495a9","hash":"bbbfe70a4c9134ae8cf9dc8c0a6ecd18b6f4c43b"}
,"/home/whoami/frontend/commerce-projects/df_boilerplate_ex/src/styleguide/templates/WelcomePages/WelcomePage5/WelcomePage5.jsx": {"path":"/home/whoami/frontend/commerce-projects/df_boilerplate_ex/src/styleguide/templates/WelcomePages/WelcomePage5/WelcomePage5.jsx","statementMap":{"0":{"start":{"line":16,"column":28},"end":{"line":53,"column":1}},"1":{"start":{"line":17,"column":17},"end":{"line":33,"column":2}},"2":{"start":{"line":21,"column":18},"end":{"line":21,"column":32}},"3":{"start":{"line":26,"column":18},"end":{"line":26,"column":32}},"4":{"start":{"line":31,"column":18},"end":{"line":31,"column":40}},"5":{"start":{"line":35,"column":1},"end":{"line":52,"column":3}}},"fnMap":{"0":{"name":"(anonymous_0)","decl":{"start":{"line":16,"column":28},"end":{"line":16,"column":29}},"loc":{"start":{"line":16,"column":78},"end":{"line":53,"column":1}},"line":16},"1":{"name":"(anonymous_1)","decl":{"start":{"line":21,"column":12},"end":{"line":21,"column":13}},"loc":{"start":{"line":21,"column":18},"end":{"line":21,"column":32}},"line":21},"2":{"name":"(anonymous_2)","decl":{"start":{"line":26,"column":12},"end":{"line":26,"column":13}},"loc":{"start":{"line":26,"column":18},"end":{"line":26,"column":32}},"line":26},"3":{"name":"(anonymous_3)","decl":{"start":{"line":31,"column":12},"end":{"line":31,"column":13}},"loc":{"start":{"line":31,"column":18},"end":{"line":31,"column":40}},"line":31},"4":{"name":"(anonymous_4)","decl":{"start":{"line":40,"column":40},"end":{"line":40,"column":41}},"loc":{"start":{"line":40,"column":51},"end":{"line":40,"column":53}},"line":40},"5":{"name":"(anonymous_5)","decl":{"start":{"line":41,"column":41},"end":{"line":41,"column":42}},"loc":{"start":{"line":41,"column":52},"end":{"line":41,"column":54}},"line":41},"6":{"name":"(anonymous_6)","decl":{"start":{"line":46,"column":40},"end":{"line":46,"column":41}},"loc":{"start":{"line":46,"column":51},"end":{"line":46,"column":53}},"line":46},"7":{"name":"(anonymous_7)","decl":{"start":{"line":47,"column":41},"end":{"line":47,"column":42}},"loc":{"start":{"line":47,"column":52},"end":{"line":47,"column":54}},"line":47}},"branchMap":{},"s":{"0":1,"1":4,"2":0,"3":0,"4":0,"5":4},"f":{"0":4,"1":0,"2":0,"3":0,"4":0,"5":0,"6":0,"7":0},"b":{},"_coverageSchema":"1a1c01bbd47fc00a2c39e90264f33305004495a9","hash":"67b13e0235d0a4db35dfc63d4a7d76a95184a7cb"}
,"/home/whoami/frontend/commerce-projects/df_boilerplate_ex/src/styleguide/templates/WelcomePages/WelcomePage6/WelcomePage6.jsx": {"path":"/home/whoami/frontend/commerce-projects/df_boilerplate_ex/src/styleguide/templates/WelcomePages/WelcomePage6/WelcomePage6.jsx","statementMap":{"0":{"start":{"line":16,"column":28},"end":{"line":61,"column":1}},"1":{"start":{"line":17,"column":17},"end":{"line":33,"column":2}},"2":{"start":{"line":21,"column":18},"end":{"line":21,"column":32}},"3":{"start":{"line":26,"column":18},"end":{"line":26,"column":32}},"4":{"start":{"line":31,"column":18},"end":{"line":31,"column":40}},"5":{"start":{"line":35,"column":1},"end":{"line":60,"column":3}}},"fnMap":{"0":{"name":"(anonymous_0)","decl":{"start":{"line":16,"column":28},"end":{"line":16,"column":29}},"loc":{"start":{"line":16,"column":78},"end":{"line":61,"column":1}},"line":16},"1":{"name":"(anonymous_1)","decl":{"start":{"line":21,"column":12},"end":{"line":21,"column":13}},"loc":{"start":{"line":21,"column":18},"end":{"line":21,"column":32}},"line":21},"2":{"name":"(anonymous_2)","decl":{"start":{"line":26,"column":12},"end":{"line":26,"column":13}},"loc":{"start":{"line":26,"column":18},"end":{"line":26,"column":32}},"line":26},"3":{"name":"(anonymous_3)","decl":{"start":{"line":31,"column":12},"end":{"line":31,"column":13}},"loc":{"start":{"line":31,"column":18},"end":{"line":31,"column":40}},"line":31},"4":{"name":"(anonymous_4)","decl":{"start":{"line":40,"column":40},"end":{"line":40,"column":41}},"loc":{"start":{"line":40,"column":51},"end":{"line":40,"column":53}},"line":40},"5":{"name":"(anonymous_5)","decl":{"start":{"line":41,"column":41},"end":{"line":41,"column":42}},"loc":{"start":{"line":41,"column":52},"end":{"line":41,"column":54}},"line":41},"6":{"name":"(anonymous_6)","decl":{"start":{"line":46,"column":40},"end":{"line":46,"column":41}},"loc":{"start":{"line":46,"column":51},"end":{"line":46,"column":53}},"line":46},"7":{"name":"(anonymous_7)","decl":{"start":{"line":47,"column":41},"end":{"line":47,"column":42}},"loc":{"start":{"line":47,"column":52},"end":{"line":47,"column":54}},"line":47},"8":{"name":"(anonymous_8)","decl":{"start":{"line":48,"column":40},"end":{"line":48,"column":41}},"loc":{"start":{"line":48,"column":51},"end":{"line":48,"column":53}},"line":48},"9":{"name":"(anonymous_9)","decl":{"start":{"line":49,"column":41},"end":{"line":49,"column":42}},"loc":{"start":{"line":49,"column":52},"end":{"line":49,"column":54}},"line":49},"10":{"name":"(anonymous_10)","decl":{"start":{"line":50,"column":40},"end":{"line":50,"column":41}},"loc":{"start":{"line":50,"column":51},"end":{"line":50,"column":53}},"line":50},"11":{"name":"(anonymous_11)","decl":{"start":{"line":51,"column":41},"end":{"line":51,"column":42}},"loc":{"start":{"line":51,"column":52},"end":{"line":51,"column":54}},"line":51},"12":{"name":"(anonymous_12)","decl":{"start":{"line":52,"column":40},"end":{"line":52,"column":41}},"loc":{"start":{"line":52,"column":51},"end":{"line":52,"column":53}},"line":52},"13":{"name":"(anonymous_13)","decl":{"start":{"line":53,"column":41},"end":{"line":53,"column":42}},"loc":{"start":{"line":53,"column":52},"end":{"line":53,"column":54}},"line":53},"14":{"name":"(anonymous_14)","decl":{"start":{"line":54,"column":40},"end":{"line":54,"column":41}},"loc":{"start":{"line":54,"column":51},"end":{"line":54,"column":53}},"line":54},"15":{"name":"(anonymous_15)","decl":{"start":{"line":55,"column":41},"end":{"line":55,"column":42}},"loc":{"start":{"line":55,"column":52},"end":{"line":55,"column":54}},"line":55}},"branchMap":{},"s":{"0":1,"1":4,"2":0,"3":0,"4":0,"5":4},"f":{"0":4,"1":0,"2":0,"3":0,"4":0,"5":0,"6":0,"7":0,"8":0,"9":0,"10":0,"11":0,"12":0,"13":0,"14":0,"15":0},"b":{},"_coverageSchema":"1a1c01bbd47fc00a2c39e90264f33305004495a9","hash":"8bdf90a0c73081de28fad6f324782338be517550"}
,"/home/whoami/frontend/commerce-projects/df_boilerplate_ex/src/styleguide/templates/WelcomePages/WelcomePage7/WelcomePage7.jsx": {"path":"/home/whoami/frontend/commerce-projects/df_boilerplate_ex/src/styleguide/templates/WelcomePages/WelcomePage7/WelcomePage7.jsx","statementMap":{"0":{"start":{"line":16,"column":28},"end":{"line":61,"column":1}},"1":{"start":{"line":17,"column":17},"end":{"line":33,"column":2}},"2":{"start":{"line":21,"column":18},"end":{"line":21,"column":32}},"3":{"start":{"line":26,"column":18},"end":{"line":26,"column":32}},"4":{"start":{"line":31,"column":18},"end":{"line":31,"column":40}},"5":{"start":{"line":35,"column":1},"end":{"line":60,"column":3}}},"fnMap":{"0":{"name":"(anonymous_0)","decl":{"start":{"line":16,"column":28},"end":{"line":16,"column":29}},"loc":{"start":{"line":16,"column":78},"end":{"line":61,"column":1}},"line":16},"1":{"name":"(anonymous_1)","decl":{"start":{"line":21,"column":12},"end":{"line":21,"column":13}},"loc":{"start":{"line":21,"column":18},"end":{"line":21,"column":32}},"line":21},"2":{"name":"(anonymous_2)","decl":{"start":{"line":26,"column":12},"end":{"line":26,"column":13}},"loc":{"start":{"line":26,"column":18},"end":{"line":26,"column":32}},"line":26},"3":{"name":"(anonymous_3)","decl":{"start":{"line":31,"column":12},"end":{"line":31,"column":13}},"loc":{"start":{"line":31,"column":18},"end":{"line":31,"column":40}},"line":31},"4":{"name":"(anonymous_4)","decl":{"start":{"line":40,"column":40},"end":{"line":40,"column":41}},"loc":{"start":{"line":40,"column":51},"end":{"line":40,"column":53}},"line":40},"5":{"name":"(anonymous_5)","decl":{"start":{"line":41,"column":41},"end":{"line":41,"column":42}},"loc":{"start":{"line":41,"column":52},"end":{"line":41,"column":54}},"line":41},"6":{"name":"(anonymous_6)","decl":{"start":{"line":42,"column":40},"end":{"line":42,"column":41}},"loc":{"start":{"line":42,"column":51},"end":{"line":42,"column":53}},"line":42},"7":{"name":"(anonymous_7)","decl":{"start":{"line":43,"column":41},"end":{"line":43,"column":42}},"loc":{"start":{"line":43,"column":52},"end":{"line":43,"column":54}},"line":43},"8":{"name":"(anonymous_8)","decl":{"start":{"line":44,"column":40},"end":{"line":44,"column":41}},"loc":{"start":{"line":44,"column":51},"end":{"line":44,"column":53}},"line":44},"9":{"name":"(anonymous_9)","decl":{"start":{"line":45,"column":41},"end":{"line":45,"column":42}},"loc":{"start":{"line":45,"column":52},"end":{"line":45,"column":54}},"line":45},"10":{"name":"(anonymous_10)","decl":{"start":{"line":46,"column":40},"end":{"line":46,"column":41}},"loc":{"start":{"line":46,"column":51},"end":{"line":46,"column":53}},"line":46},"11":{"name":"(anonymous_11)","decl":{"start":{"line":47,"column":41},"end":{"line":47,"column":42}},"loc":{"start":{"line":47,"column":52},"end":{"line":47,"column":54}},"line":47},"12":{"name":"(anonymous_12)","decl":{"start":{"line":48,"column":40},"end":{"line":48,"column":41}},"loc":{"start":{"line":48,"column":51},"end":{"line":48,"column":53}},"line":48},"13":{"name":"(anonymous_13)","decl":{"start":{"line":49,"column":41},"end":{"line":49,"column":42}},"loc":{"start":{"line":49,"column":52},"end":{"line":49,"column":54}},"line":49},"14":{"name":"(anonymous_14)","decl":{"start":{"line":54,"column":40},"end":{"line":54,"column":41}},"loc":{"start":{"line":54,"column":51},"end":{"line":54,"column":53}},"line":54},"15":{"name":"(anonymous_15)","decl":{"start":{"line":55,"column":41},"end":{"line":55,"column":42}},"loc":{"start":{"line":55,"column":52},"end":{"line":55,"column":54}},"line":55}},"branchMap":{},"s":{"0":1,"1":4,"2":0,"3":0,"4":0,"5":4},"f":{"0":4,"1":0,"2":0,"3":0,"4":0,"5":0,"6":0,"7":0,"8":0,"9":0,"10":0,"11":0,"12":0,"13":0,"14":0,"15":0},"b":{},"_coverageSchema":"1a1c01bbd47fc00a2c39e90264f33305004495a9","hash":"c7564b384bfde042d4c26ea8a7543d47b97789df"}
,"/home/whoami/frontend/commerce-projects/df_boilerplate_ex/src/styleguide/templates/WelcomePages/WelcomePage8/WelcomePage8.jsx": {"path":"/home/whoami/frontend/commerce-projects/df_boilerplate_ex/src/styleguide/templates/WelcomePages/WelcomePage8/WelcomePage8.jsx","statementMap":{"0":{"start":{"line":15,"column":28},"end":{"line":52,"column":1}},"1":{"start":{"line":16,"column":17},"end":{"line":32,"column":2}},"2":{"start":{"line":20,"column":18},"end":{"line":20,"column":32}},"3":{"start":{"line":25,"column":18},"end":{"line":25,"column":32}},"4":{"start":{"line":30,"column":18},"end":{"line":30,"column":40}},"5":{"start":{"line":34,"column":1},"end":{"line":51,"column":3}}},"fnMap":{"0":{"name":"(anonymous_0)","decl":{"start":{"line":15,"column":28},"end":{"line":15,"column":29}},"loc":{"start":{"line":15,"column":78},"end":{"line":52,"column":1}},"line":15},"1":{"name":"(anonymous_1)","decl":{"start":{"line":20,"column":12},"end":{"line":20,"column":13}},"loc":{"start":{"line":20,"column":18},"end":{"line":20,"column":32}},"line":20},"2":{"name":"(anonymous_2)","decl":{"start":{"line":25,"column":12},"end":{"line":25,"column":13}},"loc":{"start":{"line":25,"column":18},"end":{"line":25,"column":32}},"line":25},"3":{"name":"(anonymous_3)","decl":{"start":{"line":30,"column":12},"end":{"line":30,"column":13}},"loc":{"start":{"line":30,"column":18},"end":{"line":30,"column":40}},"line":30},"4":{"name":"(anonymous_4)","decl":{"start":{"line":38,"column":39},"end":{"line":38,"column":40}},"loc":{"start":{"line":38,"column":50},"end":{"line":38,"column":52}},"line":38},"5":{"name":"(anonymous_5)","decl":{"start":{"line":39,"column":40},"end":{"line":39,"column":41}},"loc":{"start":{"line":39,"column":51},"end":{"line":39,"column":53}},"line":39},"6":{"name":"(anonymous_6)","decl":{"start":{"line":40,"column":39},"end":{"line":40,"column":40}},"loc":{"start":{"line":40,"column":50},"end":{"line":40,"column":52}},"line":40},"7":{"name":"(anonymous_7)","decl":{"start":{"line":41,"column":40},"end":{"line":41,"column":41}},"loc":{"start":{"line":41,"column":51},"end":{"line":41,"column":53}},"line":41},"8":{"name":"(anonymous_8)","decl":{"start":{"line":42,"column":39},"end":{"line":42,"column":40}},"loc":{"start":{"line":42,"column":50},"end":{"line":42,"column":52}},"line":42},"9":{"name":"(anonymous_9)","decl":{"start":{"line":43,"column":40},"end":{"line":43,"column":41}},"loc":{"start":{"line":43,"column":51},"end":{"line":43,"column":53}},"line":43},"10":{"name":"(anonymous_10)","decl":{"start":{"line":44,"column":39},"end":{"line":44,"column":40}},"loc":{"start":{"line":44,"column":50},"end":{"line":44,"column":52}},"line":44},"11":{"name":"(anonymous_11)","decl":{"start":{"line":45,"column":40},"end":{"line":45,"column":41}},"loc":{"start":{"line":45,"column":51},"end":{"line":45,"column":53}},"line":45},"12":{"name":"(anonymous_12)","decl":{"start":{"line":46,"column":39},"end":{"line":46,"column":40}},"loc":{"start":{"line":46,"column":50},"end":{"line":46,"column":52}},"line":46},"13":{"name":"(anonymous_13)","decl":{"start":{"line":47,"column":40},"end":{"line":47,"column":41}},"loc":{"start":{"line":47,"column":51},"end":{"line":47,"column":53}},"line":47}},"branchMap":{},"s":{"0":1,"1":4,"2":0,"3":0,"4":0,"5":4},"f":{"0":4,"1":0,"2":0,"3":0,"4":0,"5":0,"6":0,"7":0,"8":0,"9":0,"10":0,"11":0,"12":0,"13":0},"b":{},"_coverageSchema":"1a1c01bbd47fc00a2c39e90264f33305004495a9","hash":"e3446cd2628c1d0a65924e666a880f4a6e51ded8"}
}
