TN:
SF:src/styleguide/templates/DiffClosedCardsPage/DiffClosedCardsPage.jsx
FN:17,(anonymous_0)
FN:22,(anonymous_1)
FN:27,(anonymous_2)
FN:32,(anonymous_3)
FNF:4
FNH:1
FNDA:4,(anonymous_0)
FNDA:0,(anonymous_1)
FNDA:0,(anonymous_2)
FNDA:0,(anonymous_3)
DA:17,1
DA:18,4
DA:36,4
DA:351,4
DA:377,4
LF:5
LH:5
BRF:0
BRH:0
end_of_record
TN:
SF:src/styleguide/templates/DiffOpenedCardsPage/DiffOpenedCardsPage.jsx
FN:14,(anonymous_0)
FN:19,(anonymous_1)
FN:24,(anonymous_2)
FN:29,(anonymous_3)
FNF:4
FNH:1
FNDA:4,(anonymous_0)
FNDA:0,(anonymous_1)
FNDA:0,(anonymous_2)
FNDA:0,(anonymous_3)
DA:14,1
DA:15,4
DA:33,4
DA:49,4
LF:4
LH:4
BRF:0
BRH:0
end_of_record
TN:
SF:src/styleguide/templates/FiltersClosedPage/FiltersClosedPage.jsx
FN:12,(anonymous_0)
FN:17,(anonymous_1)
FN:22,(anonymous_2)
FN:27,(anonymous_3)
FNF:4
FNH:1
FNDA:4,(anonymous_0)
FNDA:0,(anonymous_1)
FNDA:0,(anonymous_2)
FNDA:0,(anonymous_3)
DA:12,1
DA:13,4
DA:31,4
DA:178,4
DA:204,4
LF:5
LH:5
BRF:0
BRH:0
end_of_record
TN:
SF:src/styleguide/templates/FiltersClosedPreviewPage/FiltersClosedPreviewPage.jsx
FN:16,(anonymous_0)
FN:21,(anonymous_1)
FN:26,(anonymous_2)
FN:31,(anonymous_3)
FNF:4
FNH:1
FNDA:4,(anonymous_0)
FNDA:0,(anonymous_1)
FNDA:0,(anonymous_2)
FNDA:0,(anonymous_3)
DA:16,1
DA:17,4
DA:35,4
DA:350,4
DA:376,4
LF:5
LH:5
BRF:0
BRH:0
end_of_record
TN:
SF:src/styleguide/templates/FiltersOpenedPage/FiltersOpenedPage.jsx
FN:10,(anonymous_0)
FN:15,(anonymous_1)
FN:20,(anonymous_2)
FN:25,(anonymous_3)
FNF:4
FNH:1
FNDA:4,(anonymous_0)
FNDA:0,(anonymous_1)
FNDA:0,(anonymous_2)
FNDA:0,(anonymous_3)
DA:10,1
DA:11,4
DA:29,4
DA:45,4
LF:4
LH:4
BRF:0
BRH:0
end_of_record
TN:
SF:src/styleguide/templates/HomePage/HomePage.jsx
FN:6,(anonymous_0)
FN:11,(anonymous_1)
FN:16,(anonymous_2)
FN:21,(anonymous_3)
FNF:4
FNH:1
FNDA:4,(anonymous_0)
FNDA:0,(anonymous_1)
FNDA:0,(anonymous_2)
FNDA:0,(anonymous_3)
DA:6,1
DA:7,4
DA:25,4
LF:3
LH:3
BRF:0
BRH:0
end_of_record
TN:
SF:src/styleguide/templates/OrderPage/OrderPage.jsx
FN:16,(anonymous_0)
FN:21,(anonymous_1)
FN:26,(anonymous_2)
FN:31,(anonymous_3)
FNF:4
FNH:1
FNDA:4,(anonymous_0)
FNDA:0,(anonymous_1)
FNDA:0,(anonymous_2)
FNDA:0,(anonymous_3)
DA:16,1
DA:17,4
DA:35,4
DA:62,4
DA:141,4
LF:5
LH:5
BRF:0
BRH:0
end_of_record
TN:
SF:src/styleguide/templates/TimeWidgetsPage/TimeWidgetsPage.jsx
FN:6,(anonymous_0)
FN:11,(anonymous_1)
FN:16,(anonymous_2)
FN:21,(anonymous_3)
FNF:4
FNH:1
FNDA:4,(anonymous_0)
FNDA:0,(anonymous_1)
FNDA:0,(anonymous_2)
FNDA:0,(anonymous_3)
DA:6,1
DA:7,4
DA:25,4
LF:3
LH:3
BRF:0
BRH:0
end_of_record
TN:
SF:src/styleguide/templates/WelcomePages/WelcomePage1/WelcomePage1.jsx
FN:15,(anonymous_0)
FN:22,(anonymous_1)
FN:27,(anonymous_2)
FN:32,(anonymous_3)
FN:40,(anonymous_4)
FN:41,(anonymous_5)
FNF:6
FNH:1
FNDA:4,(anonymous_0)
FNDA:0,(anonymous_1)
FNDA:0,(anonymous_2)
FNDA:0,(anonymous_3)
FNDA:0,(anonymous_4)
FNDA:0,(anonymous_5)
DA:15,1
DA:18,4
DA:22,0
DA:27,0
DA:32,0
DA:36,4
LF:6
LH:3
BRF:0
BRH:0
end_of_record
TN:
SF:src/styleguide/templates/WelcomePages/WelcomePage2/WelcomePage2.jsx
FN:16,(anonymous_0)
FN:23,(anonymous_1)
FN:28,(anonymous_2)
FN:33,(anonymous_3)
FN:42,(anonymous_4)
FN:43,(anonymous_5)
FN:48,(anonymous_6)
FN:49,(anonymous_7)
FN:50,(anonymous_8)
FN:51,(anonymous_9)
FN:52,(anonymous_10)
FN:53,(anonymous_11)
FN:54,(anonymous_12)
FN:55,(anonymous_13)
FN:56,(anonymous_14)
FN:57,(anonymous_15)
FNF:16
FNH:1
FNDA:4,(anonymous_0)
FNDA:0,(anonymous_1)
FNDA:0,(anonymous_2)
FNDA:0,(anonymous_3)
FNDA:0,(anonymous_4)
FNDA:0,(anonymous_5)
FNDA:0,(anonymous_6)
FNDA:0,(anonymous_7)
FNDA:0,(anonymous_8)
FNDA:0,(anonymous_9)
FNDA:0,(anonymous_10)
FNDA:0,(anonymous_11)
FNDA:0,(anonymous_12)
FNDA:0,(anonymous_13)
FNDA:0,(anonymous_14)
FNDA:0,(anonymous_15)
DA:16,1
DA:19,4
DA:23,0
DA:28,0
DA:33,0
DA:37,4
LF:6
LH:3
BRF:0
BRH:0
end_of_record
TN:
SF:src/styleguide/templates/WelcomePages/WelcomePage3/WelcomePage3.jsx
FN:16,(anonymous_0)
FN:23,(anonymous_1)
FN:28,(anonymous_2)
FN:33,(anonymous_3)
FN:42,(anonymous_4)
FN:43,(anonymous_5)
FN:44,(anonymous_6)
FN:45,(anonymous_7)
FN:46,(anonymous_8)
FN:47,(anonymous_9)
FN:48,(anonymous_10)
FN:49,(anonymous_11)
FN:50,(anonymous_12)
FN:51,(anonymous_13)
FN:56,(anonymous_14)
FN:57,(anonymous_15)
FNF:16
FNH:1
FNDA:4,(anonymous_0)
FNDA:0,(anonymous_1)
FNDA:0,(anonymous_2)
FNDA:0,(anonymous_3)
FNDA:0,(anonymous_4)
FNDA:0,(anonymous_5)
FNDA:0,(anonymous_6)
FNDA:0,(anonymous_7)
FNDA:0,(anonymous_8)
FNDA:0,(anonymous_9)
FNDA:0,(anonymous_10)
FNDA:0,(anonymous_11)
FNDA:0,(anonymous_12)
FNDA:0,(anonymous_13)
FNDA:0,(anonymous_14)
FNDA:0,(anonymous_15)
DA:16,1
DA:19,4
DA:23,0
DA:28,0
DA:33,0
DA:37,4
LF:6
LH:3
BRF:0
BRH:0
end_of_record
TN:
SF:src/styleguide/templates/WelcomePages/WelcomePage4/WelcomePage4.jsx
FN:15,(anonymous_0)
FN:22,(anonymous_1)
FN:27,(anonymous_2)
FN:32,(anonymous_3)
FN:40,(anonymous_4)
FN:41,(anonymous_5)
FN:42,(anonymous_6)
FN:43,(anonymous_7)
FN:44,(anonymous_8)
FN:45,(anonymous_9)
FN:46,(anonymous_10)
FN:47,(anonymous_11)
FN:48,(anonymous_12)
FN:49,(anonymous_13)
FNF:14
FNH:1
FNDA:4,(anonymous_0)
FNDA:0,(anonymous_1)
FNDA:0,(anonymous_2)
FNDA:0,(anonymous_3)
FNDA:0,(anonymous_4)
FNDA:0,(anonymous_5)
FNDA:0,(anonymous_6)
FNDA:0,(anonymous_7)
FNDA:0,(anonymous_8)
FNDA:0,(anonymous_9)
FNDA:0,(anonymous_10)
FNDA:0,(anonymous_11)
FNDA:0,(anonymous_12)
FNDA:0,(anonymous_13)
DA:15,1
DA:18,4
DA:22,0
DA:27,0
DA:32,0
DA:36,4
LF:6
LH:3
BRF:0
BRH:0
end_of_record
TN:
SF:src/styleguide/templates/WelcomePages/WelcomePage5/WelcomePage5.jsx
FN:16,(anonymous_0)
FN:21,(anonymous_1)
FN:26,(anonymous_2)
FN:31,(anonymous_3)
FN:40,(anonymous_4)
FN:41,(anonymous_5)
FN:46,(anonymous_6)
FN:47,(anonymous_7)
FNF:8
FNH:1
FNDA:4,(anonymous_0)
FNDA:0,(anonymous_1)
FNDA:0,(anonymous_2)
FNDA:0,(anonymous_3)
FNDA:0,(anonymous_4)
FNDA:0,(anonymous_5)
FNDA:0,(anonymous_6)
FNDA:0,(anonymous_7)
DA:16,1
DA:17,4
DA:21,0
DA:26,0
DA:31,0
DA:35,4
LF:6
LH:3
BRF:0
BRH:0
end_of_record
TN:
SF:src/styleguide/templates/WelcomePages/WelcomePage6/WelcomePage6.jsx
FN:16,(anonymous_0)
FN:21,(anonymous_1)
FN:26,(anonymous_2)
FN:31,(anonymous_3)
FN:40,(anonymous_4)
FN:41,(anonymous_5)
FN:46,(anonymous_6)
FN:47,(anonymous_7)
FN:48,(anonymous_8)
FN:49,(anonymous_9)
FN:50,(anonymous_10)
FN:51,(anonymous_11)
FN:52,(anonymous_12)
FN:53,(anonymous_13)
FN:54,(anonymous_14)
FN:55,(anonymous_15)
FNF:16
FNH:1
FNDA:4,(anonymous_0)
FNDA:0,(anonymous_1)
FNDA:0,(anonymous_2)
FNDA:0,(anonymous_3)
FNDA:0,(anonymous_4)
FNDA:0,(anonymous_5)
FNDA:0,(anonymous_6)
FNDA:0,(anonymous_7)
FNDA:0,(anonymous_8)
FNDA:0,(anonymous_9)
FNDA:0,(anonymous_10)
FNDA:0,(anonymous_11)
FNDA:0,(anonymous_12)
FNDA:0,(anonymous_13)
FNDA:0,(anonymous_14)
FNDA:0,(anonymous_15)
DA:16,1
DA:17,4
DA:21,0
DA:26,0
DA:31,0
DA:35,4
LF:6
LH:3
BRF:0
BRH:0
end_of_record
TN:
SF:src/styleguide/templates/WelcomePages/WelcomePage7/WelcomePage7.jsx
FN:16,(anonymous_0)
FN:21,(anonymous_1)
FN:26,(anonymous_2)
FN:31,(anonymous_3)
FN:40,(anonymous_4)
FN:41,(anonymous_5)
FN:42,(anonymous_6)
FN:43,(anonymous_7)
FN:44,(anonymous_8)
FN:45,(anonymous_9)
FN:46,(anonymous_10)
FN:47,(anonymous_11)
FN:48,(anonymous_12)
FN:49,(anonymous_13)
FN:54,(anonymous_14)
FN:55,(anonymous_15)
FNF:16
FNH:1
FNDA:4,(anonymous_0)
FNDA:0,(anonymous_1)
FNDA:0,(anonymous_2)
FNDA:0,(anonymous_3)
FNDA:0,(anonymous_4)
FNDA:0,(anonymous_5)
FNDA:0,(anonymous_6)
FNDA:0,(anonymous_7)
FNDA:0,(anonymous_8)
FNDA:0,(anonymous_9)
FNDA:0,(anonymous_10)
FNDA:0,(anonymous_11)
FNDA:0,(anonymous_12)
FNDA:0,(anonymous_13)
FNDA:0,(anonymous_14)
FNDA:0,(anonymous_15)
DA:16,1
DA:17,4
DA:21,0
DA:26,0
DA:31,0
DA:35,4
LF:6
LH:3
BRF:0
BRH:0
end_of_record
TN:
SF:src/styleguide/templates/WelcomePages/WelcomePage8/WelcomePage8.jsx
FN:15,(anonymous_0)
FN:20,(anonymous_1)
FN:25,(anonymous_2)
FN:30,(anonymous_3)
FN:38,(anonymous_4)
FN:39,(anonymous_5)
FN:40,(anonymous_6)
FN:41,(anonymous_7)
FN:42,(anonymous_8)
FN:43,(anonymous_9)
FN:44,(anonymous_10)
FN:45,(anonymous_11)
FN:46,(anonymous_12)
FN:47,(anonymous_13)
FNF:14
FNH:1
FNDA:4,(anonymous_0)
FNDA:0,(anonymous_1)
FNDA:0,(anonymous_2)
FNDA:0,(anonymous_3)
FNDA:0,(anonymous_4)
FNDA:0,(anonymous_5)
FNDA:0,(anonymous_6)
FNDA:0,(anonymous_7)
FNDA:0,(anonymous_8)
FNDA:0,(anonymous_9)
FNDA:0,(anonymous_10)
FNDA:0,(anonymous_11)
FNDA:0,(anonymous_12)
FNDA:0,(anonymous_13)
DA:15,1
DA:16,4
DA:20,0
DA:25,0
DA:30,0
DA:34,4
LF:6
LH:3
BRF:0
BRH:0
end_of_record
