<?xml version="1.0" encoding="UTF-8"?>
<coverage generated="1725003442436" clover="3.2.0">
  <project timestamp="1725003442436" name="All files">
    <metrics statements="159" coveredstatements="71" conditionals="0" coveredconditionals="0" methods="128" coveredmethods="16" elements="287" coveredelements="87" complexity="0" loc="159" ncloc="159" packages="16" files="32" classes="32"/>
    <package name="DiffClosedCardsPage">
      <metrics statements="5" coveredstatements="5" conditionals="0" coveredconditionals="0" methods="4" coveredmethods="1"/>
      <file name="DiffClosedCardsPage.jsx" path="/home/whoami/frontend/commerce-projects/df_boilerplate_ex/src/DiffClosedCardsPage/DiffClosedCardsPage.jsx">
        <metrics statements="2" coveredstatements="2" conditionals="0" coveredconditionals="0" methods="1" coveredmethods="1"/>
        <line num="8" count="1" type="stmt"/>
        <line num="9" count="4" type="stmt"/>
      </file>
      <file name="data.js" path="/home/whoami/frontend/commerce-projects/df_boilerplate_ex/src/DiffClosedCardsPage/data.js">
        <metrics statements="3" coveredstatements="3" conditionals="0" coveredconditionals="0" methods="3" coveredmethods="0"/>
        <line num="1" count="1" type="stmt"/>
        <line num="19" count="1" type="stmt"/>
        <line num="334" count="1" type="stmt"/>
      </file>
    </package>
    <package name="DiffOpenedCardsPage">
      <metrics statements="5" coveredstatements="5" conditionals="0" coveredconditionals="0" methods="4" coveredmethods="1"/>
      <file name="DiffOpenedCardsPage.jsx" path="/home/whoami/frontend/commerce-projects/df_boilerplate_ex/src/DiffOpenedCardsPage/DiffOpenedCardsPage.jsx">
        <metrics statements="2" coveredstatements="2" conditionals="0" coveredconditionals="0" methods="1" coveredmethods="1"/>
        <line num="8" count="1" type="stmt"/>
        <line num="9" count="4" type="stmt"/>
      </file>
      <file name="data.js" path="/home/whoami/frontend/commerce-projects/df_boilerplate_ex/src/DiffOpenedCardsPage/data.js">
        <metrics statements="3" coveredstatements="3" conditionals="0" coveredconditionals="0" methods="3" coveredmethods="0"/>
        <line num="1" count="1" type="stmt"/>
        <line num="19" count="1" type="stmt"/>
        <line num="334" count="1" type="stmt"/>
      </file>
    </package>
    <package name="HomePage">
      <metrics statements="3" coveredstatements="3" conditionals="0" coveredconditionals="0" methods="4" coveredmethods="1"/>
      <file name="HomePage.jsx" path="/home/whoami/frontend/commerce-projects/df_boilerplate_ex/src/HomePage/HomePage.jsx">
        <metrics statements="2" coveredstatements="2" conditionals="0" coveredconditionals="0" methods="1" coveredmethods="1"/>
        <line num="7" count="1" type="stmt"/>
        <line num="8" count="4" type="stmt"/>
      </file>
      <file name="data.js" path="/home/whoami/frontend/commerce-projects/df_boilerplate_ex/src/HomePage/data.js">
        <metrics statements="1" coveredstatements="1" conditionals="0" coveredconditionals="0" methods="3" coveredmethods="0"/>
        <line num="1" count="1" type="stmt"/>
      </file>
    </package>
    <package name="OrderListPreviewPage">
      <metrics statements="5" coveredstatements="5" conditionals="0" coveredconditionals="0" methods="4" coveredmethods="1"/>
      <file name="OrderListPreviewPage.jsx" path="/home/whoami/frontend/commerce-projects/df_boilerplate_ex/src/OrderListPreviewPage/OrderListPreviewPage.jsx">
        <metrics statements="2" coveredstatements="2" conditionals="0" coveredconditionals="0" methods="1" coveredmethods="1"/>
        <line num="8" count="1" type="stmt"/>
        <line num="9" count="4" type="stmt"/>
      </file>
      <file name="data.js" path="/home/whoami/frontend/commerce-projects/df_boilerplate_ex/src/OrderListPreviewPage/data.js">
        <metrics statements="3" coveredstatements="3" conditionals="0" coveredconditionals="0" methods="3" coveredmethods="0"/>
        <line num="1" count="1" type="stmt"/>
        <line num="19" count="1" type="stmt"/>
        <line num="334" count="1" type="stmt"/>
      </file>
    </package>
    <package name="OrderPage">
      <metrics statements="5" coveredstatements="5" conditionals="0" coveredconditionals="0" methods="4" coveredmethods="1"/>
      <file name="OrderPage.jsx" path="/home/whoami/frontend/commerce-projects/df_boilerplate_ex/src/OrderPage/OrderPage.jsx">
        <metrics statements="2" coveredstatements="2" conditionals="0" coveredconditionals="0" methods="1" coveredmethods="1"/>
        <line num="8" count="1" type="stmt"/>
        <line num="9" count="4" type="stmt"/>
      </file>
      <file name="data.jsx" path="/home/whoami/frontend/commerce-projects/df_boilerplate_ex/src/OrderPage/data.jsx">
        <metrics statements="3" coveredstatements="3" conditionals="0" coveredconditionals="0" methods="3" coveredmethods="0"/>
        <line num="4" count="1" type="stmt"/>
        <line num="22" count="1" type="stmt"/>
        <line num="49" count="1" type="stmt"/>
      </file>
    </package>
    <package name="OrdersFilterClosedPage">
      <metrics statements="5" coveredstatements="5" conditionals="0" coveredconditionals="0" methods="4" coveredmethods="1"/>
      <file name="OrdersFilterClosedPage.jsx" path="/home/whoami/frontend/commerce-projects/df_boilerplate_ex/src/OrdersFilterClosedPage/OrdersFilterClosedPage.jsx">
        <metrics statements="2" coveredstatements="2" conditionals="0" coveredconditionals="0" methods="1" coveredmethods="1"/>
        <line num="7" count="1" type="stmt"/>
        <line num="8" count="4" type="stmt"/>
      </file>
      <file name="data.js" path="/home/whoami/frontend/commerce-projects/df_boilerplate_ex/src/OrdersFilterClosedPage/data.js">
        <metrics statements="3" coveredstatements="3" conditionals="0" coveredconditionals="0" methods="3" coveredmethods="0"/>
        <line num="1" count="1" type="stmt"/>
        <line num="19" count="1" type="stmt"/>
        <line num="166" count="1" type="stmt"/>
      </file>
    </package>
    <package name="OrdersFilterOpenedPage">
      <metrics statements="4" coveredstatements="4" conditionals="0" coveredconditionals="0" methods="4" coveredmethods="1"/>
      <file name="OrdersFilterOpenedPage.jsx" path="/home/whoami/frontend/commerce-projects/df_boilerplate_ex/src/OrdersFilterOpenedPage/OrdersFilterOpenedPage.jsx">
        <metrics statements="2" coveredstatements="2" conditionals="0" coveredconditionals="0" methods="1" coveredmethods="1"/>
        <line num="7" count="1" type="stmt"/>
        <line num="8" count="4" type="stmt"/>
      </file>
      <file name="data.js" path="/home/whoami/frontend/commerce-projects/df_boilerplate_ex/src/OrdersFilterOpenedPage/data.js">
        <metrics statements="2" coveredstatements="2" conditionals="0" coveredconditionals="0" methods="3" coveredmethods="0"/>
        <line num="1" count="1" type="stmt"/>
        <line num="19" count="1" type="stmt"/>
      </file>
    </package>
    <package name="TimeWidgetsPage">
      <metrics statements="3" coveredstatements="3" conditionals="0" coveredconditionals="0" methods="4" coveredmethods="1"/>
      <file name="TimeWidgetsPage.jsx" path="/home/whoami/frontend/commerce-projects/df_boilerplate_ex/src/TimeWidgetsPage/TimeWidgetsPage.jsx">
        <metrics statements="2" coveredstatements="2" conditionals="0" coveredconditionals="0" methods="1" coveredmethods="1"/>
        <line num="7" count="1" type="stmt"/>
        <line num="8" count="4" type="stmt"/>
      </file>
      <file name="data.js" path="/home/whoami/frontend/commerce-projects/df_boilerplate_ex/src/TimeWidgetsPage/data.js">
        <metrics statements="1" coveredstatements="1" conditionals="0" coveredconditionals="0" methods="3" coveredmethods="0"/>
        <line num="1" count="1" type="stmt"/>
      </file>
    </package>
    <package name="WelcomePages.WelcomePage1">
      <metrics statements="10" coveredstatements="5" conditionals="0" coveredconditionals="0" methods="6" coveredmethods="1"/>
      <file name="WelcomePage1.jsx" path="/home/whoami/frontend/commerce-projects/df_boilerplate_ex/src/WelcomePages/WelcomePage1/WelcomePage1.jsx">
        <metrics statements="2" coveredstatements="2" conditionals="0" coveredconditionals="0" methods="1" coveredmethods="1"/>
        <line num="7" count="1" type="stmt"/>
        <line num="8" count="4" type="stmt"/>
      </file>
      <file name="data.js" path="/home/whoami/frontend/commerce-projects/df_boilerplate_ex/src/WelcomePages/WelcomePage1/data.js">
        <metrics statements="8" coveredstatements="3" conditionals="0" coveredconditionals="0" methods="5" coveredmethods="0"/>
        <line num="8" count="1" type="stmt"/>
        <line num="15" count="1" type="stmt"/>
        <line num="19" count="0" type="stmt"/>
        <line num="24" count="0" type="stmt"/>
        <line num="29" count="0" type="stmt"/>
        <line num="33" count="1" type="stmt"/>
        <line num="34" count="0" type="stmt"/>
        <line num="35" count="0" type="stmt"/>
      </file>
    </package>
    <package name="WelcomePages.WelcomePage2">
      <metrics statements="18" coveredstatements="5" conditionals="0" coveredconditionals="0" methods="14" coveredmethods="1"/>
      <file name="WelcomePage2.jsx" path="/home/whoami/frontend/commerce-projects/df_boilerplate_ex/src/WelcomePages/WelcomePage2/WelcomePage2.jsx">
        <metrics statements="2" coveredstatements="2" conditionals="0" coveredconditionals="0" methods="1" coveredmethods="1"/>
        <line num="8" count="1" type="stmt"/>
        <line num="9" count="4" type="stmt"/>
      </file>
      <file name="data.js" path="/home/whoami/frontend/commerce-projects/df_boilerplate_ex/src/WelcomePages/WelcomePage2/data.js">
        <metrics statements="16" coveredstatements="3" conditionals="0" coveredconditionals="0" methods="13" coveredmethods="0"/>
        <line num="8" count="1" type="stmt"/>
        <line num="15" count="1" type="stmt"/>
        <line num="19" count="0" type="stmt"/>
        <line num="24" count="0" type="stmt"/>
        <line num="29" count="0" type="stmt"/>
        <line num="33" count="1" type="stmt"/>
        <line num="34" count="0" type="stmt"/>
        <line num="35" count="0" type="stmt"/>
        <line num="36" count="0" type="stmt"/>
        <line num="37" count="0" type="stmt"/>
        <line num="38" count="0" type="stmt"/>
        <line num="39" count="0" type="stmt"/>
        <line num="40" count="0" type="stmt"/>
        <line num="41" count="0" type="stmt"/>
        <line num="42" count="0" type="stmt"/>
        <line num="43" count="0" type="stmt"/>
      </file>
    </package>
    <package name="WelcomePages.WelcomePage3">
      <metrics statements="18" coveredstatements="5" conditionals="0" coveredconditionals="0" methods="14" coveredmethods="1"/>
      <file name="WelcomePage3.jsx" path="/home/whoami/frontend/commerce-projects/df_boilerplate_ex/src/WelcomePages/WelcomePage3/WelcomePage3.jsx">
        <metrics statements="2" coveredstatements="2" conditionals="0" coveredconditionals="0" methods="1" coveredmethods="1"/>
        <line num="8" count="1" type="stmt"/>
        <line num="9" count="4" type="stmt"/>
      </file>
      <file name="data.js" path="/home/whoami/frontend/commerce-projects/df_boilerplate_ex/src/WelcomePages/WelcomePage3/data.js">
        <metrics statements="16" coveredstatements="3" conditionals="0" coveredconditionals="0" methods="13" coveredmethods="0"/>
        <line num="8" count="1" type="stmt"/>
        <line num="15" count="1" type="stmt"/>
        <line num="19" count="0" type="stmt"/>
        <line num="24" count="0" type="stmt"/>
        <line num="29" count="0" type="stmt"/>
        <line num="33" count="1" type="stmt"/>
        <line num="34" count="0" type="stmt"/>
        <line num="35" count="0" type="stmt"/>
        <line num="36" count="0" type="stmt"/>
        <line num="37" count="0" type="stmt"/>
        <line num="38" count="0" type="stmt"/>
        <line num="39" count="0" type="stmt"/>
        <line num="40" count="0" type="stmt"/>
        <line num="41" count="0" type="stmt"/>
        <line num="42" count="0" type="stmt"/>
        <line num="43" count="0" type="stmt"/>
      </file>
    </package>
    <package name="WelcomePages.WelcomePage4">
      <metrics statements="18" coveredstatements="5" conditionals="0" coveredconditionals="0" methods="14" coveredmethods="1"/>
      <file name="WelcomePage4.jsx" path="/home/whoami/frontend/commerce-projects/df_boilerplate_ex/src/WelcomePages/WelcomePage4/WelcomePage4.jsx">
        <metrics statements="2" coveredstatements="2" conditionals="0" coveredconditionals="0" methods="1" coveredmethods="1"/>
        <line num="7" count="1" type="stmt"/>
        <line num="8" count="4" type="stmt"/>
      </file>
      <file name="data.js" path="/home/whoami/frontend/commerce-projects/df_boilerplate_ex/src/WelcomePages/WelcomePage4/data.js">
        <metrics statements="16" coveredstatements="3" conditionals="0" coveredconditionals="0" methods="13" coveredmethods="0"/>
        <line num="8" count="1" type="stmt"/>
        <line num="15" count="1" type="stmt"/>
        <line num="19" count="0" type="stmt"/>
        <line num="24" count="0" type="stmt"/>
        <line num="29" count="0" type="stmt"/>
        <line num="33" count="1" type="stmt"/>
        <line num="34" count="0" type="stmt"/>
        <line num="35" count="0" type="stmt"/>
        <line num="36" count="0" type="stmt"/>
        <line num="37" count="0" type="stmt"/>
        <line num="38" count="0" type="stmt"/>
        <line num="39" count="0" type="stmt"/>
        <line num="40" count="0" type="stmt"/>
        <line num="41" count="0" type="stmt"/>
        <line num="42" count="0" type="stmt"/>
        <line num="43" count="0" type="stmt"/>
      </file>
    </package>
    <package name="WelcomePages.WelcomePage5">
      <metrics statements="9" coveredstatements="4" conditionals="0" coveredconditionals="0" methods="6" coveredmethods="1"/>
      <file name="WelcomePage5.jsx" path="/home/whoami/frontend/commerce-projects/df_boilerplate_ex/src/WelcomePages/WelcomePage5/WelcomePage5.jsx">
        <metrics statements="2" coveredstatements="2" conditionals="0" coveredconditionals="0" methods="1" coveredmethods="1"/>
        <line num="9" count="1" type="stmt"/>
        <line num="10" count="4" type="stmt"/>
      </file>
      <file name="data.js" path="/home/whoami/frontend/commerce-projects/df_boilerplate_ex/src/WelcomePages/WelcomePage5/data.js">
        <metrics statements="7" coveredstatements="2" conditionals="0" coveredconditionals="0" methods="5" coveredmethods="0"/>
        <line num="3" count="1" type="stmt"/>
        <line num="7" count="0" type="stmt"/>
        <line num="12" count="0" type="stmt"/>
        <line num="17" count="0" type="stmt"/>
        <line num="21" count="1" type="stmt"/>
        <line num="22" count="0" type="stmt"/>
        <line num="23" count="0" type="stmt"/>
      </file>
    </package>
    <package name="WelcomePages.WelcomePage6">
      <metrics statements="17" coveredstatements="4" conditionals="0" coveredconditionals="0" methods="14" coveredmethods="1"/>
      <file name="WelcomePage6.jsx" path="/home/whoami/frontend/commerce-projects/df_boilerplate_ex/src/WelcomePages/WelcomePage6/WelcomePage6.jsx">
        <metrics statements="2" coveredstatements="2" conditionals="0" coveredconditionals="0" methods="1" coveredmethods="1"/>
        <line num="9" count="1" type="stmt"/>
        <line num="10" count="4" type="stmt"/>
      </file>
      <file name="data.js" path="/home/whoami/frontend/commerce-projects/df_boilerplate_ex/src/WelcomePages/WelcomePage6/data.js">
        <metrics statements="15" coveredstatements="2" conditionals="0" coveredconditionals="0" methods="13" coveredmethods="0"/>
        <line num="3" count="1" type="stmt"/>
        <line num="7" count="0" type="stmt"/>
        <line num="12" count="0" type="stmt"/>
        <line num="17" count="0" type="stmt"/>
        <line num="21" count="1" type="stmt"/>
        <line num="22" count="0" type="stmt"/>
        <line num="23" count="0" type="stmt"/>
        <line num="24" count="0" type="stmt"/>
        <line num="25" count="0" type="stmt"/>
        <line num="26" count="0" type="stmt"/>
        <line num="27" count="0" type="stmt"/>
        <line num="28" count="0" type="stmt"/>
        <line num="29" count="0" type="stmt"/>
        <line num="30" count="0" type="stmt"/>
        <line num="31" count="0" type="stmt"/>
      </file>
    </package>
    <package name="WelcomePages.WelcomePage7">
      <metrics statements="17" coveredstatements="4" conditionals="0" coveredconditionals="0" methods="14" coveredmethods="1"/>
      <file name="WelcomePage7.jsx" path="/home/whoami/frontend/commerce-projects/df_boilerplate_ex/src/WelcomePages/WelcomePage7/WelcomePage7.jsx">
        <metrics statements="2" coveredstatements="2" conditionals="0" coveredconditionals="0" methods="1" coveredmethods="1"/>
        <line num="9" count="1" type="stmt"/>
        <line num="10" count="4" type="stmt"/>
      </file>
      <file name="data.js" path="/home/whoami/frontend/commerce-projects/df_boilerplate_ex/src/WelcomePages/WelcomePage7/data.js">
        <metrics statements="15" coveredstatements="2" conditionals="0" coveredconditionals="0" methods="13" coveredmethods="0"/>
        <line num="3" count="1" type="stmt"/>
        <line num="7" count="0" type="stmt"/>
        <line num="12" count="0" type="stmt"/>
        <line num="17" count="0" type="stmt"/>
        <line num="21" count="1" type="stmt"/>
        <line num="22" count="0" type="stmt"/>
        <line num="23" count="0" type="stmt"/>
        <line num="24" count="0" type="stmt"/>
        <line num="25" count="0" type="stmt"/>
        <line num="26" count="0" type="stmt"/>
        <line num="27" count="0" type="stmt"/>
        <line num="28" count="0" type="stmt"/>
        <line num="29" count="0" type="stmt"/>
        <line num="30" count="0" type="stmt"/>
        <line num="31" count="0" type="stmt"/>
      </file>
    </package>
    <package name="WelcomePages.WelcomePage8">
      <metrics statements="17" coveredstatements="4" conditionals="0" coveredconditionals="0" methods="14" coveredmethods="1"/>
      <file name="WelcomePage8.jsx" path="/home/whoami/frontend/commerce-projects/df_boilerplate_ex/src/WelcomePages/WelcomePage8/WelcomePage8.jsx">
        <metrics statements="2" coveredstatements="2" conditionals="0" coveredconditionals="0" methods="1" coveredmethods="1"/>
        <line num="8" count="1" type="stmt"/>
        <line num="9" count="4" type="stmt"/>
      </file>
      <file name="data.js" path="/home/whoami/frontend/commerce-projects/df_boilerplate_ex/src/WelcomePages/WelcomePage8/data.js">
        <metrics statements="15" coveredstatements="2" conditionals="0" coveredconditionals="0" methods="13" coveredmethods="0"/>
        <line num="3" count="1" type="stmt"/>
        <line num="7" count="0" type="stmt"/>
        <line num="12" count="0" type="stmt"/>
        <line num="17" count="0" type="stmt"/>
        <line num="21" count="1" type="stmt"/>
        <line num="22" count="0" type="stmt"/>
        <line num="23" count="0" type="stmt"/>
        <line num="24" count="0" type="stmt"/>
        <line num="25" count="0" type="stmt"/>
        <line num="26" count="0" type="stmt"/>
        <line num="27" count="0" type="stmt"/>
        <line num="28" count="0" type="stmt"/>
        <line num="29" count="0" type="stmt"/>
        <line num="30" count="0" type="stmt"/>
        <line num="31" count="0" type="stmt"/>
      </file>
    </package>
  </project>
</coverage>
