<?xml version="1.0" encoding="UTF-8"?>
<coverage generated="1724151767209" clover="3.2.0">
  <project timestamp="1724151767209" name="All files">
    <metrics statements="83" coveredstatements="59" conditionals="0" coveredconditionals="0" methods="138" coveredmethods="16" elements="221" coveredelements="75" complexity="0" loc="83" ncloc="83" packages="16" files="16" classes="16"/>
    <package name="DiffClosedCardsPage">
      <metrics statements="5" coveredstatements="5" conditionals="0" coveredconditionals="0" methods="4" coveredmethods="1"/>
      <file name="DiffClosedCardsPage.jsx" path="/home/whoami/frontend/commerce-projects/df_boilerplate_ex/src/DiffClosedCardsPage/DiffClosedCardsPage.jsx">
        <metrics statements="5" coveredstatements="5" conditionals="0" coveredconditionals="0" methods="4" coveredmethods="1"/>
        <line num="18" count="1" type="stmt"/>
        <line num="19" count="4" type="stmt"/>
        <line num="37" count="4" type="stmt"/>
        <line num="352" count="4" type="stmt"/>
        <line num="378" count="4" type="stmt"/>
      </file>
    </package>
    <package name="DiffOpenedCardsPage">
      <metrics statements="5" coveredstatements="5" conditionals="0" coveredconditionals="0" methods="4" coveredmethods="1"/>
      <file name="DiffOpenedCardsPage.jsx" path="/home/whoami/frontend/commerce-projects/df_boilerplate_ex/src/DiffOpenedCardsPage/DiffOpenedCardsPage.jsx">
        <metrics statements="5" coveredstatements="5" conditionals="0" coveredconditionals="0" methods="4" coveredmethods="1"/>
        <line num="17" count="1" type="stmt"/>
        <line num="18" count="4" type="stmt"/>
        <line num="36" count="4" type="stmt"/>
        <line num="351" count="4" type="stmt"/>
        <line num="367" count="4" type="stmt"/>
      </file>
    </package>
    <package name="HomePage">
      <metrics statements="3" coveredstatements="3" conditionals="0" coveredconditionals="0" methods="4" coveredmethods="1"/>
      <file name="HomePage.jsx" path="/home/whoami/frontend/commerce-projects/df_boilerplate_ex/src/HomePage/HomePage.jsx">
        <metrics statements="3" coveredstatements="3" conditionals="0" coveredconditionals="0" methods="4" coveredmethods="1"/>
        <line num="6" count="1" type="stmt"/>
        <line num="7" count="4" type="stmt"/>
        <line num="25" count="4" type="stmt"/>
      </file>
    </package>
    <package name="OrderListPreviewPage">
      <metrics statements="5" coveredstatements="5" conditionals="0" coveredconditionals="0" methods="4" coveredmethods="1"/>
      <file name="OrderListPreviewPage.jsx" path="/home/whoami/frontend/commerce-projects/df_boilerplate_ex/src/OrderListPreviewPage/OrderListPreviewPage.jsx">
        <metrics statements="5" coveredstatements="5" conditionals="0" coveredconditionals="0" methods="4" coveredmethods="1"/>
        <line num="16" count="1" type="stmt"/>
        <line num="17" count="4" type="stmt"/>
        <line num="35" count="4" type="stmt"/>
        <line num="350" count="4" type="stmt"/>
        <line num="376" count="4" type="stmt"/>
      </file>
    </package>
    <package name="OrderPage">
      <metrics statements="5" coveredstatements="5" conditionals="0" coveredconditionals="0" methods="4" coveredmethods="1"/>
      <file name="OrderPage.jsx" path="/home/whoami/frontend/commerce-projects/df_boilerplate_ex/src/OrderPage/OrderPage.jsx">
        <metrics statements="5" coveredstatements="5" conditionals="0" coveredconditionals="0" methods="4" coveredmethods="1"/>
        <line num="16" count="1" type="stmt"/>
        <line num="17" count="4" type="stmt"/>
        <line num="35" count="4" type="stmt"/>
        <line num="62" count="4" type="stmt"/>
        <line num="141" count="4" type="stmt"/>
      </file>
    </package>
    <package name="OrdersFilterClosedPage">
      <metrics statements="5" coveredstatements="5" conditionals="0" coveredconditionals="0" methods="4" coveredmethods="1"/>
      <file name="OrdersFilterClosedPage.jsx" path="/home/whoami/frontend/commerce-projects/df_boilerplate_ex/src/OrdersFilterClosedPage/OrdersFilterClosedPage.jsx">
        <metrics statements="5" coveredstatements="5" conditionals="0" coveredconditionals="0" methods="4" coveredmethods="1"/>
        <line num="12" count="1" type="stmt"/>
        <line num="13" count="4" type="stmt"/>
        <line num="31" count="4" type="stmt"/>
        <line num="178" count="4" type="stmt"/>
        <line num="204" count="4" type="stmt"/>
      </file>
    </package>
    <package name="OrdersFilterOpenedPage">
      <metrics statements="4" coveredstatements="4" conditionals="0" coveredconditionals="0" methods="4" coveredmethods="1"/>
      <file name="OrdersFilterOpenedPage.jsx" path="/home/whoami/frontend/commerce-projects/df_boilerplate_ex/src/OrdersFilterOpenedPage/OrdersFilterOpenedPage.jsx">
        <metrics statements="4" coveredstatements="4" conditionals="0" coveredconditionals="0" methods="4" coveredmethods="1"/>
        <line num="10" count="1" type="stmt"/>
        <line num="11" count="4" type="stmt"/>
        <line num="29" count="4" type="stmt"/>
        <line num="45" count="4" type="stmt"/>
      </file>
    </package>
    <package name="TimeWidgetsPage">
      <metrics statements="3" coveredstatements="3" conditionals="0" coveredconditionals="0" methods="4" coveredmethods="1"/>
      <file name="TimeWidgetsPage.jsx" path="/home/whoami/frontend/commerce-projects/df_boilerplate_ex/src/TimeWidgetsPage/TimeWidgetsPage.jsx">
        <metrics statements="3" coveredstatements="3" conditionals="0" coveredconditionals="0" methods="4" coveredmethods="1"/>
        <line num="6" count="1" type="stmt"/>
        <line num="7" count="4" type="stmt"/>
        <line num="25" count="4" type="stmt"/>
      </file>
    </package>
    <package name="WelcomePages.WelcomePage1">
      <metrics statements="6" coveredstatements="3" conditionals="0" coveredconditionals="0" methods="6" coveredmethods="1"/>
      <file name="WelcomePage1.jsx" path="/home/whoami/frontend/commerce-projects/df_boilerplate_ex/src/WelcomePages/WelcomePage1/WelcomePage1.jsx">
        <metrics statements="6" coveredstatements="3" conditionals="0" coveredconditionals="0" methods="6" coveredmethods="1"/>
        <line num="15" count="1" type="stmt"/>
        <line num="18" count="4" type="stmt"/>
        <line num="22" count="0" type="stmt"/>
        <line num="27" count="0" type="stmt"/>
        <line num="32" count="0" type="stmt"/>
        <line num="36" count="4" type="stmt"/>
      </file>
    </package>
    <package name="WelcomePages.WelcomePage2">
      <metrics statements="6" coveredstatements="3" conditionals="0" coveredconditionals="0" methods="16" coveredmethods="1"/>
      <file name="WelcomePage2.jsx" path="/home/whoami/frontend/commerce-projects/df_boilerplate_ex/src/WelcomePages/WelcomePage2/WelcomePage2.jsx">
        <metrics statements="6" coveredstatements="3" conditionals="0" coveredconditionals="0" methods="16" coveredmethods="1"/>
        <line num="16" count="1" type="stmt"/>
        <line num="19" count="4" type="stmt"/>
        <line num="23" count="0" type="stmt"/>
        <line num="28" count="0" type="stmt"/>
        <line num="33" count="0" type="stmt"/>
        <line num="37" count="4" type="stmt"/>
      </file>
    </package>
    <package name="WelcomePages.WelcomePage3">
      <metrics statements="6" coveredstatements="3" conditionals="0" coveredconditionals="0" methods="16" coveredmethods="1"/>
      <file name="WelcomePage3.jsx" path="/home/whoami/frontend/commerce-projects/df_boilerplate_ex/src/WelcomePages/WelcomePage3/WelcomePage3.jsx">
        <metrics statements="6" coveredstatements="3" conditionals="0" coveredconditionals="0" methods="16" coveredmethods="1"/>
        <line num="16" count="1" type="stmt"/>
        <line num="19" count="4" type="stmt"/>
        <line num="23" count="0" type="stmt"/>
        <line num="28" count="0" type="stmt"/>
        <line num="33" count="0" type="stmt"/>
        <line num="37" count="4" type="stmt"/>
      </file>
    </package>
    <package name="WelcomePages.WelcomePage4">
      <metrics statements="6" coveredstatements="3" conditionals="0" coveredconditionals="0" methods="14" coveredmethods="1"/>
      <file name="WelcomePage4.jsx" path="/home/whoami/frontend/commerce-projects/df_boilerplate_ex/src/WelcomePages/WelcomePage4/WelcomePage4.jsx">
        <metrics statements="6" coveredstatements="3" conditionals="0" coveredconditionals="0" methods="14" coveredmethods="1"/>
        <line num="15" count="1" type="stmt"/>
        <line num="18" count="4" type="stmt"/>
        <line num="22" count="0" type="stmt"/>
        <line num="27" count="0" type="stmt"/>
        <line num="32" count="0" type="stmt"/>
        <line num="36" count="4" type="stmt"/>
      </file>
    </package>
    <package name="WelcomePages.WelcomePage5">
      <metrics statements="6" coveredstatements="3" conditionals="0" coveredconditionals="0" methods="8" coveredmethods="1"/>
      <file name="WelcomePage5.jsx" path="/home/whoami/frontend/commerce-projects/df_boilerplate_ex/src/WelcomePages/WelcomePage5/WelcomePage5.jsx">
        <metrics statements="6" coveredstatements="3" conditionals="0" coveredconditionals="0" methods="8" coveredmethods="1"/>
        <line num="16" count="1" type="stmt"/>
        <line num="17" count="4" type="stmt"/>
        <line num="21" count="0" type="stmt"/>
        <line num="26" count="0" type="stmt"/>
        <line num="31" count="0" type="stmt"/>
        <line num="35" count="4" type="stmt"/>
      </file>
    </package>
    <package name="WelcomePages.WelcomePage6">
      <metrics statements="6" coveredstatements="3" conditionals="0" coveredconditionals="0" methods="16" coveredmethods="1"/>
      <file name="WelcomePage6.jsx" path="/home/whoami/frontend/commerce-projects/df_boilerplate_ex/src/WelcomePages/WelcomePage6/WelcomePage6.jsx">
        <metrics statements="6" coveredstatements="3" conditionals="0" coveredconditionals="0" methods="16" coveredmethods="1"/>
        <line num="16" count="1" type="stmt"/>
        <line num="17" count="4" type="stmt"/>
        <line num="21" count="0" type="stmt"/>
        <line num="26" count="0" type="stmt"/>
        <line num="31" count="0" type="stmt"/>
        <line num="35" count="4" type="stmt"/>
      </file>
    </package>
    <package name="WelcomePages.WelcomePage7">
      <metrics statements="6" coveredstatements="3" conditionals="0" coveredconditionals="0" methods="16" coveredmethods="1"/>
      <file name="WelcomePage7.jsx" path="/home/whoami/frontend/commerce-projects/df_boilerplate_ex/src/WelcomePages/WelcomePage7/WelcomePage7.jsx">
        <metrics statements="6" coveredstatements="3" conditionals="0" coveredconditionals="0" methods="16" coveredmethods="1"/>
        <line num="16" count="1" type="stmt"/>
        <line num="17" count="4" type="stmt"/>
        <line num="21" count="0" type="stmt"/>
        <line num="26" count="0" type="stmt"/>
        <line num="31" count="0" type="stmt"/>
        <line num="35" count="4" type="stmt"/>
      </file>
    </package>
    <package name="WelcomePages.WelcomePage8">
      <metrics statements="6" coveredstatements="3" conditionals="0" coveredconditionals="0" methods="14" coveredmethods="1"/>
      <file name="WelcomePage8.jsx" path="/home/whoami/frontend/commerce-projects/df_boilerplate_ex/src/WelcomePages/WelcomePage8/WelcomePage8.jsx">
        <metrics statements="6" coveredstatements="3" conditionals="0" coveredconditionals="0" methods="14" coveredmethods="1"/>
        <line num="15" count="1" type="stmt"/>
        <line num="16" count="4" type="stmt"/>
        <line num="20" count="0" type="stmt"/>
        <line num="25" count="0" type="stmt"/>
        <line num="30" count="0" type="stmt"/>
        <line num="34" count="4" type="stmt"/>
      </file>
    </package>
  </project>
</coverage>
