{"/home/whoami/frontend/commerce-projects/df_boilerplate_ex/src/DiffClosedCardsPage/DiffClosedCardsPage.jsx": {"path":"/home/whoami/frontend/commerce-projects/df_boilerplate_ex/src/DiffClosedCardsPage/DiffClosedCardsPage.jsx","statementMap":{"0":{"start":{"line":18,"column":35},"end":{"line":427,"column":1}},"1":{"start":{"line":19,"column":17},"end":{"line":35,"column":2}},"2":{"start":{"line":37,"column":14},"end":{"line":350,"column":2}},"3":{"start":{"line":352,"column":19},"end":{"line":376,"column":3}},"4":{"start":{"line":378,"column":1},"end":{"line":426,"column":3}}},"fnMap":{"0":{"name":"(anonymous_0)","decl":{"start":{"line":18,"column":35},"end":{"line":18,"column":36}},"loc":{"start":{"line":18,"column":61},"end":{"line":427,"column":1}},"line":18},"1":{"name":"(anonymous_1)","decl":{"start":{"line":23,"column":12},"end":{"line":23,"column":13}},"loc":{"start":{"line":23,"column":18},"end":{"line":23,"column":20}},"line":23},"2":{"name":"(anonymous_2)","decl":{"start":{"line":28,"column":12},"end":{"line":28,"column":13}},"loc":{"start":{"line":28,"column":18},"end":{"line":28,"column":20}},"line":28},"3":{"name":"(anonymous_3)","decl":{"start":{"line":33,"column":12},"end":{"line":33,"column":13}},"loc":{"start":{"line":33,"column":18},"end":{"line":33,"column":20}},"line":33}},"branchMap":{},"s":{"0":1,"1":4,"2":4,"3":4,"4":4},"f":{"0":4,"1":0,"2":0,"3":0},"b":{},"_coverageSchema":"1a1c01bbd47fc00a2c39e90264f33305004495a9","hash":"71e3d31352c1c7c8d5da36e9ee7ad2fb6193c633"}
,"/home/whoami/frontend/commerce-projects/df_boilerplate_ex/src/DiffOpenedCardsPage/DiffOpenedCardsPage.jsx": {"path":"/home/whoami/frontend/commerce-projects/df_boilerplate_ex/src/DiffOpenedCardsPage/DiffOpenedCardsPage.jsx","statementMap":{"0":{"start":{"line":17,"column":35},"end":{"line":414,"column":1}},"1":{"start":{"line":18,"column":17},"end":{"line":34,"column":2}},"2":{"start":{"line":36,"column":14},"end":{"line":349,"column":2}},"3":{"start":{"line":351,"column":24},"end":{"line":365,"column":3}},"4":{"start":{"line":367,"column":1},"end":{"line":413,"column":3}}},"fnMap":{"0":{"name":"(anonymous_0)","decl":{"start":{"line":17,"column":35},"end":{"line":17,"column":36}},"loc":{"start":{"line":17,"column":61},"end":{"line":414,"column":1}},"line":17},"1":{"name":"(anonymous_1)","decl":{"start":{"line":22,"column":12},"end":{"line":22,"column":13}},"loc":{"start":{"line":22,"column":18},"end":{"line":22,"column":20}},"line":22},"2":{"name":"(anonymous_2)","decl":{"start":{"line":27,"column":12},"end":{"line":27,"column":13}},"loc":{"start":{"line":27,"column":18},"end":{"line":27,"column":20}},"line":27},"3":{"name":"(anonymous_3)","decl":{"start":{"line":32,"column":12},"end":{"line":32,"column":13}},"loc":{"start":{"line":32,"column":18},"end":{"line":32,"column":20}},"line":32}},"branchMap":{},"s":{"0":1,"1":4,"2":4,"3":4,"4":4},"f":{"0":4,"1":0,"2":0,"3":0},"b":{},"_coverageSchema":"1a1c01bbd47fc00a2c39e90264f33305004495a9","hash":"482b1c22f9175a29b688b61eea4e88d5519397d6"}
,"/home/whoami/frontend/commerce-projects/df_boilerplate_ex/src/HomePage/HomePage.jsx": {"path":"/home/whoami/frontend/commerce-projects/df_boilerplate_ex/src/HomePage/HomePage.jsx","statementMap":{"0":{"start":{"line":6,"column":24},"end":{"line":35,"column":1}},"1":{"start":{"line":7,"column":17},"end":{"line":23,"column":2}},"2":{"start":{"line":25,"column":1},"end":{"line":34,"column":3}}},"fnMap":{"0":{"name":"(anonymous_0)","decl":{"start":{"line":6,"column":24},"end":{"line":6,"column":25}},"loc":{"start":{"line":6,"column":42},"end":{"line":35,"column":1}},"line":6},"1":{"name":"(anonymous_1)","decl":{"start":{"line":11,"column":12},"end":{"line":11,"column":13}},"loc":{"start":{"line":11,"column":18},"end":{"line":11,"column":20}},"line":11},"2":{"name":"(anonymous_2)","decl":{"start":{"line":16,"column":12},"end":{"line":16,"column":13}},"loc":{"start":{"line":16,"column":18},"end":{"line":16,"column":20}},"line":16},"3":{"name":"(anonymous_3)","decl":{"start":{"line":21,"column":12},"end":{"line":21,"column":13}},"loc":{"start":{"line":21,"column":18},"end":{"line":21,"column":20}},"line":21}},"branchMap":{},"s":{"0":1,"1":4,"2":4},"f":{"0":4,"1":0,"2":0,"3":0},"b":{},"_coverageSchema":"1a1c01bbd47fc00a2c39e90264f33305004495a9","hash":"502f6cbdcd994907d0c4287eec673eac715040f6"}
,"/home/whoami/frontend/commerce-projects/df_boilerplate_ex/src/OrderListPreviewPage/OrderListPreviewPage.jsx": {"path":"/home/whoami/frontend/commerce-projects/df_boilerplate_ex/src/OrderListPreviewPage/OrderListPreviewPage.jsx","statementMap":{"0":{"start":{"line":16,"column":36},"end":{"line":400,"column":1}},"1":{"start":{"line":17,"column":17},"end":{"line":33,"column":2}},"2":{"start":{"line":35,"column":14},"end":{"line":348,"column":2}},"3":{"start":{"line":350,"column":19},"end":{"line":374,"column":3}},"4":{"start":{"line":376,"column":1},"end":{"line":399,"column":3}}},"fnMap":{"0":{"name":"(anonymous_0)","decl":{"start":{"line":16,"column":36},"end":{"line":16,"column":37}},"loc":{"start":{"line":16,"column":62},"end":{"line":400,"column":1}},"line":16},"1":{"name":"(anonymous_1)","decl":{"start":{"line":21,"column":12},"end":{"line":21,"column":13}},"loc":{"start":{"line":21,"column":18},"end":{"line":21,"column":20}},"line":21},"2":{"name":"(anonymous_2)","decl":{"start":{"line":26,"column":12},"end":{"line":26,"column":13}},"loc":{"start":{"line":26,"column":18},"end":{"line":26,"column":20}},"line":26},"3":{"name":"(anonymous_3)","decl":{"start":{"line":31,"column":12},"end":{"line":31,"column":13}},"loc":{"start":{"line":31,"column":18},"end":{"line":31,"column":20}},"line":31}},"branchMap":{},"s":{"0":1,"1":4,"2":4,"3":4,"4":4},"f":{"0":4,"1":0,"2":0,"3":0},"b":{},"_coverageSchema":"1a1c01bbd47fc00a2c39e90264f33305004495a9","hash":"292d7b59948ed70006e4e4be9796bf2af154c24a"}
,"/home/whoami/frontend/commerce-projects/df_boilerplate_ex/src/OrderPage/OrderPage.jsx": {"path":"/home/whoami/frontend/commerce-projects/df_boilerplate_ex/src/OrderPage/OrderPage.jsx","statementMap":{"0":{"start":{"line":16,"column":25},"end":{"line":146,"column":1}},"1":{"start":{"line":17,"column":17},"end":{"line":33,"column":2}},"2":{"start":{"line":35,"column":17},"end":{"line":60,"column":2}},"3":{"start":{"line":62,"column":15},"end":{"line":139,"column":2}},"4":{"start":{"line":141,"column":1},"end":{"line":145,"column":3}}},"fnMap":{"0":{"name":"(anonymous_0)","decl":{"start":{"line":16,"column":25},"end":{"line":16,"column":26}},"loc":{"start":{"line":16,"column":51},"end":{"line":146,"column":1}},"line":16},"1":{"name":"(anonymous_1)","decl":{"start":{"line":21,"column":12},"end":{"line":21,"column":13}},"loc":{"start":{"line":21,"column":18},"end":{"line":21,"column":20}},"line":21},"2":{"name":"(anonymous_2)","decl":{"start":{"line":26,"column":12},"end":{"line":26,"column":13}},"loc":{"start":{"line":26,"column":18},"end":{"line":26,"column":20}},"line":26},"3":{"name":"(anonymous_3)","decl":{"start":{"line":31,"column":12},"end":{"line":31,"column":13}},"loc":{"start":{"line":31,"column":18},"end":{"line":31,"column":20}},"line":31}},"branchMap":{},"s":{"0":1,"1":4,"2":4,"3":4,"4":4},"f":{"0":4,"1":0,"2":0,"3":0},"b":{},"_coverageSchema":"1a1c01bbd47fc00a2c39e90264f33305004495a9","hash":"599a352516dcc651070e118ee7378a955f818290"}
,"/home/whoami/frontend/commerce-projects/df_boilerplate_ex/src/OrdersFilterClosedPage/OrdersFilterClosedPage.jsx": {"path":"/home/whoami/frontend/commerce-projects/df_boilerplate_ex/src/OrdersFilterClosedPage/OrdersFilterClosedPage.jsx","statementMap":{"0":{"start":{"line":12,"column":38},"end":{"line":219,"column":1}},"1":{"start":{"line":13,"column":17},"end":{"line":29,"column":2}},"2":{"start":{"line":31,"column":14},"end":{"line":176,"column":2}},"3":{"start":{"line":178,"column":19},"end":{"line":202,"column":3}},"4":{"start":{"line":204,"column":1},"end":{"line":218,"column":3}}},"fnMap":{"0":{"name":"(anonymous_0)","decl":{"start":{"line":12,"column":38},"end":{"line":12,"column":39}},"loc":{"start":{"line":12,"column":64},"end":{"line":219,"column":1}},"line":12},"1":{"name":"(anonymous_1)","decl":{"start":{"line":17,"column":12},"end":{"line":17,"column":13}},"loc":{"start":{"line":17,"column":18},"end":{"line":17,"column":20}},"line":17},"2":{"name":"(anonymous_2)","decl":{"start":{"line":22,"column":12},"end":{"line":22,"column":13}},"loc":{"start":{"line":22,"column":18},"end":{"line":22,"column":20}},"line":22},"3":{"name":"(anonymous_3)","decl":{"start":{"line":27,"column":12},"end":{"line":27,"column":13}},"loc":{"start":{"line":27,"column":18},"end":{"line":27,"column":20}},"line":27}},"branchMap":{},"s":{"0":1,"1":4,"2":4,"3":4,"4":4},"f":{"0":4,"1":0,"2":0,"3":0},"b":{},"_coverageSchema":"1a1c01bbd47fc00a2c39e90264f33305004495a9","hash":"922240cbb8998938399ca1de260ce4df09c87f09"}
,"/home/whoami/frontend/commerce-projects/df_boilerplate_ex/src/OrdersFilterOpenedPage/OrdersFilterOpenedPage.jsx": {"path":"/home/whoami/frontend/commerce-projects/df_boilerplate_ex/src/OrdersFilterOpenedPage/OrdersFilterOpenedPage.jsx","statementMap":{"0":{"start":{"line":10,"column":38},"end":{"line":52,"column":1}},"1":{"start":{"line":11,"column":17},"end":{"line":27,"column":2}},"2":{"start":{"line":29,"column":19},"end":{"line":43,"column":3}},"3":{"start":{"line":45,"column":1},"end":{"line":51,"column":3}}},"fnMap":{"0":{"name":"(anonymous_0)","decl":{"start":{"line":10,"column":38},"end":{"line":10,"column":39}},"loc":{"start":{"line":10,"column":56},"end":{"line":52,"column":1}},"line":10},"1":{"name":"(anonymous_1)","decl":{"start":{"line":15,"column":12},"end":{"line":15,"column":13}},"loc":{"start":{"line":15,"column":18},"end":{"line":15,"column":20}},"line":15},"2":{"name":"(anonymous_2)","decl":{"start":{"line":20,"column":12},"end":{"line":20,"column":13}},"loc":{"start":{"line":20,"column":18},"end":{"line":20,"column":20}},"line":20},"3":{"name":"(anonymous_3)","decl":{"start":{"line":25,"column":12},"end":{"line":25,"column":13}},"loc":{"start":{"line":25,"column":18},"end":{"line":25,"column":20}},"line":25}},"branchMap":{},"s":{"0":1,"1":4,"2":4,"3":4},"f":{"0":4,"1":0,"2":0,"3":0},"b":{},"_coverageSchema":"1a1c01bbd47fc00a2c39e90264f33305004495a9","hash":"c4a93e5bd7cc7bda7b48f12ed165d50a323a8198"}
,"/home/whoami/frontend/commerce-projects/df_boilerplate_ex/src/TimeWidgetsPage/TimeWidgetsPage.jsx": {"path":"/home/whoami/frontend/commerce-projects/df_boilerplate_ex/src/TimeWidgetsPage/TimeWidgetsPage.jsx","statementMap":{"0":{"start":{"line":6,"column":31},"end":{"line":30,"column":1}},"1":{"start":{"line":7,"column":17},"end":{"line":23,"column":2}},"2":{"start":{"line":25,"column":1},"end":{"line":29,"column":3}}},"fnMap":{"0":{"name":"(anonymous_0)","decl":{"start":{"line":6,"column":31},"end":{"line":6,"column":32}},"loc":{"start":{"line":6,"column":57},"end":{"line":30,"column":1}},"line":6},"1":{"name":"(anonymous_1)","decl":{"start":{"line":11,"column":12},"end":{"line":11,"column":13}},"loc":{"start":{"line":11,"column":18},"end":{"line":11,"column":20}},"line":11},"2":{"name":"(anonymous_2)","decl":{"start":{"line":16,"column":12},"end":{"line":16,"column":13}},"loc":{"start":{"line":16,"column":18},"end":{"line":16,"column":20}},"line":16},"3":{"name":"(anonymous_3)","decl":{"start":{"line":21,"column":12},"end":{"line":21,"column":13}},"loc":{"start":{"line":21,"column":18},"end":{"line":21,"column":20}},"line":21}},"branchMap":{},"s":{"0":1,"1":4,"2":4},"f":{"0":4,"1":0,"2":0,"3":0},"b":{},"_coverageSchema":"1a1c01bbd47fc00a2c39e90264f33305004495a9","hash":"544eba9df386b19d7c51a68f870a8a46c7907ec7"}
,"/home/whoami/frontend/commerce-projects/df_boilerplate_ex/src/WelcomePages/WelcomePage1/WelcomePage1.jsx": {"path":"/home/whoami/frontend/commerce-projects/df_boilerplate_ex/src/WelcomePages/WelcomePage1/WelcomePage1.jsx","statementMap":{"0":{"start":{"line":15,"column":28},"end":{"line":46,"column":1}},"1":{"start":{"line":18,"column":17},"end":{"line":34,"column":2}},"2":{"start":{"line":22,"column":18},"end":{"line":22,"column":32}},"3":{"start":{"line":27,"column":18},"end":{"line":27,"column":32}},"4":{"start":{"line":32,"column":18},"end":{"line":32,"column":40}},"5":{"start":{"line":36,"column":1},"end":{"line":45,"column":3}}},"fnMap":{"0":{"name":"(anonymous_0)","decl":{"start":{"line":15,"column":28},"end":{"line":15,"column":29}},"loc":{"start":{"line":17,"column":38},"end":{"line":46,"column":1}},"line":17},"1":{"name":"(anonymous_1)","decl":{"start":{"line":22,"column":12},"end":{"line":22,"column":13}},"loc":{"start":{"line":22,"column":18},"end":{"line":22,"column":32}},"line":22},"2":{"name":"(anonymous_2)","decl":{"start":{"line":27,"column":12},"end":{"line":27,"column":13}},"loc":{"start":{"line":27,"column":18},"end":{"line":27,"column":32}},"line":27},"3":{"name":"(anonymous_3)","decl":{"start":{"line":32,"column":12},"end":{"line":32,"column":13}},"loc":{"start":{"line":32,"column":18},"end":{"line":32,"column":40}},"line":32},"4":{"name":"(anonymous_4)","decl":{"start":{"line":40,"column":39},"end":{"line":40,"column":40}},"loc":{"start":{"line":40,"column":50},"end":{"line":40,"column":52}},"line":40},"5":{"name":"(anonymous_5)","decl":{"start":{"line":41,"column":40},"end":{"line":41,"column":41}},"loc":{"start":{"line":41,"column":51},"end":{"line":41,"column":53}},"line":41}},"branchMap":{},"s":{"0":1,"1":4,"2":0,"3":0,"4":0,"5":4},"f":{"0":4,"1":0,"2":0,"3":0,"4":0,"5":0},"b":{},"_coverageSchema":"1a1c01bbd47fc00a2c39e90264f33305004495a9","hash":"593fd6fe57604b354e7334984e7319395d696ff4"}
,"/home/whoami/frontend/commerce-projects/df_boilerplate_ex/src/WelcomePages/WelcomePage2/WelcomePage2.jsx": {"path":"/home/whoami/frontend/commerce-projects/df_boilerplate_ex/src/WelcomePages/WelcomePage2/WelcomePage2.jsx","statementMap":{"0":{"start":{"line":16,"column":28},"end":{"line":63,"column":1}},"1":{"start":{"line":19,"column":17},"end":{"line":35,"column":2}},"2":{"start":{"line":23,"column":18},"end":{"line":23,"column":32}},"3":{"start":{"line":28,"column":18},"end":{"line":28,"column":32}},"4":{"start":{"line":33,"column":18},"end":{"line":33,"column":40}},"5":{"start":{"line":37,"column":1},"end":{"line":62,"column":3}}},"fnMap":{"0":{"name":"(anonymous_0)","decl":{"start":{"line":16,"column":28},"end":{"line":16,"column":29}},"loc":{"start":{"line":18,"column":46},"end":{"line":63,"column":1}},"line":18},"1":{"name":"(anonymous_1)","decl":{"start":{"line":23,"column":12},"end":{"line":23,"column":13}},"loc":{"start":{"line":23,"column":18},"end":{"line":23,"column":32}},"line":23},"2":{"name":"(anonymous_2)","decl":{"start":{"line":28,"column":12},"end":{"line":28,"column":13}},"loc":{"start":{"line":28,"column":18},"end":{"line":28,"column":32}},"line":28},"3":{"name":"(anonymous_3)","decl":{"start":{"line":33,"column":12},"end":{"line":33,"column":13}},"loc":{"start":{"line":33,"column":18},"end":{"line":33,"column":40}},"line":33},"4":{"name":"(anonymous_4)","decl":{"start":{"line":42,"column":40},"end":{"line":42,"column":41}},"loc":{"start":{"line":42,"column":51},"end":{"line":42,"column":53}},"line":42},"5":{"name":"(anonymous_5)","decl":{"start":{"line":43,"column":41},"end":{"line":43,"column":42}},"loc":{"start":{"line":43,"column":52},"end":{"line":43,"column":54}},"line":43},"6":{"name":"(anonymous_6)","decl":{"start":{"line":48,"column":40},"end":{"line":48,"column":41}},"loc":{"start":{"line":48,"column":51},"end":{"line":48,"column":53}},"line":48},"7":{"name":"(anonymous_7)","decl":{"start":{"line":49,"column":41},"end":{"line":49,"column":42}},"loc":{"start":{"line":49,"column":52},"end":{"line":49,"column":54}},"line":49},"8":{"name":"(anonymous_8)","decl":{"start":{"line":50,"column":40},"end":{"line":50,"column":41}},"loc":{"start":{"line":50,"column":51},"end":{"line":50,"column":53}},"line":50},"9":{"name":"(anonymous_9)","decl":{"start":{"line":51,"column":41},"end":{"line":51,"column":42}},"loc":{"start":{"line":51,"column":52},"end":{"line":51,"column":54}},"line":51},"10":{"name":"(anonymous_10)","decl":{"start":{"line":52,"column":40},"end":{"line":52,"column":41}},"loc":{"start":{"line":52,"column":51},"end":{"line":52,"column":53}},"line":52},"11":{"name":"(anonymous_11)","decl":{"start":{"line":53,"column":41},"end":{"line":53,"column":42}},"loc":{"start":{"line":53,"column":52},"end":{"line":53,"column":54}},"line":53},"12":{"name":"(anonymous_12)","decl":{"start":{"line":54,"column":40},"end":{"line":54,"column":41}},"loc":{"start":{"line":54,"column":51},"end":{"line":54,"column":53}},"line":54},"13":{"name":"(anonymous_13)","decl":{"start":{"line":55,"column":41},"end":{"line":55,"column":42}},"loc":{"start":{"line":55,"column":52},"end":{"line":55,"column":54}},"line":55},"14":{"name":"(anonymous_14)","decl":{"start":{"line":56,"column":40},"end":{"line":56,"column":41}},"loc":{"start":{"line":56,"column":51},"end":{"line":56,"column":53}},"line":56},"15":{"name":"(anonymous_15)","decl":{"start":{"line":57,"column":41},"end":{"line":57,"column":42}},"loc":{"start":{"line":57,"column":52},"end":{"line":57,"column":54}},"line":57}},"branchMap":{},"s":{"0":1,"1":4,"2":0,"3":0,"4":0,"5":4},"f":{"0":4,"1":0,"2":0,"3":0,"4":0,"5":0,"6":0,"7":0,"8":0,"9":0,"10":0,"11":0,"12":0,"13":0,"14":0,"15":0},"b":{},"_coverageSchema":"1a1c01bbd47fc00a2c39e90264f33305004495a9","hash":"ad7ca3397ea1acb882afd46d4f8d0a7e9040a02c"}
,"/home/whoami/frontend/commerce-projects/df_boilerplate_ex/src/WelcomePages/WelcomePage3/WelcomePage3.jsx": {"path":"/home/whoami/frontend/commerce-projects/df_boilerplate_ex/src/WelcomePages/WelcomePage3/WelcomePage3.jsx","statementMap":{"0":{"start":{"line":16,"column":28},"end":{"line":63,"column":1}},"1":{"start":{"line":19,"column":17},"end":{"line":35,"column":2}},"2":{"start":{"line":23,"column":18},"end":{"line":23,"column":32}},"3":{"start":{"line":28,"column":18},"end":{"line":28,"column":32}},"4":{"start":{"line":33,"column":18},"end":{"line":33,"column":40}},"5":{"start":{"line":37,"column":1},"end":{"line":62,"column":3}}},"fnMap":{"0":{"name":"(anonymous_0)","decl":{"start":{"line":16,"column":28},"end":{"line":16,"column":29}},"loc":{"start":{"line":18,"column":38},"end":{"line":63,"column":1}},"line":18},"1":{"name":"(anonymous_1)","decl":{"start":{"line":23,"column":12},"end":{"line":23,"column":13}},"loc":{"start":{"line":23,"column":18},"end":{"line":23,"column":32}},"line":23},"2":{"name":"(anonymous_2)","decl":{"start":{"line":28,"column":12},"end":{"line":28,"column":13}},"loc":{"start":{"line":28,"column":18},"end":{"line":28,"column":32}},"line":28},"3":{"name":"(anonymous_3)","decl":{"start":{"line":33,"column":12},"end":{"line":33,"column":13}},"loc":{"start":{"line":33,"column":18},"end":{"line":33,"column":40}},"line":33},"4":{"name":"(anonymous_4)","decl":{"start":{"line":42,"column":40},"end":{"line":42,"column":41}},"loc":{"start":{"line":42,"column":51},"end":{"line":42,"column":53}},"line":42},"5":{"name":"(anonymous_5)","decl":{"start":{"line":43,"column":41},"end":{"line":43,"column":42}},"loc":{"start":{"line":43,"column":52},"end":{"line":43,"column":54}},"line":43},"6":{"name":"(anonymous_6)","decl":{"start":{"line":44,"column":40},"end":{"line":44,"column":41}},"loc":{"start":{"line":44,"column":51},"end":{"line":44,"column":53}},"line":44},"7":{"name":"(anonymous_7)","decl":{"start":{"line":45,"column":41},"end":{"line":45,"column":42}},"loc":{"start":{"line":45,"column":52},"end":{"line":45,"column":54}},"line":45},"8":{"name":"(anonymous_8)","decl":{"start":{"line":46,"column":40},"end":{"line":46,"column":41}},"loc":{"start":{"line":46,"column":51},"end":{"line":46,"column":53}},"line":46},"9":{"name":"(anonymous_9)","decl":{"start":{"line":47,"column":41},"end":{"line":47,"column":42}},"loc":{"start":{"line":47,"column":52},"end":{"line":47,"column":54}},"line":47},"10":{"name":"(anonymous_10)","decl":{"start":{"line":48,"column":40},"end":{"line":48,"column":41}},"loc":{"start":{"line":48,"column":51},"end":{"line":48,"column":53}},"line":48},"11":{"name":"(anonymous_11)","decl":{"start":{"line":49,"column":41},"end":{"line":49,"column":42}},"loc":{"start":{"line":49,"column":52},"end":{"line":49,"column":54}},"line":49},"12":{"name":"(anonymous_12)","decl":{"start":{"line":50,"column":40},"end":{"line":50,"column":41}},"loc":{"start":{"line":50,"column":51},"end":{"line":50,"column":53}},"line":50},"13":{"name":"(anonymous_13)","decl":{"start":{"line":51,"column":41},"end":{"line":51,"column":42}},"loc":{"start":{"line":51,"column":52},"end":{"line":51,"column":54}},"line":51},"14":{"name":"(anonymous_14)","decl":{"start":{"line":56,"column":40},"end":{"line":56,"column":41}},"loc":{"start":{"line":56,"column":51},"end":{"line":56,"column":53}},"line":56},"15":{"name":"(anonymous_15)","decl":{"start":{"line":57,"column":41},"end":{"line":57,"column":42}},"loc":{"start":{"line":57,"column":52},"end":{"line":57,"column":54}},"line":57}},"branchMap":{},"s":{"0":1,"1":4,"2":0,"3":0,"4":0,"5":4},"f":{"0":4,"1":0,"2":0,"3":0,"4":0,"5":0,"6":0,"7":0,"8":0,"9":0,"10":0,"11":0,"12":0,"13":0,"14":0,"15":0},"b":{},"_coverageSchema":"1a1c01bbd47fc00a2c39e90264f33305004495a9","hash":"2ed73f3370effe92eeb624f69389e367b45cfd9a"}
,"/home/whoami/frontend/commerce-projects/df_boilerplate_ex/src/WelcomePages/WelcomePage4/WelcomePage4.jsx": {"path":"/home/whoami/frontend/commerce-projects/df_boilerplate_ex/src/WelcomePages/WelcomePage4/WelcomePage4.jsx","statementMap":{"0":{"start":{"line":15,"column":28},"end":{"line":54,"column":1}},"1":{"start":{"line":18,"column":17},"end":{"line":34,"column":2}},"2":{"start":{"line":22,"column":18},"end":{"line":22,"column":32}},"3":{"start":{"line":27,"column":18},"end":{"line":27,"column":32}},"4":{"start":{"line":32,"column":18},"end":{"line":32,"column":40}},"5":{"start":{"line":36,"column":1},"end":{"line":53,"column":3}}},"fnMap":{"0":{"name":"(anonymous_0)","decl":{"start":{"line":15,"column":28},"end":{"line":15,"column":29}},"loc":{"start":{"line":17,"column":38},"end":{"line":54,"column":1}},"line":17},"1":{"name":"(anonymous_1)","decl":{"start":{"line":22,"column":12},"end":{"line":22,"column":13}},"loc":{"start":{"line":22,"column":18},"end":{"line":22,"column":32}},"line":22},"2":{"name":"(anonymous_2)","decl":{"start":{"line":27,"column":12},"end":{"line":27,"column":13}},"loc":{"start":{"line":27,"column":18},"end":{"line":27,"column":32}},"line":27},"3":{"name":"(anonymous_3)","decl":{"start":{"line":32,"column":12},"end":{"line":32,"column":13}},"loc":{"start":{"line":32,"column":18},"end":{"line":32,"column":40}},"line":32},"4":{"name":"(anonymous_4)","decl":{"start":{"line":40,"column":39},"end":{"line":40,"column":40}},"loc":{"start":{"line":40,"column":50},"end":{"line":40,"column":52}},"line":40},"5":{"name":"(anonymous_5)","decl":{"start":{"line":41,"column":40},"end":{"line":41,"column":41}},"loc":{"start":{"line":41,"column":51},"end":{"line":41,"column":53}},"line":41},"6":{"name":"(anonymous_6)","decl":{"start":{"line":42,"column":39},"end":{"line":42,"column":40}},"loc":{"start":{"line":42,"column":50},"end":{"line":42,"column":52}},"line":42},"7":{"name":"(anonymous_7)","decl":{"start":{"line":43,"column":40},"end":{"line":43,"column":41}},"loc":{"start":{"line":43,"column":51},"end":{"line":43,"column":53}},"line":43},"8":{"name":"(anonymous_8)","decl":{"start":{"line":44,"column":39},"end":{"line":44,"column":40}},"loc":{"start":{"line":44,"column":50},"end":{"line":44,"column":52}},"line":44},"9":{"name":"(anonymous_9)","decl":{"start":{"line":45,"column":40},"end":{"line":45,"column":41}},"loc":{"start":{"line":45,"column":51},"end":{"line":45,"column":53}},"line":45},"10":{"name":"(anonymous_10)","decl":{"start":{"line":46,"column":39},"end":{"line":46,"column":40}},"loc":{"start":{"line":46,"column":50},"end":{"line":46,"column":52}},"line":46},"11":{"name":"(anonymous_11)","decl":{"start":{"line":47,"column":40},"end":{"line":47,"column":41}},"loc":{"start":{"line":47,"column":51},"end":{"line":47,"column":53}},"line":47},"12":{"name":"(anonymous_12)","decl":{"start":{"line":48,"column":39},"end":{"line":48,"column":40}},"loc":{"start":{"line":48,"column":50},"end":{"line":48,"column":52}},"line":48},"13":{"name":"(anonymous_13)","decl":{"start":{"line":49,"column":40},"end":{"line":49,"column":41}},"loc":{"start":{"line":49,"column":51},"end":{"line":49,"column":53}},"line":49}},"branchMap":{},"s":{"0":1,"1":4,"2":0,"3":0,"4":0,"5":4},"f":{"0":4,"1":0,"2":0,"3":0,"4":0,"5":0,"6":0,"7":0,"8":0,"9":0,"10":0,"11":0,"12":0,"13":0},"b":{},"_coverageSchema":"1a1c01bbd47fc00a2c39e90264f33305004495a9","hash":"cae34ce926b3f80c8b50111ea2a23f79ede2c98f"}
,"/home/whoami/frontend/commerce-projects/df_boilerplate_ex/src/WelcomePages/WelcomePage5/WelcomePage5.jsx": {"path":"/home/whoami/frontend/commerce-projects/df_boilerplate_ex/src/WelcomePages/WelcomePage5/WelcomePage5.jsx","statementMap":{"0":{"start":{"line":16,"column":28},"end":{"line":53,"column":1}},"1":{"start":{"line":17,"column":17},"end":{"line":33,"column":2}},"2":{"start":{"line":21,"column":18},"end":{"line":21,"column":32}},"3":{"start":{"line":26,"column":18},"end":{"line":26,"column":32}},"4":{"start":{"line":31,"column":18},"end":{"line":31,"column":40}},"5":{"start":{"line":35,"column":1},"end":{"line":52,"column":3}}},"fnMap":{"0":{"name":"(anonymous_0)","decl":{"start":{"line":16,"column":28},"end":{"line":16,"column":29}},"loc":{"start":{"line":16,"column":78},"end":{"line":53,"column":1}},"line":16},"1":{"name":"(anonymous_1)","decl":{"start":{"line":21,"column":12},"end":{"line":21,"column":13}},"loc":{"start":{"line":21,"column":18},"end":{"line":21,"column":32}},"line":21},"2":{"name":"(anonymous_2)","decl":{"start":{"line":26,"column":12},"end":{"line":26,"column":13}},"loc":{"start":{"line":26,"column":18},"end":{"line":26,"column":32}},"line":26},"3":{"name":"(anonymous_3)","decl":{"start":{"line":31,"column":12},"end":{"line":31,"column":13}},"loc":{"start":{"line":31,"column":18},"end":{"line":31,"column":40}},"line":31},"4":{"name":"(anonymous_4)","decl":{"start":{"line":40,"column":40},"end":{"line":40,"column":41}},"loc":{"start":{"line":40,"column":51},"end":{"line":40,"column":53}},"line":40},"5":{"name":"(anonymous_5)","decl":{"start":{"line":41,"column":41},"end":{"line":41,"column":42}},"loc":{"start":{"line":41,"column":52},"end":{"line":41,"column":54}},"line":41},"6":{"name":"(anonymous_6)","decl":{"start":{"line":46,"column":40},"end":{"line":46,"column":41}},"loc":{"start":{"line":46,"column":51},"end":{"line":46,"column":53}},"line":46},"7":{"name":"(anonymous_7)","decl":{"start":{"line":47,"column":41},"end":{"line":47,"column":42}},"loc":{"start":{"line":47,"column":52},"end":{"line":47,"column":54}},"line":47}},"branchMap":{},"s":{"0":1,"1":4,"2":0,"3":0,"4":0,"5":4},"f":{"0":4,"1":0,"2":0,"3":0,"4":0,"5":0,"6":0,"7":0},"b":{},"_coverageSchema":"1a1c01bbd47fc00a2c39e90264f33305004495a9","hash":"a10ab0d8370bca6bd94bd5f0aef90df01e931910"}
,"/home/whoami/frontend/commerce-projects/df_boilerplate_ex/src/WelcomePages/WelcomePage6/WelcomePage6.jsx": {"path":"/home/whoami/frontend/commerce-projects/df_boilerplate_ex/src/WelcomePages/WelcomePage6/WelcomePage6.jsx","statementMap":{"0":{"start":{"line":16,"column":28},"end":{"line":61,"column":1}},"1":{"start":{"line":17,"column":17},"end":{"line":33,"column":2}},"2":{"start":{"line":21,"column":18},"end":{"line":21,"column":32}},"3":{"start":{"line":26,"column":18},"end":{"line":26,"column":32}},"4":{"start":{"line":31,"column":18},"end":{"line":31,"column":40}},"5":{"start":{"line":35,"column":1},"end":{"line":60,"column":3}}},"fnMap":{"0":{"name":"(anonymous_0)","decl":{"start":{"line":16,"column":28},"end":{"line":16,"column":29}},"loc":{"start":{"line":16,"column":78},"end":{"line":61,"column":1}},"line":16},"1":{"name":"(anonymous_1)","decl":{"start":{"line":21,"column":12},"end":{"line":21,"column":13}},"loc":{"start":{"line":21,"column":18},"end":{"line":21,"column":32}},"line":21},"2":{"name":"(anonymous_2)","decl":{"start":{"line":26,"column":12},"end":{"line":26,"column":13}},"loc":{"start":{"line":26,"column":18},"end":{"line":26,"column":32}},"line":26},"3":{"name":"(anonymous_3)","decl":{"start":{"line":31,"column":12},"end":{"line":31,"column":13}},"loc":{"start":{"line":31,"column":18},"end":{"line":31,"column":40}},"line":31},"4":{"name":"(anonymous_4)","decl":{"start":{"line":40,"column":40},"end":{"line":40,"column":41}},"loc":{"start":{"line":40,"column":51},"end":{"line":40,"column":53}},"line":40},"5":{"name":"(anonymous_5)","decl":{"start":{"line":41,"column":41},"end":{"line":41,"column":42}},"loc":{"start":{"line":41,"column":52},"end":{"line":41,"column":54}},"line":41},"6":{"name":"(anonymous_6)","decl":{"start":{"line":46,"column":40},"end":{"line":46,"column":41}},"loc":{"start":{"line":46,"column":51},"end":{"line":46,"column":53}},"line":46},"7":{"name":"(anonymous_7)","decl":{"start":{"line":47,"column":41},"end":{"line":47,"column":42}},"loc":{"start":{"line":47,"column":52},"end":{"line":47,"column":54}},"line":47},"8":{"name":"(anonymous_8)","decl":{"start":{"line":48,"column":40},"end":{"line":48,"column":41}},"loc":{"start":{"line":48,"column":51},"end":{"line":48,"column":53}},"line":48},"9":{"name":"(anonymous_9)","decl":{"start":{"line":49,"column":41},"end":{"line":49,"column":42}},"loc":{"start":{"line":49,"column":52},"end":{"line":49,"column":54}},"line":49},"10":{"name":"(anonymous_10)","decl":{"start":{"line":50,"column":40},"end":{"line":50,"column":41}},"loc":{"start":{"line":50,"column":51},"end":{"line":50,"column":53}},"line":50},"11":{"name":"(anonymous_11)","decl":{"start":{"line":51,"column":41},"end":{"line":51,"column":42}},"loc":{"start":{"line":51,"column":52},"end":{"line":51,"column":54}},"line":51},"12":{"name":"(anonymous_12)","decl":{"start":{"line":52,"column":40},"end":{"line":52,"column":41}},"loc":{"start":{"line":52,"column":51},"end":{"line":52,"column":53}},"line":52},"13":{"name":"(anonymous_13)","decl":{"start":{"line":53,"column":41},"end":{"line":53,"column":42}},"loc":{"start":{"line":53,"column":52},"end":{"line":53,"column":54}},"line":53},"14":{"name":"(anonymous_14)","decl":{"start":{"line":54,"column":40},"end":{"line":54,"column":41}},"loc":{"start":{"line":54,"column":51},"end":{"line":54,"column":53}},"line":54},"15":{"name":"(anonymous_15)","decl":{"start":{"line":55,"column":41},"end":{"line":55,"column":42}},"loc":{"start":{"line":55,"column":52},"end":{"line":55,"column":54}},"line":55}},"branchMap":{},"s":{"0":1,"1":4,"2":0,"3":0,"4":0,"5":4},"f":{"0":4,"1":0,"2":0,"3":0,"4":0,"5":0,"6":0,"7":0,"8":0,"9":0,"10":0,"11":0,"12":0,"13":0,"14":0,"15":0},"b":{},"_coverageSchema":"1a1c01bbd47fc00a2c39e90264f33305004495a9","hash":"b9d771e4bed69b861935c97ffcb4993036f08d22"}
,"/home/whoami/frontend/commerce-projects/df_boilerplate_ex/src/WelcomePages/WelcomePage7/WelcomePage7.jsx": {"path":"/home/whoami/frontend/commerce-projects/df_boilerplate_ex/src/WelcomePages/WelcomePage7/WelcomePage7.jsx","statementMap":{"0":{"start":{"line":16,"column":28},"end":{"line":61,"column":1}},"1":{"start":{"line":17,"column":17},"end":{"line":33,"column":2}},"2":{"start":{"line":21,"column":18},"end":{"line":21,"column":32}},"3":{"start":{"line":26,"column":18},"end":{"line":26,"column":32}},"4":{"start":{"line":31,"column":18},"end":{"line":31,"column":40}},"5":{"start":{"line":35,"column":1},"end":{"line":60,"column":3}}},"fnMap":{"0":{"name":"(anonymous_0)","decl":{"start":{"line":16,"column":28},"end":{"line":16,"column":29}},"loc":{"start":{"line":16,"column":78},"end":{"line":61,"column":1}},"line":16},"1":{"name":"(anonymous_1)","decl":{"start":{"line":21,"column":12},"end":{"line":21,"column":13}},"loc":{"start":{"line":21,"column":18},"end":{"line":21,"column":32}},"line":21},"2":{"name":"(anonymous_2)","decl":{"start":{"line":26,"column":12},"end":{"line":26,"column":13}},"loc":{"start":{"line":26,"column":18},"end":{"line":26,"column":32}},"line":26},"3":{"name":"(anonymous_3)","decl":{"start":{"line":31,"column":12},"end":{"line":31,"column":13}},"loc":{"start":{"line":31,"column":18},"end":{"line":31,"column":40}},"line":31},"4":{"name":"(anonymous_4)","decl":{"start":{"line":40,"column":40},"end":{"line":40,"column":41}},"loc":{"start":{"line":40,"column":51},"end":{"line":40,"column":53}},"line":40},"5":{"name":"(anonymous_5)","decl":{"start":{"line":41,"column":41},"end":{"line":41,"column":42}},"loc":{"start":{"line":41,"column":52},"end":{"line":41,"column":54}},"line":41},"6":{"name":"(anonymous_6)","decl":{"start":{"line":42,"column":40},"end":{"line":42,"column":41}},"loc":{"start":{"line":42,"column":51},"end":{"line":42,"column":53}},"line":42},"7":{"name":"(anonymous_7)","decl":{"start":{"line":43,"column":41},"end":{"line":43,"column":42}},"loc":{"start":{"line":43,"column":52},"end":{"line":43,"column":54}},"line":43},"8":{"name":"(anonymous_8)","decl":{"start":{"line":44,"column":40},"end":{"line":44,"column":41}},"loc":{"start":{"line":44,"column":51},"end":{"line":44,"column":53}},"line":44},"9":{"name":"(anonymous_9)","decl":{"start":{"line":45,"column":41},"end":{"line":45,"column":42}},"loc":{"start":{"line":45,"column":52},"end":{"line":45,"column":54}},"line":45},"10":{"name":"(anonymous_10)","decl":{"start":{"line":46,"column":40},"end":{"line":46,"column":41}},"loc":{"start":{"line":46,"column":51},"end":{"line":46,"column":53}},"line":46},"11":{"name":"(anonymous_11)","decl":{"start":{"line":47,"column":41},"end":{"line":47,"column":42}},"loc":{"start":{"line":47,"column":52},"end":{"line":47,"column":54}},"line":47},"12":{"name":"(anonymous_12)","decl":{"start":{"line":48,"column":40},"end":{"line":48,"column":41}},"loc":{"start":{"line":48,"column":51},"end":{"line":48,"column":53}},"line":48},"13":{"name":"(anonymous_13)","decl":{"start":{"line":49,"column":41},"end":{"line":49,"column":42}},"loc":{"start":{"line":49,"column":52},"end":{"line":49,"column":54}},"line":49},"14":{"name":"(anonymous_14)","decl":{"start":{"line":54,"column":40},"end":{"line":54,"column":41}},"loc":{"start":{"line":54,"column":51},"end":{"line":54,"column":53}},"line":54},"15":{"name":"(anonymous_15)","decl":{"start":{"line":55,"column":41},"end":{"line":55,"column":42}},"loc":{"start":{"line":55,"column":52},"end":{"line":55,"column":54}},"line":55}},"branchMap":{},"s":{"0":1,"1":4,"2":0,"3":0,"4":0,"5":4},"f":{"0":4,"1":0,"2":0,"3":0,"4":0,"5":0,"6":0,"7":0,"8":0,"9":0,"10":0,"11":0,"12":0,"13":0,"14":0,"15":0},"b":{},"_coverageSchema":"1a1c01bbd47fc00a2c39e90264f33305004495a9","hash":"d95e3c9f4d22eed162e066efe279c5d6b0c729aa"}
,"/home/whoami/frontend/commerce-projects/df_boilerplate_ex/src/WelcomePages/WelcomePage8/WelcomePage8.jsx": {"path":"/home/whoami/frontend/commerce-projects/df_boilerplate_ex/src/WelcomePages/WelcomePage8/WelcomePage8.jsx","statementMap":{"0":{"start":{"line":15,"column":28},"end":{"line":52,"column":1}},"1":{"start":{"line":16,"column":17},"end":{"line":32,"column":2}},"2":{"start":{"line":20,"column":18},"end":{"line":20,"column":32}},"3":{"start":{"line":25,"column":18},"end":{"line":25,"column":32}},"4":{"start":{"line":30,"column":18},"end":{"line":30,"column":40}},"5":{"start":{"line":34,"column":1},"end":{"line":51,"column":3}}},"fnMap":{"0":{"name":"(anonymous_0)","decl":{"start":{"line":15,"column":28},"end":{"line":15,"column":29}},"loc":{"start":{"line":15,"column":78},"end":{"line":52,"column":1}},"line":15},"1":{"name":"(anonymous_1)","decl":{"start":{"line":20,"column":12},"end":{"line":20,"column":13}},"loc":{"start":{"line":20,"column":18},"end":{"line":20,"column":32}},"line":20},"2":{"name":"(anonymous_2)","decl":{"start":{"line":25,"column":12},"end":{"line":25,"column":13}},"loc":{"start":{"line":25,"column":18},"end":{"line":25,"column":32}},"line":25},"3":{"name":"(anonymous_3)","decl":{"start":{"line":30,"column":12},"end":{"line":30,"column":13}},"loc":{"start":{"line":30,"column":18},"end":{"line":30,"column":40}},"line":30},"4":{"name":"(anonymous_4)","decl":{"start":{"line":38,"column":39},"end":{"line":38,"column":40}},"loc":{"start":{"line":38,"column":50},"end":{"line":38,"column":52}},"line":38},"5":{"name":"(anonymous_5)","decl":{"start":{"line":39,"column":40},"end":{"line":39,"column":41}},"loc":{"start":{"line":39,"column":51},"end":{"line":39,"column":53}},"line":39},"6":{"name":"(anonymous_6)","decl":{"start":{"line":40,"column":39},"end":{"line":40,"column":40}},"loc":{"start":{"line":40,"column":50},"end":{"line":40,"column":52}},"line":40},"7":{"name":"(anonymous_7)","decl":{"start":{"line":41,"column":40},"end":{"line":41,"column":41}},"loc":{"start":{"line":41,"column":51},"end":{"line":41,"column":53}},"line":41},"8":{"name":"(anonymous_8)","decl":{"start":{"line":42,"column":39},"end":{"line":42,"column":40}},"loc":{"start":{"line":42,"column":50},"end":{"line":42,"column":52}},"line":42},"9":{"name":"(anonymous_9)","decl":{"start":{"line":43,"column":40},"end":{"line":43,"column":41}},"loc":{"start":{"line":43,"column":51},"end":{"line":43,"column":53}},"line":43},"10":{"name":"(anonymous_10)","decl":{"start":{"line":44,"column":39},"end":{"line":44,"column":40}},"loc":{"start":{"line":44,"column":50},"end":{"line":44,"column":52}},"line":44},"11":{"name":"(anonymous_11)","decl":{"start":{"line":45,"column":40},"end":{"line":45,"column":41}},"loc":{"start":{"line":45,"column":51},"end":{"line":45,"column":53}},"line":45},"12":{"name":"(anonymous_12)","decl":{"start":{"line":46,"column":39},"end":{"line":46,"column":40}},"loc":{"start":{"line":46,"column":50},"end":{"line":46,"column":52}},"line":46},"13":{"name":"(anonymous_13)","decl":{"start":{"line":47,"column":40},"end":{"line":47,"column":41}},"loc":{"start":{"line":47,"column":51},"end":{"line":47,"column":53}},"line":47}},"branchMap":{},"s":{"0":1,"1":4,"2":0,"3":0,"4":0,"5":4},"f":{"0":4,"1":0,"2":0,"3":0,"4":0,"5":0,"6":0,"7":0,"8":0,"9":0,"10":0,"11":0,"12":0,"13":0},"b":{},"_coverageSchema":"1a1c01bbd47fc00a2c39e90264f33305004495a9","hash":"bc44da5c6d6c18e31d88264d3d8f684630846d1c"}
}
