{"/home/whoami/frontend/commerce-projects/df_boilerplate_ex/src/DiffClosedCardsPage/DiffClosedCardsPage.jsx": {"path":"/home/whoami/frontend/commerce-projects/df_boilerplate_ex/src/DiffClosedCardsPage/DiffClosedCardsPage.jsx","statementMap":{"0":{"start":{"line":8,"column":35},"end":{"line":56,"column":1}},"1":{"start":{"line":9,"column":1},"end":{"line":55,"column":21}}},"fnMap":{"0":{"name":"(anonymous_0)","decl":{"start":{"line":8,"column":35},"end":{"line":8,"column":36}},"loc":{"start":{"line":9,"column":1},"end":{"line":55,"column":21}},"line":9}},"branchMap":{},"s":{"0":1,"1":4},"f":{"0":4},"b":{},"_coverageSchema":"1a1c01bbd47fc00a2c39e90264f33305004495a9","hash":"62e1e190c8495e2428799cae7875ca5a5b7fc4cd"}
,"/home/whoami/frontend/commerce-projects/df_boilerplate_ex/src/DiffClosedCardsPage/data.js": {"path":"/home/whoami/frontend/commerce-projects/df_boilerplate_ex/src/DiffClosedCardsPage/data.js","statementMap":{"0":{"start":{"line":1,"column":30},"end":{"line":17,"column":1}},"1":{"start":{"line":19,"column":20},"end":{"line":332,"column":1}},"2":{"start":{"line":334,"column":23},"end":{"line":358,"column":1}}},"fnMap":{"0":{"name":"(anonymous_0)","decl":{"start":{"line":5,"column":11},"end":{"line":5,"column":12}},"loc":{"start":{"line":5,"column":17},"end":{"line":5,"column":19}},"line":5},"1":{"name":"(anonymous_1)","decl":{"start":{"line":10,"column":11},"end":{"line":10,"column":12}},"loc":{"start":{"line":10,"column":17},"end":{"line":10,"column":19}},"line":10},"2":{"name":"(anonymous_2)","decl":{"start":{"line":15,"column":11},"end":{"line":15,"column":12}},"loc":{"start":{"line":15,"column":17},"end":{"line":15,"column":19}},"line":15}},"branchMap":{},"s":{"0":1,"1":1,"2":1},"f":{"0":0,"1":0,"2":0},"b":{},"_coverageSchema":"1a1c01bbd47fc00a2c39e90264f33305004495a9","hash":"5624aa8e66d10284091de5745489f2ca48928bcc"}
,"/home/whoami/frontend/commerce-projects/df_boilerplate_ex/src/DiffOpenedCardsPage/DiffOpenedCardsPage.jsx": {"path":"/home/whoami/frontend/commerce-projects/df_boilerplate_ex/src/DiffOpenedCardsPage/DiffOpenedCardsPage.jsx","statementMap":{"0":{"start":{"line":8,"column":35},"end":{"line":54,"column":1}},"1":{"start":{"line":9,"column":1},"end":{"line":53,"column":10}}},"fnMap":{"0":{"name":"(anonymous_0)","decl":{"start":{"line":8,"column":35},"end":{"line":8,"column":36}},"loc":{"start":{"line":9,"column":1},"end":{"line":53,"column":10}},"line":9}},"branchMap":{},"s":{"0":1,"1":4},"f":{"0":4},"b":{},"_coverageSchema":"1a1c01bbd47fc00a2c39e90264f33305004495a9","hash":"005ff2249e57afc884336939175c40687b1e6484"}
,"/home/whoami/frontend/commerce-projects/df_boilerplate_ex/src/DiffOpenedCardsPage/data.js": {"path":"/home/whoami/frontend/commerce-projects/df_boilerplate_ex/src/DiffOpenedCardsPage/data.js","statementMap":{"0":{"start":{"line":1,"column":30},"end":{"line":17,"column":1}},"1":{"start":{"line":19,"column":20},"end":{"line":332,"column":1}},"2":{"start":{"line":334,"column":23},"end":{"line":348,"column":1}}},"fnMap":{"0":{"name":"(anonymous_0)","decl":{"start":{"line":5,"column":11},"end":{"line":5,"column":12}},"loc":{"start":{"line":5,"column":17},"end":{"line":5,"column":19}},"line":5},"1":{"name":"(anonymous_1)","decl":{"start":{"line":10,"column":11},"end":{"line":10,"column":12}},"loc":{"start":{"line":10,"column":17},"end":{"line":10,"column":19}},"line":10},"2":{"name":"(anonymous_2)","decl":{"start":{"line":15,"column":11},"end":{"line":15,"column":12}},"loc":{"start":{"line":15,"column":17},"end":{"line":15,"column":19}},"line":15}},"branchMap":{},"s":{"0":1,"1":1,"2":1},"f":{"0":0,"1":0,"2":0},"b":{},"_coverageSchema":"1a1c01bbd47fc00a2c39e90264f33305004495a9","hash":"9f4b63df0da3cd8e8ea42c9761335964df0f700f"}
,"/home/whoami/frontend/commerce-projects/df_boilerplate_ex/src/HomePage/HomePage.jsx": {"path":"/home/whoami/frontend/commerce-projects/df_boilerplate_ex/src/HomePage/HomePage.jsx","statementMap":{"0":{"start":{"line":7,"column":24},"end":{"line":11,"column":1}},"1":{"start":{"line":8,"column":1},"end":{"line":10,"column":10}}},"fnMap":{"0":{"name":"(anonymous_0)","decl":{"start":{"line":7,"column":24},"end":{"line":7,"column":25}},"loc":{"start":{"line":8,"column":1},"end":{"line":10,"column":10}},"line":8}},"branchMap":{},"s":{"0":1,"1":4},"f":{"0":4},"b":{},"_coverageSchema":"1a1c01bbd47fc00a2c39e90264f33305004495a9","hash":"b3c2964a191e80018df2ed4db37d5fe3c90d7c40"}
,"/home/whoami/frontend/commerce-projects/df_boilerplate_ex/src/HomePage/data.js": {"path":"/home/whoami/frontend/commerce-projects/df_boilerplate_ex/src/HomePage/data.js","statementMap":{"0":{"start":{"line":1,"column":30},"end":{"line":17,"column":1}}},"fnMap":{"0":{"name":"(anonymous_0)","decl":{"start":{"line":5,"column":11},"end":{"line":5,"column":12}},"loc":{"start":{"line":5,"column":17},"end":{"line":5,"column":19}},"line":5},"1":{"name":"(anonymous_1)","decl":{"start":{"line":10,"column":11},"end":{"line":10,"column":12}},"loc":{"start":{"line":10,"column":17},"end":{"line":10,"column":19}},"line":10},"2":{"name":"(anonymous_2)","decl":{"start":{"line":15,"column":11},"end":{"line":15,"column":12}},"loc":{"start":{"line":15,"column":17},"end":{"line":15,"column":19}},"line":15}},"branchMap":{},"s":{"0":1},"f":{"0":0,"1":0,"2":0},"b":{},"_coverageSchema":"1a1c01bbd47fc00a2c39e90264f33305004495a9","hash":"94cdadfb4cf5417a39b0dd943f17d33b0b1860ae"}
,"/home/whoami/frontend/commerce-projects/df_boilerplate_ex/src/OrderListPreviewPage/OrderListPreviewPage.jsx": {"path":"/home/whoami/frontend/commerce-projects/df_boilerplate_ex/src/OrderListPreviewPage/OrderListPreviewPage.jsx","statementMap":{"0":{"start":{"line":8,"column":36},"end":{"line":31,"column":1}},"1":{"start":{"line":9,"column":1},"end":{"line":30,"column":21}}},"fnMap":{"0":{"name":"(anonymous_0)","decl":{"start":{"line":8,"column":36},"end":{"line":8,"column":37}},"loc":{"start":{"line":9,"column":1},"end":{"line":30,"column":21}},"line":9}},"branchMap":{},"s":{"0":1,"1":4},"f":{"0":4},"b":{},"_coverageSchema":"1a1c01bbd47fc00a2c39e90264f33305004495a9","hash":"94e3e1f11656bc3c7a87008635d3545c97986bb5"}
,"/home/whoami/frontend/commerce-projects/df_boilerplate_ex/src/OrderListPreviewPage/data.js": {"path":"/home/whoami/frontend/commerce-projects/df_boilerplate_ex/src/OrderListPreviewPage/data.js","statementMap":{"0":{"start":{"line":1,"column":30},"end":{"line":17,"column":1}},"1":{"start":{"line":19,"column":20},"end":{"line":332,"column":1}},"2":{"start":{"line":334,"column":23},"end":{"line":358,"column":1}}},"fnMap":{"0":{"name":"(anonymous_0)","decl":{"start":{"line":5,"column":11},"end":{"line":5,"column":12}},"loc":{"start":{"line":5,"column":17},"end":{"line":5,"column":19}},"line":5},"1":{"name":"(anonymous_1)","decl":{"start":{"line":10,"column":11},"end":{"line":10,"column":12}},"loc":{"start":{"line":10,"column":17},"end":{"line":10,"column":19}},"line":10},"2":{"name":"(anonymous_2)","decl":{"start":{"line":15,"column":11},"end":{"line":15,"column":12}},"loc":{"start":{"line":15,"column":17},"end":{"line":15,"column":19}},"line":15}},"branchMap":{},"s":{"0":1,"1":1,"2":1},"f":{"0":0,"1":0,"2":0},"b":{},"_coverageSchema":"1a1c01bbd47fc00a2c39e90264f33305004495a9","hash":"b5fcc9ceda3670c1a9ba68ab4e53f783f52af208"}
,"/home/whoami/frontend/commerce-projects/df_boilerplate_ex/src/OrderPage/OrderPage.jsx": {"path":"/home/whoami/frontend/commerce-projects/df_boilerplate_ex/src/OrderPage/OrderPage.jsx","statementMap":{"0":{"start":{"line":8,"column":25},"end":{"line":52,"column":1}},"1":{"start":{"line":9,"column":1},"end":{"line":51,"column":10}}},"fnMap":{"0":{"name":"(anonymous_0)","decl":{"start":{"line":8,"column":25},"end":{"line":8,"column":26}},"loc":{"start":{"line":9,"column":1},"end":{"line":51,"column":10}},"line":9}},"branchMap":{},"s":{"0":1,"1":4},"f":{"0":4},"b":{},"_coverageSchema":"1a1c01bbd47fc00a2c39e90264f33305004495a9","hash":"91401533085d5072c21ade6631acaa30841507d0"}
,"/home/whoami/frontend/commerce-projects/df_boilerplate_ex/src/OrderPage/data.jsx": {"path":"/home/whoami/frontend/commerce-projects/df_boilerplate_ex/src/OrderPage/data.jsx","statementMap":{"0":{"start":{"line":4,"column":30},"end":{"line":20,"column":1}},"1":{"start":{"line":22,"column":23},"end":{"line":47,"column":1}},"2":{"start":{"line":49,"column":21},"end":{"line":90,"column":1}}},"fnMap":{"0":{"name":"(anonymous_0)","decl":{"start":{"line":8,"column":11},"end":{"line":8,"column":12}},"loc":{"start":{"line":8,"column":17},"end":{"line":8,"column":19}},"line":8},"1":{"name":"(anonymous_1)","decl":{"start":{"line":13,"column":11},"end":{"line":13,"column":12}},"loc":{"start":{"line":13,"column":17},"end":{"line":13,"column":19}},"line":13},"2":{"name":"(anonymous_2)","decl":{"start":{"line":18,"column":11},"end":{"line":18,"column":12}},"loc":{"start":{"line":18,"column":17},"end":{"line":18,"column":19}},"line":18}},"branchMap":{},"s":{"0":1,"1":1,"2":1},"f":{"0":0,"1":0,"2":0},"b":{},"_coverageSchema":"1a1c01bbd47fc00a2c39e90264f33305004495a9","hash":"114cf791894acbc4c5028c956bee5b17e7f38746"}
,"/home/whoami/frontend/commerce-projects/df_boilerplate_ex/src/OrdersFilterClosedPage/OrdersFilterClosedPage.jsx": {"path":"/home/whoami/frontend/commerce-projects/df_boilerplate_ex/src/OrdersFilterClosedPage/OrdersFilterClosedPage.jsx","statementMap":{"0":{"start":{"line":7,"column":38},"end":{"line":21,"column":1}},"1":{"start":{"line":8,"column":1},"end":{"line":20,"column":21}}},"fnMap":{"0":{"name":"(anonymous_0)","decl":{"start":{"line":7,"column":38},"end":{"line":7,"column":39}},"loc":{"start":{"line":8,"column":1},"end":{"line":20,"column":21}},"line":8}},"branchMap":{},"s":{"0":1,"1":4},"f":{"0":4},"b":{},"_coverageSchema":"1a1c01bbd47fc00a2c39e90264f33305004495a9","hash":"d3d6979e41fc687120bdd0a5ad553ea5640ad9d8"}
,"/home/whoami/frontend/commerce-projects/df_boilerplate_ex/src/OrdersFilterClosedPage/data.js": {"path":"/home/whoami/frontend/commerce-projects/df_boilerplate_ex/src/OrdersFilterClosedPage/data.js","statementMap":{"0":{"start":{"line":1,"column":30},"end":{"line":17,"column":1}},"1":{"start":{"line":19,"column":20},"end":{"line":164,"column":1}},"2":{"start":{"line":166,"column":23},"end":{"line":190,"column":1}}},"fnMap":{"0":{"name":"(anonymous_0)","decl":{"start":{"line":5,"column":11},"end":{"line":5,"column":12}},"loc":{"start":{"line":5,"column":17},"end":{"line":5,"column":19}},"line":5},"1":{"name":"(anonymous_1)","decl":{"start":{"line":10,"column":11},"end":{"line":10,"column":12}},"loc":{"start":{"line":10,"column":17},"end":{"line":10,"column":19}},"line":10},"2":{"name":"(anonymous_2)","decl":{"start":{"line":15,"column":11},"end":{"line":15,"column":12}},"loc":{"start":{"line":15,"column":17},"end":{"line":15,"column":19}},"line":15}},"branchMap":{},"s":{"0":1,"1":1,"2":1},"f":{"0":0,"1":0,"2":0},"b":{},"_coverageSchema":"1a1c01bbd47fc00a2c39e90264f33305004495a9","hash":"5581b571cd18fb4bff4ef21fe68198841ed82e65"}
,"/home/whoami/frontend/commerce-projects/df_boilerplate_ex/src/OrdersFilterOpenedPage/OrdersFilterOpenedPage.jsx": {"path":"/home/whoami/frontend/commerce-projects/df_boilerplate_ex/src/OrdersFilterOpenedPage/OrdersFilterOpenedPage.jsx","statementMap":{"0":{"start":{"line":7,"column":38},"end":{"line":13,"column":1}},"1":{"start":{"line":8,"column":1},"end":{"line":12,"column":21}}},"fnMap":{"0":{"name":"(anonymous_0)","decl":{"start":{"line":7,"column":38},"end":{"line":7,"column":39}},"loc":{"start":{"line":8,"column":1},"end":{"line":12,"column":21}},"line":8}},"branchMap":{},"s":{"0":1,"1":4},"f":{"0":4},"b":{},"_coverageSchema":"1a1c01bbd47fc00a2c39e90264f33305004495a9","hash":"c1d60cea7d40157327d4269564f7fc31c9789a4b"}
,"/home/whoami/frontend/commerce-projects/df_boilerplate_ex/src/OrdersFilterOpenedPage/data.js": {"path":"/home/whoami/frontend/commerce-projects/df_boilerplate_ex/src/OrdersFilterOpenedPage/data.js","statementMap":{"0":{"start":{"line":1,"column":30},"end":{"line":17,"column":1}},"1":{"start":{"line":19,"column":23},"end":{"line":33,"column":1}}},"fnMap":{"0":{"name":"(anonymous_0)","decl":{"start":{"line":5,"column":11},"end":{"line":5,"column":12}},"loc":{"start":{"line":5,"column":17},"end":{"line":5,"column":19}},"line":5},"1":{"name":"(anonymous_1)","decl":{"start":{"line":10,"column":11},"end":{"line":10,"column":12}},"loc":{"start":{"line":10,"column":17},"end":{"line":10,"column":19}},"line":10},"2":{"name":"(anonymous_2)","decl":{"start":{"line":15,"column":11},"end":{"line":15,"column":12}},"loc":{"start":{"line":15,"column":17},"end":{"line":15,"column":19}},"line":15}},"branchMap":{},"s":{"0":1,"1":1},"f":{"0":0,"1":0,"2":0},"b":{},"_coverageSchema":"1a1c01bbd47fc00a2c39e90264f33305004495a9","hash":"24f992dd77e589d951a009a575c864794d5dfd73"}
,"/home/whoami/frontend/commerce-projects/df_boilerplate_ex/src/TimeWidgetsPage/TimeWidgetsPage.jsx": {"path":"/home/whoami/frontend/commerce-projects/df_boilerplate_ex/src/TimeWidgetsPage/TimeWidgetsPage.jsx","statementMap":{"0":{"start":{"line":7,"column":31},"end":{"line":11,"column":1}},"1":{"start":{"line":8,"column":1},"end":{"line":10,"column":10}}},"fnMap":{"0":{"name":"(anonymous_0)","decl":{"start":{"line":7,"column":31},"end":{"line":7,"column":32}},"loc":{"start":{"line":8,"column":1},"end":{"line":10,"column":10}},"line":8}},"branchMap":{},"s":{"0":1,"1":4},"f":{"0":4},"b":{},"_coverageSchema":"1a1c01bbd47fc00a2c39e90264f33305004495a9","hash":"25fb85beb99666888c9a4ad28de1bca436ad18a4"}
,"/home/whoami/frontend/commerce-projects/df_boilerplate_ex/src/TimeWidgetsPage/data.js": {"path":"/home/whoami/frontend/commerce-projects/df_boilerplate_ex/src/TimeWidgetsPage/data.js","statementMap":{"0":{"start":{"line":1,"column":30},"end":{"line":17,"column":1}}},"fnMap":{"0":{"name":"(anonymous_0)","decl":{"start":{"line":5,"column":11},"end":{"line":5,"column":12}},"loc":{"start":{"line":5,"column":17},"end":{"line":5,"column":19}},"line":5},"1":{"name":"(anonymous_1)","decl":{"start":{"line":10,"column":11},"end":{"line":10,"column":12}},"loc":{"start":{"line":10,"column":17},"end":{"line":10,"column":19}},"line":10},"2":{"name":"(anonymous_2)","decl":{"start":{"line":15,"column":11},"end":{"line":15,"column":12}},"loc":{"start":{"line":15,"column":17},"end":{"line":15,"column":19}},"line":15}},"branchMap":{},"s":{"0":1},"f":{"0":0,"1":0,"2":0},"b":{},"_coverageSchema":"1a1c01bbd47fc00a2c39e90264f33305004495a9","hash":"27de55f3e87975a0675940ac8f80a22a61242c14"}
,"/home/whoami/frontend/commerce-projects/df_boilerplate_ex/src/WelcomePages/WelcomePage1/WelcomePage1.jsx": {"path":"/home/whoami/frontend/commerce-projects/df_boilerplate_ex/src/WelcomePages/WelcomePage1/WelcomePage1.jsx","statementMap":{"0":{"start":{"line":7,"column":28},"end":{"line":16,"column":1}},"1":{"start":{"line":8,"column":1},"end":{"line":15,"column":16}}},"fnMap":{"0":{"name":"(anonymous_0)","decl":{"start":{"line":7,"column":28},"end":{"line":7,"column":29}},"loc":{"start":{"line":8,"column":1},"end":{"line":15,"column":16}},"line":8}},"branchMap":{},"s":{"0":1,"1":4},"f":{"0":4},"b":{},"_coverageSchema":"1a1c01bbd47fc00a2c39e90264f33305004495a9","hash":"16e16cfddf175665e5398110422bc48ddaf4174c"}
,"/home/whoami/frontend/commerce-projects/df_boilerplate_ex/src/WelcomePages/WelcomePage1/data.js": {"path":"/home/whoami/frontend/commerce-projects/df_boilerplate_ex/src/WelcomePages/WelcomePage1/data.js","statementMap":{"0":{"start":{"line":8,"column":22},"end":{"line":13,"column":1}},"1":{"start":{"line":15,"column":30},"end":{"line":31,"column":1}},"2":{"start":{"line":19,"column":17},"end":{"line":19,"column":31}},"3":{"start":{"line":24,"column":17},"end":{"line":24,"column":31}},"4":{"start":{"line":29,"column":17},"end":{"line":29,"column":39}},"5":{"start":{"line":33,"column":27},"end":{"line":36,"column":1}},"6":{"start":{"line":34,"column":37},"end":{"line":34,"column":52}},"7":{"start":{"line":35,"column":38},"end":{"line":35,"column":53}}},"fnMap":{"0":{"name":"(anonymous_0)","decl":{"start":{"line":19,"column":11},"end":{"line":19,"column":12}},"loc":{"start":{"line":19,"column":17},"end":{"line":19,"column":31}},"line":19},"1":{"name":"(anonymous_1)","decl":{"start":{"line":24,"column":11},"end":{"line":24,"column":12}},"loc":{"start":{"line":24,"column":17},"end":{"line":24,"column":31}},"line":24},"2":{"name":"(anonymous_2)","decl":{"start":{"line":29,"column":11},"end":{"line":29,"column":12}},"loc":{"start":{"line":29,"column":17},"end":{"line":29,"column":39}},"line":29},"3":{"name":"(anonymous_3)","decl":{"start":{"line":34,"column":31},"end":{"line":34,"column":32}},"loc":{"start":{"line":34,"column":37},"end":{"line":34,"column":52}},"line":34},"4":{"name":"(anonymous_4)","decl":{"start":{"line":35,"column":32},"end":{"line":35,"column":33}},"loc":{"start":{"line":35,"column":38},"end":{"line":35,"column":53}},"line":35}},"branchMap":{},"s":{"0":1,"1":1,"2":0,"3":0,"4":0,"5":1,"6":0,"7":0},"f":{"0":0,"1":0,"2":0,"3":0,"4":0},"b":{},"_coverageSchema":"1a1c01bbd47fc00a2c39e90264f33305004495a9","hash":"bc0555dec204d8cc9ed06c84d4090f661bdebf97"}
,"/home/whoami/frontend/commerce-projects/df_boilerplate_ex/src/WelcomePages/WelcomePage2/WelcomePage2.jsx": {"path":"/home/whoami/frontend/commerce-projects/df_boilerplate_ex/src/WelcomePages/WelcomePage2/WelcomePage2.jsx","statementMap":{"0":{"start":{"line":8,"column":28},"end":{"line":33,"column":1}},"1":{"start":{"line":9,"column":1},"end":{"line":32,"column":16}}},"fnMap":{"0":{"name":"(anonymous_0)","decl":{"start":{"line":8,"column":28},"end":{"line":8,"column":29}},"loc":{"start":{"line":9,"column":1},"end":{"line":32,"column":16}},"line":9}},"branchMap":{},"s":{"0":1,"1":4},"f":{"0":4},"b":{},"_coverageSchema":"1a1c01bbd47fc00a2c39e90264f33305004495a9","hash":"b622d869b679cba881a4bcc2e9c20e7e14d8cb8f"}
,"/home/whoami/frontend/commerce-projects/df_boilerplate_ex/src/WelcomePages/WelcomePage2/data.js": {"path":"/home/whoami/frontend/commerce-projects/df_boilerplate_ex/src/WelcomePages/WelcomePage2/data.js","statementMap":{"0":{"start":{"line":8,"column":22},"end":{"line":13,"column":1}},"1":{"start":{"line":15,"column":30},"end":{"line":31,"column":1}},"2":{"start":{"line":19,"column":17},"end":{"line":19,"column":31}},"3":{"start":{"line":24,"column":17},"end":{"line":24,"column":31}},"4":{"start":{"line":29,"column":17},"end":{"line":29,"column":39}},"5":{"start":{"line":33,"column":27},"end":{"line":44,"column":1}},"6":{"start":{"line":34,"column":37},"end":{"line":34,"column":52}},"7":{"start":{"line":35,"column":38},"end":{"line":35,"column":53}},"8":{"start":{"line":36,"column":37},"end":{"line":36,"column":52}},"9":{"start":{"line":37,"column":38},"end":{"line":37,"column":53}},"10":{"start":{"line":38,"column":37},"end":{"line":38,"column":52}},"11":{"start":{"line":39,"column":38},"end":{"line":39,"column":53}},"12":{"start":{"line":40,"column":37},"end":{"line":40,"column":52}},"13":{"start":{"line":41,"column":38},"end":{"line":41,"column":53}},"14":{"start":{"line":42,"column":37},"end":{"line":42,"column":52}},"15":{"start":{"line":43,"column":39},"end":{"line":43,"column":55}}},"fnMap":{"0":{"name":"(anonymous_0)","decl":{"start":{"line":19,"column":11},"end":{"line":19,"column":12}},"loc":{"start":{"line":19,"column":17},"end":{"line":19,"column":31}},"line":19},"1":{"name":"(anonymous_1)","decl":{"start":{"line":24,"column":11},"end":{"line":24,"column":12}},"loc":{"start":{"line":24,"column":17},"end":{"line":24,"column":31}},"line":24},"2":{"name":"(anonymous_2)","decl":{"start":{"line":29,"column":11},"end":{"line":29,"column":12}},"loc":{"start":{"line":29,"column":17},"end":{"line":29,"column":39}},"line":29},"3":{"name":"(anonymous_3)","decl":{"start":{"line":34,"column":31},"end":{"line":34,"column":32}},"loc":{"start":{"line":34,"column":37},"end":{"line":34,"column":52}},"line":34},"4":{"name":"(anonymous_4)","decl":{"start":{"line":35,"column":32},"end":{"line":35,"column":33}},"loc":{"start":{"line":35,"column":38},"end":{"line":35,"column":53}},"line":35},"5":{"name":"(anonymous_5)","decl":{"start":{"line":36,"column":31},"end":{"line":36,"column":32}},"loc":{"start":{"line":36,"column":37},"end":{"line":36,"column":52}},"line":36},"6":{"name":"(anonymous_6)","decl":{"start":{"line":37,"column":32},"end":{"line":37,"column":33}},"loc":{"start":{"line":37,"column":38},"end":{"line":37,"column":53}},"line":37},"7":{"name":"(anonymous_7)","decl":{"start":{"line":38,"column":31},"end":{"line":38,"column":32}},"loc":{"start":{"line":38,"column":37},"end":{"line":38,"column":52}},"line":38},"8":{"name":"(anonymous_8)","decl":{"start":{"line":39,"column":32},"end":{"line":39,"column":33}},"loc":{"start":{"line":39,"column":38},"end":{"line":39,"column":53}},"line":39},"9":{"name":"(anonymous_9)","decl":{"start":{"line":40,"column":31},"end":{"line":40,"column":32}},"loc":{"start":{"line":40,"column":37},"end":{"line":40,"column":52}},"line":40},"10":{"name":"(anonymous_10)","decl":{"start":{"line":41,"column":32},"end":{"line":41,"column":33}},"loc":{"start":{"line":41,"column":38},"end":{"line":41,"column":53}},"line":41},"11":{"name":"(anonymous_11)","decl":{"start":{"line":42,"column":31},"end":{"line":42,"column":32}},"loc":{"start":{"line":42,"column":37},"end":{"line":42,"column":52}},"line":42},"12":{"name":"(anonymous_12)","decl":{"start":{"line":43,"column":33},"end":{"line":43,"column":34}},"loc":{"start":{"line":43,"column":39},"end":{"line":43,"column":55}},"line":43}},"branchMap":{},"s":{"0":1,"1":1,"2":0,"3":0,"4":0,"5":1,"6":0,"7":0,"8":0,"9":0,"10":0,"11":0,"12":0,"13":0,"14":0,"15":0},"f":{"0":0,"1":0,"2":0,"3":0,"4":0,"5":0,"6":0,"7":0,"8":0,"9":0,"10":0,"11":0,"12":0},"b":{},"_coverageSchema":"1a1c01bbd47fc00a2c39e90264f33305004495a9","hash":"f6562a5b2bb451274d484900ecca7bf8b494edc2"}
,"/home/whoami/frontend/commerce-projects/df_boilerplate_ex/src/WelcomePages/WelcomePage3/WelcomePage3.jsx": {"path":"/home/whoami/frontend/commerce-projects/df_boilerplate_ex/src/WelcomePages/WelcomePage3/WelcomePage3.jsx","statementMap":{"0":{"start":{"line":8,"column":28},"end":{"line":33,"column":1}},"1":{"start":{"line":9,"column":1},"end":{"line":32,"column":16}}},"fnMap":{"0":{"name":"(anonymous_0)","decl":{"start":{"line":8,"column":28},"end":{"line":8,"column":29}},"loc":{"start":{"line":9,"column":1},"end":{"line":32,"column":16}},"line":9}},"branchMap":{},"s":{"0":1,"1":4},"f":{"0":4},"b":{},"_coverageSchema":"1a1c01bbd47fc00a2c39e90264f33305004495a9","hash":"f80bde9ffbe91e2089a94b7e3514adeabe8fe2d6"}
,"/home/whoami/frontend/commerce-projects/df_boilerplate_ex/src/WelcomePages/WelcomePage3/data.js": {"path":"/home/whoami/frontend/commerce-projects/df_boilerplate_ex/src/WelcomePages/WelcomePage3/data.js","statementMap":{"0":{"start":{"line":8,"column":22},"end":{"line":13,"column":1}},"1":{"start":{"line":15,"column":30},"end":{"line":31,"column":1}},"2":{"start":{"line":19,"column":17},"end":{"line":19,"column":31}},"3":{"start":{"line":24,"column":17},"end":{"line":24,"column":31}},"4":{"start":{"line":29,"column":17},"end":{"line":29,"column":39}},"5":{"start":{"line":33,"column":27},"end":{"line":44,"column":1}},"6":{"start":{"line":34,"column":37},"end":{"line":34,"column":52}},"7":{"start":{"line":35,"column":38},"end":{"line":35,"column":53}},"8":{"start":{"line":36,"column":37},"end":{"line":36,"column":52}},"9":{"start":{"line":37,"column":38},"end":{"line":37,"column":53}},"10":{"start":{"line":38,"column":37},"end":{"line":38,"column":52}},"11":{"start":{"line":39,"column":38},"end":{"line":39,"column":53}},"12":{"start":{"line":40,"column":37},"end":{"line":40,"column":52}},"13":{"start":{"line":41,"column":38},"end":{"line":41,"column":53}},"14":{"start":{"line":42,"column":37},"end":{"line":42,"column":52}},"15":{"start":{"line":43,"column":39},"end":{"line":43,"column":55}}},"fnMap":{"0":{"name":"(anonymous_0)","decl":{"start":{"line":19,"column":11},"end":{"line":19,"column":12}},"loc":{"start":{"line":19,"column":17},"end":{"line":19,"column":31}},"line":19},"1":{"name":"(anonymous_1)","decl":{"start":{"line":24,"column":11},"end":{"line":24,"column":12}},"loc":{"start":{"line":24,"column":17},"end":{"line":24,"column":31}},"line":24},"2":{"name":"(anonymous_2)","decl":{"start":{"line":29,"column":11},"end":{"line":29,"column":12}},"loc":{"start":{"line":29,"column":17},"end":{"line":29,"column":39}},"line":29},"3":{"name":"(anonymous_3)","decl":{"start":{"line":34,"column":31},"end":{"line":34,"column":32}},"loc":{"start":{"line":34,"column":37},"end":{"line":34,"column":52}},"line":34},"4":{"name":"(anonymous_4)","decl":{"start":{"line":35,"column":32},"end":{"line":35,"column":33}},"loc":{"start":{"line":35,"column":38},"end":{"line":35,"column":53}},"line":35},"5":{"name":"(anonymous_5)","decl":{"start":{"line":36,"column":31},"end":{"line":36,"column":32}},"loc":{"start":{"line":36,"column":37},"end":{"line":36,"column":52}},"line":36},"6":{"name":"(anonymous_6)","decl":{"start":{"line":37,"column":32},"end":{"line":37,"column":33}},"loc":{"start":{"line":37,"column":38},"end":{"line":37,"column":53}},"line":37},"7":{"name":"(anonymous_7)","decl":{"start":{"line":38,"column":31},"end":{"line":38,"column":32}},"loc":{"start":{"line":38,"column":37},"end":{"line":38,"column":52}},"line":38},"8":{"name":"(anonymous_8)","decl":{"start":{"line":39,"column":32},"end":{"line":39,"column":33}},"loc":{"start":{"line":39,"column":38},"end":{"line":39,"column":53}},"line":39},"9":{"name":"(anonymous_9)","decl":{"start":{"line":40,"column":31},"end":{"line":40,"column":32}},"loc":{"start":{"line":40,"column":37},"end":{"line":40,"column":52}},"line":40},"10":{"name":"(anonymous_10)","decl":{"start":{"line":41,"column":32},"end":{"line":41,"column":33}},"loc":{"start":{"line":41,"column":38},"end":{"line":41,"column":53}},"line":41},"11":{"name":"(anonymous_11)","decl":{"start":{"line":42,"column":31},"end":{"line":42,"column":32}},"loc":{"start":{"line":42,"column":37},"end":{"line":42,"column":52}},"line":42},"12":{"name":"(anonymous_12)","decl":{"start":{"line":43,"column":33},"end":{"line":43,"column":34}},"loc":{"start":{"line":43,"column":39},"end":{"line":43,"column":55}},"line":43}},"branchMap":{},"s":{"0":1,"1":1,"2":0,"3":0,"4":0,"5":1,"6":0,"7":0,"8":0,"9":0,"10":0,"11":0,"12":0,"13":0,"14":0,"15":0},"f":{"0":0,"1":0,"2":0,"3":0,"4":0,"5":0,"6":0,"7":0,"8":0,"9":0,"10":0,"11":0,"12":0},"b":{},"_coverageSchema":"1a1c01bbd47fc00a2c39e90264f33305004495a9","hash":"a2163c4bdf503c95f00766cef6f8629e98298f0a"}
,"/home/whoami/frontend/commerce-projects/df_boilerplate_ex/src/WelcomePages/WelcomePage4/WelcomePage4.jsx": {"path":"/home/whoami/frontend/commerce-projects/df_boilerplate_ex/src/WelcomePages/WelcomePage4/WelcomePage4.jsx","statementMap":{"0":{"start":{"line":7,"column":28},"end":{"line":24,"column":1}},"1":{"start":{"line":8,"column":1},"end":{"line":23,"column":16}}},"fnMap":{"0":{"name":"(anonymous_0)","decl":{"start":{"line":7,"column":28},"end":{"line":7,"column":29}},"loc":{"start":{"line":8,"column":1},"end":{"line":23,"column":16}},"line":8}},"branchMap":{},"s":{"0":1,"1":4},"f":{"0":4},"b":{},"_coverageSchema":"1a1c01bbd47fc00a2c39e90264f33305004495a9","hash":"59fcbf2be04eaf24f6658626327506826ae5aadc"}
,"/home/whoami/frontend/commerce-projects/df_boilerplate_ex/src/WelcomePages/WelcomePage4/data.js": {"path":"/home/whoami/frontend/commerce-projects/df_boilerplate_ex/src/WelcomePages/WelcomePage4/data.js","statementMap":{"0":{"start":{"line":8,"column":22},"end":{"line":13,"column":1}},"1":{"start":{"line":15,"column":30},"end":{"line":31,"column":1}},"2":{"start":{"line":19,"column":17},"end":{"line":19,"column":31}},"3":{"start":{"line":24,"column":17},"end":{"line":24,"column":31}},"4":{"start":{"line":29,"column":17},"end":{"line":29,"column":39}},"5":{"start":{"line":33,"column":27},"end":{"line":44,"column":1}},"6":{"start":{"line":34,"column":37},"end":{"line":34,"column":52}},"7":{"start":{"line":35,"column":38},"end":{"line":35,"column":53}},"8":{"start":{"line":36,"column":37},"end":{"line":36,"column":52}},"9":{"start":{"line":37,"column":38},"end":{"line":37,"column":53}},"10":{"start":{"line":38,"column":37},"end":{"line":38,"column":52}},"11":{"start":{"line":39,"column":38},"end":{"line":39,"column":53}},"12":{"start":{"line":40,"column":37},"end":{"line":40,"column":52}},"13":{"start":{"line":41,"column":38},"end":{"line":41,"column":53}},"14":{"start":{"line":42,"column":37},"end":{"line":42,"column":52}},"15":{"start":{"line":43,"column":39},"end":{"line":43,"column":55}}},"fnMap":{"0":{"name":"(anonymous_0)","decl":{"start":{"line":19,"column":11},"end":{"line":19,"column":12}},"loc":{"start":{"line":19,"column":17},"end":{"line":19,"column":31}},"line":19},"1":{"name":"(anonymous_1)","decl":{"start":{"line":24,"column":11},"end":{"line":24,"column":12}},"loc":{"start":{"line":24,"column":17},"end":{"line":24,"column":31}},"line":24},"2":{"name":"(anonymous_2)","decl":{"start":{"line":29,"column":11},"end":{"line":29,"column":12}},"loc":{"start":{"line":29,"column":17},"end":{"line":29,"column":39}},"line":29},"3":{"name":"(anonymous_3)","decl":{"start":{"line":34,"column":31},"end":{"line":34,"column":32}},"loc":{"start":{"line":34,"column":37},"end":{"line":34,"column":52}},"line":34},"4":{"name":"(anonymous_4)","decl":{"start":{"line":35,"column":32},"end":{"line":35,"column":33}},"loc":{"start":{"line":35,"column":38},"end":{"line":35,"column":53}},"line":35},"5":{"name":"(anonymous_5)","decl":{"start":{"line":36,"column":31},"end":{"line":36,"column":32}},"loc":{"start":{"line":36,"column":37},"end":{"line":36,"column":52}},"line":36},"6":{"name":"(anonymous_6)","decl":{"start":{"line":37,"column":32},"end":{"line":37,"column":33}},"loc":{"start":{"line":37,"column":38},"end":{"line":37,"column":53}},"line":37},"7":{"name":"(anonymous_7)","decl":{"start":{"line":38,"column":31},"end":{"line":38,"column":32}},"loc":{"start":{"line":38,"column":37},"end":{"line":38,"column":52}},"line":38},"8":{"name":"(anonymous_8)","decl":{"start":{"line":39,"column":32},"end":{"line":39,"column":33}},"loc":{"start":{"line":39,"column":38},"end":{"line":39,"column":53}},"line":39},"9":{"name":"(anonymous_9)","decl":{"start":{"line":40,"column":31},"end":{"line":40,"column":32}},"loc":{"start":{"line":40,"column":37},"end":{"line":40,"column":52}},"line":40},"10":{"name":"(anonymous_10)","decl":{"start":{"line":41,"column":32},"end":{"line":41,"column":33}},"loc":{"start":{"line":41,"column":38},"end":{"line":41,"column":53}},"line":41},"11":{"name":"(anonymous_11)","decl":{"start":{"line":42,"column":31},"end":{"line":42,"column":32}},"loc":{"start":{"line":42,"column":37},"end":{"line":42,"column":52}},"line":42},"12":{"name":"(anonymous_12)","decl":{"start":{"line":43,"column":33},"end":{"line":43,"column":34}},"loc":{"start":{"line":43,"column":39},"end":{"line":43,"column":55}},"line":43}},"branchMap":{},"s":{"0":1,"1":1,"2":0,"3":0,"4":0,"5":1,"6":0,"7":0,"8":0,"9":0,"10":0,"11":0,"12":0,"13":0,"14":0,"15":0},"f":{"0":0,"1":0,"2":0,"3":0,"4":0,"5":0,"6":0,"7":0,"8":0,"9":0,"10":0,"11":0,"12":0},"b":{},"_coverageSchema":"1a1c01bbd47fc00a2c39e90264f33305004495a9","hash":"8b4d522d46eb1c0b93cba87c346e57cb77063428"}
,"/home/whoami/frontend/commerce-projects/df_boilerplate_ex/src/WelcomePages/WelcomePage5/WelcomePage5.jsx": {"path":"/home/whoami/frontend/commerce-projects/df_boilerplate_ex/src/WelcomePages/WelcomePage5/WelcomePage5.jsx","statementMap":{"0":{"start":{"line":9,"column":28},"end":{"line":26,"column":1}},"1":{"start":{"line":10,"column":1},"end":{"line":25,"column":17}}},"fnMap":{"0":{"name":"(anonymous_0)","decl":{"start":{"line":9,"column":28},"end":{"line":9,"column":29}},"loc":{"start":{"line":10,"column":1},"end":{"line":25,"column":17}},"line":10}},"branchMap":{},"s":{"0":1,"1":4},"f":{"0":4},"b":{},"_coverageSchema":"1a1c01bbd47fc00a2c39e90264f33305004495a9","hash":"c9a488d312b99ebb0fcd79c7f03987bee004b3a5"}
,"/home/whoami/frontend/commerce-projects/df_boilerplate_ex/src/WelcomePages/WelcomePage5/data.js": {"path":"/home/whoami/frontend/commerce-projects/df_boilerplate_ex/src/WelcomePages/WelcomePage5/data.js","statementMap":{"0":{"start":{"line":3,"column":30},"end":{"line":19,"column":1}},"1":{"start":{"line":7,"column":17},"end":{"line":7,"column":31}},"2":{"start":{"line":12,"column":17},"end":{"line":12,"column":31}},"3":{"start":{"line":17,"column":17},"end":{"line":17,"column":39}},"4":{"start":{"line":21,"column":27},"end":{"line":24,"column":1}},"5":{"start":{"line":22,"column":37},"end":{"line":22,"column":52}},"6":{"start":{"line":23,"column":38},"end":{"line":23,"column":53}}},"fnMap":{"0":{"name":"(anonymous_0)","decl":{"start":{"line":7,"column":11},"end":{"line":7,"column":12}},"loc":{"start":{"line":7,"column":17},"end":{"line":7,"column":31}},"line":7},"1":{"name":"(anonymous_1)","decl":{"start":{"line":12,"column":11},"end":{"line":12,"column":12}},"loc":{"start":{"line":12,"column":17},"end":{"line":12,"column":31}},"line":12},"2":{"name":"(anonymous_2)","decl":{"start":{"line":17,"column":11},"end":{"line":17,"column":12}},"loc":{"start":{"line":17,"column":17},"end":{"line":17,"column":39}},"line":17},"3":{"name":"(anonymous_3)","decl":{"start":{"line":22,"column":31},"end":{"line":22,"column":32}},"loc":{"start":{"line":22,"column":37},"end":{"line":22,"column":52}},"line":22},"4":{"name":"(anonymous_4)","decl":{"start":{"line":23,"column":32},"end":{"line":23,"column":33}},"loc":{"start":{"line":23,"column":38},"end":{"line":23,"column":53}},"line":23}},"branchMap":{},"s":{"0":1,"1":0,"2":0,"3":0,"4":1,"5":0,"6":0},"f":{"0":0,"1":0,"2":0,"3":0,"4":0},"b":{},"_coverageSchema":"1a1c01bbd47fc00a2c39e90264f33305004495a9","hash":"70fe5e481f64435dcf87d7ad69fc9bd4dab774d4"}
,"/home/whoami/frontend/commerce-projects/df_boilerplate_ex/src/WelcomePages/WelcomePage6/WelcomePage6.jsx": {"path":"/home/whoami/frontend/commerce-projects/df_boilerplate_ex/src/WelcomePages/WelcomePage6/WelcomePage6.jsx","statementMap":{"0":{"start":{"line":9,"column":28},"end":{"line":34,"column":1}},"1":{"start":{"line":10,"column":1},"end":{"line":33,"column":17}}},"fnMap":{"0":{"name":"(anonymous_0)","decl":{"start":{"line":9,"column":28},"end":{"line":9,"column":29}},"loc":{"start":{"line":10,"column":1},"end":{"line":33,"column":17}},"line":10}},"branchMap":{},"s":{"0":1,"1":4},"f":{"0":4},"b":{},"_coverageSchema":"1a1c01bbd47fc00a2c39e90264f33305004495a9","hash":"d6112ba372e93a9a9f3ccada6cbdc1851b73b9f1"}
,"/home/whoami/frontend/commerce-projects/df_boilerplate_ex/src/WelcomePages/WelcomePage6/data.js": {"path":"/home/whoami/frontend/commerce-projects/df_boilerplate_ex/src/WelcomePages/WelcomePage6/data.js","statementMap":{"0":{"start":{"line":3,"column":30},"end":{"line":19,"column":1}},"1":{"start":{"line":7,"column":17},"end":{"line":7,"column":31}},"2":{"start":{"line":12,"column":17},"end":{"line":12,"column":31}},"3":{"start":{"line":17,"column":17},"end":{"line":17,"column":39}},"4":{"start":{"line":21,"column":27},"end":{"line":32,"column":1}},"5":{"start":{"line":22,"column":37},"end":{"line":22,"column":52}},"6":{"start":{"line":23,"column":38},"end":{"line":23,"column":53}},"7":{"start":{"line":24,"column":37},"end":{"line":24,"column":52}},"8":{"start":{"line":25,"column":38},"end":{"line":25,"column":53}},"9":{"start":{"line":26,"column":37},"end":{"line":26,"column":52}},"10":{"start":{"line":27,"column":38},"end":{"line":27,"column":53}},"11":{"start":{"line":28,"column":37},"end":{"line":28,"column":52}},"12":{"start":{"line":29,"column":38},"end":{"line":29,"column":53}},"13":{"start":{"line":30,"column":37},"end":{"line":30,"column":52}},"14":{"start":{"line":31,"column":39},"end":{"line":31,"column":55}}},"fnMap":{"0":{"name":"(anonymous_0)","decl":{"start":{"line":7,"column":11},"end":{"line":7,"column":12}},"loc":{"start":{"line":7,"column":17},"end":{"line":7,"column":31}},"line":7},"1":{"name":"(anonymous_1)","decl":{"start":{"line":12,"column":11},"end":{"line":12,"column":12}},"loc":{"start":{"line":12,"column":17},"end":{"line":12,"column":31}},"line":12},"2":{"name":"(anonymous_2)","decl":{"start":{"line":17,"column":11},"end":{"line":17,"column":12}},"loc":{"start":{"line":17,"column":17},"end":{"line":17,"column":39}},"line":17},"3":{"name":"(anonymous_3)","decl":{"start":{"line":22,"column":31},"end":{"line":22,"column":32}},"loc":{"start":{"line":22,"column":37},"end":{"line":22,"column":52}},"line":22},"4":{"name":"(anonymous_4)","decl":{"start":{"line":23,"column":32},"end":{"line":23,"column":33}},"loc":{"start":{"line":23,"column":38},"end":{"line":23,"column":53}},"line":23},"5":{"name":"(anonymous_5)","decl":{"start":{"line":24,"column":31},"end":{"line":24,"column":32}},"loc":{"start":{"line":24,"column":37},"end":{"line":24,"column":52}},"line":24},"6":{"name":"(anonymous_6)","decl":{"start":{"line":25,"column":32},"end":{"line":25,"column":33}},"loc":{"start":{"line":25,"column":38},"end":{"line":25,"column":53}},"line":25},"7":{"name":"(anonymous_7)","decl":{"start":{"line":26,"column":31},"end":{"line":26,"column":32}},"loc":{"start":{"line":26,"column":37},"end":{"line":26,"column":52}},"line":26},"8":{"name":"(anonymous_8)","decl":{"start":{"line":27,"column":32},"end":{"line":27,"column":33}},"loc":{"start":{"line":27,"column":38},"end":{"line":27,"column":53}},"line":27},"9":{"name":"(anonymous_9)","decl":{"start":{"line":28,"column":31},"end":{"line":28,"column":32}},"loc":{"start":{"line":28,"column":37},"end":{"line":28,"column":52}},"line":28},"10":{"name":"(anonymous_10)","decl":{"start":{"line":29,"column":32},"end":{"line":29,"column":33}},"loc":{"start":{"line":29,"column":38},"end":{"line":29,"column":53}},"line":29},"11":{"name":"(anonymous_11)","decl":{"start":{"line":30,"column":31},"end":{"line":30,"column":32}},"loc":{"start":{"line":30,"column":37},"end":{"line":30,"column":52}},"line":30},"12":{"name":"(anonymous_12)","decl":{"start":{"line":31,"column":33},"end":{"line":31,"column":34}},"loc":{"start":{"line":31,"column":39},"end":{"line":31,"column":55}},"line":31}},"branchMap":{},"s":{"0":1,"1":0,"2":0,"3":0,"4":1,"5":0,"6":0,"7":0,"8":0,"9":0,"10":0,"11":0,"12":0,"13":0,"14":0},"f":{"0":0,"1":0,"2":0,"3":0,"4":0,"5":0,"6":0,"7":0,"8":0,"9":0,"10":0,"11":0,"12":0},"b":{},"_coverageSchema":"1a1c01bbd47fc00a2c39e90264f33305004495a9","hash":"529ee1434b10f95e837e1aba7ef3640b03dfefe7"}
,"/home/whoami/frontend/commerce-projects/df_boilerplate_ex/src/WelcomePages/WelcomePage7/WelcomePage7.jsx": {"path":"/home/whoami/frontend/commerce-projects/df_boilerplate_ex/src/WelcomePages/WelcomePage7/WelcomePage7.jsx","statementMap":{"0":{"start":{"line":9,"column":28},"end":{"line":34,"column":1}},"1":{"start":{"line":10,"column":1},"end":{"line":33,"column":17}}},"fnMap":{"0":{"name":"(anonymous_0)","decl":{"start":{"line":9,"column":28},"end":{"line":9,"column":29}},"loc":{"start":{"line":10,"column":1},"end":{"line":33,"column":17}},"line":10}},"branchMap":{},"s":{"0":1,"1":4},"f":{"0":4},"b":{},"_coverageSchema":"1a1c01bbd47fc00a2c39e90264f33305004495a9","hash":"23e04a45ada28bd7f48c46c65c602d300e10c336"}
,"/home/whoami/frontend/commerce-projects/df_boilerplate_ex/src/WelcomePages/WelcomePage7/data.js": {"path":"/home/whoami/frontend/commerce-projects/df_boilerplate_ex/src/WelcomePages/WelcomePage7/data.js","statementMap":{"0":{"start":{"line":3,"column":30},"end":{"line":19,"column":1}},"1":{"start":{"line":7,"column":17},"end":{"line":7,"column":31}},"2":{"start":{"line":12,"column":17},"end":{"line":12,"column":31}},"3":{"start":{"line":17,"column":17},"end":{"line":17,"column":39}},"4":{"start":{"line":21,"column":27},"end":{"line":32,"column":1}},"5":{"start":{"line":22,"column":37},"end":{"line":22,"column":52}},"6":{"start":{"line":23,"column":38},"end":{"line":23,"column":53}},"7":{"start":{"line":24,"column":37},"end":{"line":24,"column":52}},"8":{"start":{"line":25,"column":38},"end":{"line":25,"column":53}},"9":{"start":{"line":26,"column":37},"end":{"line":26,"column":52}},"10":{"start":{"line":27,"column":38},"end":{"line":27,"column":53}},"11":{"start":{"line":28,"column":37},"end":{"line":28,"column":52}},"12":{"start":{"line":29,"column":38},"end":{"line":29,"column":53}},"13":{"start":{"line":30,"column":37},"end":{"line":30,"column":52}},"14":{"start":{"line":31,"column":39},"end":{"line":31,"column":55}}},"fnMap":{"0":{"name":"(anonymous_0)","decl":{"start":{"line":7,"column":11},"end":{"line":7,"column":12}},"loc":{"start":{"line":7,"column":17},"end":{"line":7,"column":31}},"line":7},"1":{"name":"(anonymous_1)","decl":{"start":{"line":12,"column":11},"end":{"line":12,"column":12}},"loc":{"start":{"line":12,"column":17},"end":{"line":12,"column":31}},"line":12},"2":{"name":"(anonymous_2)","decl":{"start":{"line":17,"column":11},"end":{"line":17,"column":12}},"loc":{"start":{"line":17,"column":17},"end":{"line":17,"column":39}},"line":17},"3":{"name":"(anonymous_3)","decl":{"start":{"line":22,"column":31},"end":{"line":22,"column":32}},"loc":{"start":{"line":22,"column":37},"end":{"line":22,"column":52}},"line":22},"4":{"name":"(anonymous_4)","decl":{"start":{"line":23,"column":32},"end":{"line":23,"column":33}},"loc":{"start":{"line":23,"column":38},"end":{"line":23,"column":53}},"line":23},"5":{"name":"(anonymous_5)","decl":{"start":{"line":24,"column":31},"end":{"line":24,"column":32}},"loc":{"start":{"line":24,"column":37},"end":{"line":24,"column":52}},"line":24},"6":{"name":"(anonymous_6)","decl":{"start":{"line":25,"column":32},"end":{"line":25,"column":33}},"loc":{"start":{"line":25,"column":38},"end":{"line":25,"column":53}},"line":25},"7":{"name":"(anonymous_7)","decl":{"start":{"line":26,"column":31},"end":{"line":26,"column":32}},"loc":{"start":{"line":26,"column":37},"end":{"line":26,"column":52}},"line":26},"8":{"name":"(anonymous_8)","decl":{"start":{"line":27,"column":32},"end":{"line":27,"column":33}},"loc":{"start":{"line":27,"column":38},"end":{"line":27,"column":53}},"line":27},"9":{"name":"(anonymous_9)","decl":{"start":{"line":28,"column":31},"end":{"line":28,"column":32}},"loc":{"start":{"line":28,"column":37},"end":{"line":28,"column":52}},"line":28},"10":{"name":"(anonymous_10)","decl":{"start":{"line":29,"column":32},"end":{"line":29,"column":33}},"loc":{"start":{"line":29,"column":38},"end":{"line":29,"column":53}},"line":29},"11":{"name":"(anonymous_11)","decl":{"start":{"line":30,"column":31},"end":{"line":30,"column":32}},"loc":{"start":{"line":30,"column":37},"end":{"line":30,"column":52}},"line":30},"12":{"name":"(anonymous_12)","decl":{"start":{"line":31,"column":33},"end":{"line":31,"column":34}},"loc":{"start":{"line":31,"column":39},"end":{"line":31,"column":55}},"line":31}},"branchMap":{},"s":{"0":1,"1":0,"2":0,"3":0,"4":1,"5":0,"6":0,"7":0,"8":0,"9":0,"10":0,"11":0,"12":0,"13":0,"14":0},"f":{"0":0,"1":0,"2":0,"3":0,"4":0,"5":0,"6":0,"7":0,"8":0,"9":0,"10":0,"11":0,"12":0},"b":{},"_coverageSchema":"1a1c01bbd47fc00a2c39e90264f33305004495a9","hash":"40750d89b95aa446d6c6d66a1f00fb935f899d98"}
,"/home/whoami/frontend/commerce-projects/df_boilerplate_ex/src/WelcomePages/WelcomePage8/WelcomePage8.jsx": {"path":"/home/whoami/frontend/commerce-projects/df_boilerplate_ex/src/WelcomePages/WelcomePage8/WelcomePage8.jsx","statementMap":{"0":{"start":{"line":8,"column":28},"end":{"line":25,"column":1}},"1":{"start":{"line":9,"column":1},"end":{"line":24,"column":17}}},"fnMap":{"0":{"name":"(anonymous_0)","decl":{"start":{"line":8,"column":28},"end":{"line":8,"column":29}},"loc":{"start":{"line":9,"column":1},"end":{"line":24,"column":17}},"line":9}},"branchMap":{},"s":{"0":1,"1":4},"f":{"0":4},"b":{},"_coverageSchema":"1a1c01bbd47fc00a2c39e90264f33305004495a9","hash":"bb0079148baba2706f22509a45d032f59a8e4aca"}
,"/home/whoami/frontend/commerce-projects/df_boilerplate_ex/src/WelcomePages/WelcomePage8/data.js": {"path":"/home/whoami/frontend/commerce-projects/df_boilerplate_ex/src/WelcomePages/WelcomePage8/data.js","statementMap":{"0":{"start":{"line":3,"column":30},"end":{"line":19,"column":1}},"1":{"start":{"line":7,"column":17},"end":{"line":7,"column":31}},"2":{"start":{"line":12,"column":17},"end":{"line":12,"column":31}},"3":{"start":{"line":17,"column":17},"end":{"line":17,"column":39}},"4":{"start":{"line":21,"column":27},"end":{"line":32,"column":1}},"5":{"start":{"line":22,"column":37},"end":{"line":22,"column":52}},"6":{"start":{"line":23,"column":38},"end":{"line":23,"column":53}},"7":{"start":{"line":24,"column":37},"end":{"line":24,"column":52}},"8":{"start":{"line":25,"column":38},"end":{"line":25,"column":53}},"9":{"start":{"line":26,"column":37},"end":{"line":26,"column":52}},"10":{"start":{"line":27,"column":38},"end":{"line":27,"column":53}},"11":{"start":{"line":28,"column":37},"end":{"line":28,"column":52}},"12":{"start":{"line":29,"column":38},"end":{"line":29,"column":53}},"13":{"start":{"line":30,"column":37},"end":{"line":30,"column":52}},"14":{"start":{"line":31,"column":39},"end":{"line":31,"column":55}}},"fnMap":{"0":{"name":"(anonymous_0)","decl":{"start":{"line":7,"column":11},"end":{"line":7,"column":12}},"loc":{"start":{"line":7,"column":17},"end":{"line":7,"column":31}},"line":7},"1":{"name":"(anonymous_1)","decl":{"start":{"line":12,"column":11},"end":{"line":12,"column":12}},"loc":{"start":{"line":12,"column":17},"end":{"line":12,"column":31}},"line":12},"2":{"name":"(anonymous_2)","decl":{"start":{"line":17,"column":11},"end":{"line":17,"column":12}},"loc":{"start":{"line":17,"column":17},"end":{"line":17,"column":39}},"line":17},"3":{"name":"(anonymous_3)","decl":{"start":{"line":22,"column":31},"end":{"line":22,"column":32}},"loc":{"start":{"line":22,"column":37},"end":{"line":22,"column":52}},"line":22},"4":{"name":"(anonymous_4)","decl":{"start":{"line":23,"column":32},"end":{"line":23,"column":33}},"loc":{"start":{"line":23,"column":38},"end":{"line":23,"column":53}},"line":23},"5":{"name":"(anonymous_5)","decl":{"start":{"line":24,"column":31},"end":{"line":24,"column":32}},"loc":{"start":{"line":24,"column":37},"end":{"line":24,"column":52}},"line":24},"6":{"name":"(anonymous_6)","decl":{"start":{"line":25,"column":32},"end":{"line":25,"column":33}},"loc":{"start":{"line":25,"column":38},"end":{"line":25,"column":53}},"line":25},"7":{"name":"(anonymous_7)","decl":{"start":{"line":26,"column":31},"end":{"line":26,"column":32}},"loc":{"start":{"line":26,"column":37},"end":{"line":26,"column":52}},"line":26},"8":{"name":"(anonymous_8)","decl":{"start":{"line":27,"column":32},"end":{"line":27,"column":33}},"loc":{"start":{"line":27,"column":38},"end":{"line":27,"column":53}},"line":27},"9":{"name":"(anonymous_9)","decl":{"start":{"line":28,"column":31},"end":{"line":28,"column":32}},"loc":{"start":{"line":28,"column":37},"end":{"line":28,"column":52}},"line":28},"10":{"name":"(anonymous_10)","decl":{"start":{"line":29,"column":32},"end":{"line":29,"column":33}},"loc":{"start":{"line":29,"column":38},"end":{"line":29,"column":53}},"line":29},"11":{"name":"(anonymous_11)","decl":{"start":{"line":30,"column":31},"end":{"line":30,"column":32}},"loc":{"start":{"line":30,"column":37},"end":{"line":30,"column":52}},"line":30},"12":{"name":"(anonymous_12)","decl":{"start":{"line":31,"column":33},"end":{"line":31,"column":34}},"loc":{"start":{"line":31,"column":39},"end":{"line":31,"column":55}},"line":31}},"branchMap":{},"s":{"0":1,"1":0,"2":0,"3":0,"4":1,"5":0,"6":0,"7":0,"8":0,"9":0,"10":0,"11":0,"12":0,"13":0,"14":0},"f":{"0":0,"1":0,"2":0,"3":0,"4":0,"5":0,"6":0,"7":0,"8":0,"9":0,"10":0,"11":0,"12":0},"b":{},"_coverageSchema":"1a1c01bbd47fc00a2c39e90264f33305004495a9","hash":"eda5574dbf29109bdc62661744842c9265085170"}
}
